config ok
listening on 9999
port open. Data rate: 9600
2023-09-21T07:11:37.014Z <Buffer 00>
2023-09-21T07:11:37.801Z <Buffer f2>
2023-09-21T07:11:37.855Z <Buffer ff>
2023-09-21T07:11:37.978Z <Buffer 80>
2023-09-21T07:11:37.982Z <Buffer 29>
2023-09-21T07:11:38.313Z <Buffer 70>
2023-09-21T07:11:39.172Z <Buffer ff>
2023-09-21T07:11:39.683Z <Buffer fe>
2023-09-21T07:11:39.839Z <Buffer e6>
2023-09-21T07:11:39.853Z <Buffer fc>
2023-09-21T07:11:39.942Z <Buffer ff>
2023-09-21T07:11:39.945Z <Buffer fe>
2023-09-21T07:11:39.980Z <Buffer fe>
2023-09-21T07:11:40.027Z <Buffer ff>
2023-09-21T07:11:40.058Z <Buffer fc>
2023-09-21T07:11:40.178Z <Buffer f0>
2023-09-21T07:11:40.185Z <Buffer ff>
2023-09-21T07:11:40.254Z <Buffer fe>
2023-09-21T07:11:45.817Z <Buffer ff>
2023-09-21T07:11:47.634Z <Buffer ff>
2023-09-21T07:11:48.873Z <Buffer 1b>
2023-09-21T07:11:48.874Z <Buffer 5b>
2023-09-21T07:11:48.875Z <Buffer 48>
2023-09-21T07:11:48.877Z <Buffer 1b 5b>
2023-09-21T07:11:48.878Z <Buffer 4a>
2023-09-21T07:11:48.879Z <Buffer 1b>
2023-09-21T07:11:48.880Z <Buffer 5b>
2023-09-21T07:11:48.881Z <Buffer 31>
2023-09-21T07:11:48.885Z <Buffer 3b 31 48>
2023-09-21T07:11:48.887Z <Buffer 65>
2023-09-21T07:11:48.888Z <Buffer 72>
2023-09-21T07:11:48.889Z <Buffer 72>
2023-09-21T07:11:48.890Z <Buffer 6f>
2023-09-21T07:11:48.891Z <Buffer 72>
2023-09-21T07:11:48.892Z <Buffer 3a>
2023-09-21T07:11:48.893Z <Buffer 20>
2023-09-21T07:11:48.894Z <Buffer 66>
2023-09-21T07:11:48.895Z <Buffer 69>
2023-09-21T07:11:48.896Z <Buffer 6c>
2023-09-21T07:11:48.897Z <Buffer 65>
2023-09-21T07:11:48.898Z <Buffer 20>
2023-09-21T07:11:48.901Z <Buffer 60 2f 67>
2023-09-21T07:11:48.902Z <Buffer 72>
2023-09-21T07:11:48.903Z <Buffer 75>
2023-09-21T07:11:48.904Z <Buffer 62>
2023-09-21T07:11:48.905Z <Buffer 2f>
2023-09-21T07:11:48.906Z <Buffer 78>
2023-09-21T07:11:48.907Z <Buffer 38>
2023-09-21T07:11:48.908Z <Buffer 36>
2023-09-21T07:11:48.909Z <Buffer 5f>
2023-09-21T07:11:48.911Z <Buffer 36>
2023-09-21T07:11:48.912Z <Buffer 34>
2023-09-21T07:11:48.912Z <Buffer 2d>
2023-09-21T07:11:48.914Z <Buffer 65>
2023-09-21T07:11:48.915Z <Buffer 66>
2023-09-21T07:11:48.916Z <Buffer 69>
2023-09-21T07:11:48.917Z <Buffer 2f>
2023-09-21T07:11:48.918Z <Buffer 62>
2023-09-21T07:11:48.919Z <Buffer 6c>
2023-09-21T07:11:48.920Z <Buffer 69>
2023-09-21T07:11:48.921Z <Buffer 2e>
2023-09-21T07:11:48.923Z <Buffer 6d>
2023-09-21T07:11:48.923Z <Buffer 6f>
2023-09-21T07:11:48.924Z <Buffer 64>
2023-09-21T07:11:48.925Z <Buffer 27>
2023-09-21T07:11:48.926Z <Buffer 20>
2023-09-21T07:11:48.927Z <Buffer 6e>
2023-09-21T07:11:48.928Z <Buffer 6f>
2023-09-21T07:11:48.929Z <Buffer 74>
2023-09-21T07:11:48.930Z <Buffer 20>
2023-09-21T07:11:48.931Z <Buffer 66>
2023-09-21T07:11:48.932Z <Buffer 6f>
2023-09-21T07:11:48.933Z <Buffer 75>
2023-09-21T07:11:48.934Z <Buffer 6e>
2023-09-21T07:11:48.935Z <Buffer 64>
2023-09-21T07:11:48.936Z <Buffer 2e>
2023-09-21T07:11:48.937Z <Buffer 0a>
2023-09-21T07:11:48.939Z <Buffer 0d>
2023-09-21T07:11:48.940Z <Buffer 1b>
2023-09-21T07:11:48.941Z <Buffer 5b>
2023-09-21T07:11:48.942Z <Buffer 3f>
2023-09-21T07:11:48.944Z <Buffer 32>
2023-09-21T07:11:48.945Z <Buffer 35>
2023-09-21T07:11:48.945Z <Buffer 6c>
2023-09-21T07:11:48.947Z <Buffer 1b>
2023-09-21T07:11:48.948Z <Buffer 5b>
2023-09-21T07:11:48.949Z <Buffer 6d>
2023-09-21T07:11:48.950Z <Buffer 1b>
2023-09-21T07:11:48.951Z <Buffer 5b>
2023-09-21T07:11:48.952Z <Buffer 48>
2023-09-21T07:11:48.953Z <Buffer 1b>
2023-09-21T07:11:48.954Z <Buffer 5b>
2023-09-21T07:11:48.955Z <Buffer 4a>
2023-09-21T07:11:48.956Z <Buffer 1b>
2023-09-21T07:11:48.957Z <Buffer 5b>
2023-09-21T07:11:48.958Z <Buffer 31>
2023-09-21T07:11:48.959Z <Buffer 3b>
2023-09-21T07:11:48.960Z <Buffer 31>
2023-09-21T07:11:48.961Z <Buffer 48>
2023-09-21T07:11:48.962Z <Buffer 1b>
2023-09-21T07:11:48.963Z <Buffer 5b>
2023-09-21T07:11:48.964Z <Buffer 32>
2023-09-21T07:11:48.965Z <Buffer 3b>
2023-09-21T07:11:48.966Z <Buffer 32>
2023-09-21T07:11:48.970Z <Buffer 30 48 47>
2023-09-21T07:11:48.973Z <Buffer 4e>
2023-09-21T07:11:48.974Z <Buffer 55 20 47>
2023-09-21T07:11:48.975Z <Buffer 52>
2023-09-21T07:11:48.976Z <Buffer 55>
2023-09-21T07:11:48.977Z <Buffer 42>
2023-09-21T07:11:48.978Z <Buffer 20>
2023-09-21T07:11:48.979Z <Buffer 20>
2023-09-21T07:11:48.980Z <Buffer 76>
2023-09-21T07:11:48.981Z <Buffer 65>
2023-09-21T07:11:48.982Z <Buffer 72>
2023-09-21T07:11:48.983Z <Buffer 73>
2023-09-21T07:11:48.984Z <Buffer 69>
2023-09-21T07:11:48.985Z <Buffer 6f>
2023-09-21T07:11:48.986Z <Buffer 6e>
2023-09-21T07:11:48.987Z <Buffer 20>
2023-09-21T07:11:48.988Z <Buffer 32>
2023-09-21T07:11:48.989Z <Buffer 3a>
2023-09-21T07:11:48.990Z <Buffer 32>
2023-09-21T07:11:48.991Z <Buffer 2e>
2023-09-21T07:11:48.992Z <Buffer 30>
2023-09-21T07:11:48.993Z <Buffer 36>
2023-09-21T07:11:48.994Z <Buffer 2e>
2023-09-21T07:11:48.995Z <Buffer 72>
2023-09-21T07:11:48.996Z <Buffer 34>
2023-09-21T07:11:48.997Z <Buffer 30>
2023-09-21T07:11:48.999Z <Buffer 33>
2023-09-21T07:11:49.000Z <Buffer 2e>
2023-09-21T07:11:49.000Z <Buffer 67>
2023-09-21T07:11:49.002Z <Buffer 37>
2023-09-21T07:11:49.003Z <Buffer 32>
2023-09-21T07:11:49.004Z <Buffer 35>
2023-09-21T07:11:49.005Z <Buffer 39>
2023-09-21T07:11:49.006Z <Buffer 64>
2023-09-21T07:11:49.007Z <Buffer 35>
2023-09-21T07:11:49.008Z <Buffer 35>
2023-09-21T07:11:49.009Z <Buffer 66>
2023-09-21T07:11:49.010Z <Buffer 66>
2023-09-21T07:11:49.011Z <Buffer 2d>
2023-09-21T07:11:49.012Z <Buffer 31>
2023-09-21T07:11:49.013Z <Buffer 0a>
2023-09-21T07:11:49.014Z <Buffer 0d>
2023-09-21T07:11:49.015Z <Buffer 0a>
2023-09-21T07:11:49.016Z <Buffer 0d>
2023-09-21T07:11:49.017Z <Buffer 1b>
2023-09-21T07:11:49.018Z <Buffer 5b>
2023-09-21T07:11:49.019Z <Buffer 6d>
2023-09-21T07:11:49.020Z <Buffer 1b>
2023-09-21T07:11:49.021Z <Buffer 5b>
2023-09-21T07:11:49.022Z <Buffer 34>
2023-09-21T07:11:49.023Z <Buffer 3b>
2023-09-21T07:11:49.024Z <Buffer 32>
2023-09-21T07:11:49.025Z <Buffer 48>
2023-09-21T07:11:49.026Z <Buffer 2b>
2023-09-21T07:11:49.028Z <Buffer 2d>
2023-09-21T07:11:49.029Z <Buffer 2d>
2023-09-21T07:11:49.030Z <Buffer 2d>
2023-09-21T07:11:49.031Z <Buffer 2d>
2023-09-21T07:11:49.032Z <Buffer 2d>
2023-09-21T07:11:49.033Z <Buffer 2d>
2023-09-21T07:11:49.034Z <Buffer 2d>
2023-09-21T07:11:49.035Z <Buffer 2d>
2023-09-21T07:11:49.036Z <Buffer 2d>
2023-09-21T07:11:49.037Z <Buffer 2d>
2023-09-21T07:11:49.038Z <Buffer 2d>
2023-09-21T07:11:49.039Z <Buffer 2d>
2023-09-21T07:11:49.040Z <Buffer 2d>
2023-09-21T07:11:49.041Z <Buffer 2d>
2023-09-21T07:11:49.042Z <Buffer 2d>
2023-09-21T07:11:49.043Z <Buffer 2d>
2023-09-21T07:11:49.044Z <Buffer 2d>
2023-09-21T07:11:49.045Z <Buffer 2d>
2023-09-21T07:11:49.046Z <Buffer 2d>
2023-09-21T07:11:49.047Z <Buffer 2d>
2023-09-21T07:11:49.048Z <Buffer 2d>
2023-09-21T07:11:49.049Z <Buffer 2d>
2023-09-21T07:11:49.050Z <Buffer 2d>
2023-09-21T07:11:49.051Z <Buffer 2d>
2023-09-21T07:11:49.053Z <Buffer 2d>
2023-09-21T07:11:49.054Z <Buffer 2d>
2023-09-21T07:11:49.055Z <Buffer 2d>
2023-09-21T07:11:49.056Z <Buffer 2d>
2023-09-21T07:11:49.057Z <Buffer 2d>
2023-09-21T07:11:49.058Z <Buffer 2d>
2023-09-21T07:11:49.059Z <Buffer 2d>
2023-09-21T07:11:49.060Z <Buffer 2d>
2023-09-21T07:11:49.061Z <Buffer 2d>
2023-09-21T07:11:49.062Z <Buffer 2d>
2023-09-21T07:11:49.063Z <Buffer 2d>
2023-09-21T07:11:49.064Z <Buffer 2d>
2023-09-21T07:11:49.065Z <Buffer 2d>
2023-09-21T07:11:49.066Z <Buffer 2d>
2023-09-21T07:11:49.067Z <Buffer 2d>
2023-09-21T07:11:49.068Z <Buffer 2d>
2023-09-21T07:11:49.069Z <Buffer 2d>
2023-09-21T07:11:49.070Z <Buffer 2d>
2023-09-21T07:11:49.071Z <Buffer 2d>
2023-09-21T07:11:49.072Z <Buffer 2d>
2023-09-21T07:11:49.073Z <Buffer 2d>
2023-09-21T07:11:49.074Z <Buffer 2d>
2023-09-21T07:11:49.075Z <Buffer 2d>
2023-09-21T07:11:49.076Z <Buffer 2d>
2023-09-21T07:11:49.077Z <Buffer 2d>
2023-09-21T07:11:49.078Z <Buffer 2d>
2023-09-21T07:11:49.080Z <Buffer 2d>
2023-09-21T07:11:49.081Z <Buffer 2d>
2023-09-21T07:11:49.082Z <Buffer 2d>
2023-09-21T07:11:49.083Z <Buffer 2d>
2023-09-21T07:11:49.084Z <Buffer 2d>
2023-09-21T07:11:49.085Z <Buffer 2d>
2023-09-21T07:11:49.086Z <Buffer 2d>
2023-09-21T07:11:49.087Z <Buffer 2d>
2023-09-21T07:11:49.088Z <Buffer 2d>
2023-09-21T07:11:49.089Z <Buffer 2d>
2023-09-21T07:11:49.090Z <Buffer 2d>
2023-09-21T07:11:49.091Z <Buffer 2d>
2023-09-21T07:11:49.092Z <Buffer 2d>
2023-09-21T07:11:49.093Z <Buffer 2d>
2023-09-21T07:11:49.094Z <Buffer 2d>
2023-09-21T07:11:49.095Z <Buffer 2d>
2023-09-21T07:11:49.096Z <Buffer 2d>
2023-09-21T07:11:49.097Z <Buffer 2d>
2023-09-21T07:11:49.098Z <Buffer 2d>
2023-09-21T07:11:49.099Z <Buffer 2d>
2023-09-21T07:11:49.100Z <Buffer 2d>
2023-09-21T07:11:49.101Z <Buffer 2d>
2023-09-21T07:11:49.102Z <Buffer 2d>
2023-09-21T07:11:49.103Z <Buffer 2d>
2023-09-21T07:11:49.104Z <Buffer 2d>
2023-09-21T07:11:49.105Z <Buffer 2d>
2023-09-21T07:11:49.106Z <Buffer 2b>
2023-09-21T07:11:49.108Z <Buffer 1b>
2023-09-21T07:11:49.109Z <Buffer 5b>
2023-09-21T07:11:49.110Z <Buffer 35>
2023-09-21T07:11:49.111Z <Buffer 3b>
2023-09-21T07:11:49.112Z <Buffer 32>
2023-09-21T07:11:49.113Z <Buffer 48>
2023-09-21T07:11:49.114Z <Buffer 7c>
2023-09-21T07:11:49.115Z <Buffer 1b>
2023-09-21T07:11:49.116Z <Buffer 5b>
2023-09-21T07:11:49.117Z <Buffer 35>
2023-09-21T07:11:49.118Z <Buffer 3b>
2023-09-21T07:11:49.119Z <Buffer 37>
2023-09-21T07:11:49.120Z <Buffer 39>
2023-09-21T07:11:49.121Z <Buffer 48>
2023-09-21T07:11:49.122Z <Buffer 7c>
2023-09-21T07:11:49.123Z <Buffer 1b>
2023-09-21T07:11:49.124Z <Buffer 5b>
2023-09-21T07:11:49.125Z <Buffer 36>
2023-09-21T07:11:49.126Z <Buffer 3b>
2023-09-21T07:11:49.128Z <Buffer 32>
2023-09-21T07:11:49.129Z <Buffer 48>
2023-09-21T07:11:49.130Z <Buffer 7c>
2023-09-21T07:11:49.130Z <Buffer 1b>
2023-09-21T07:11:49.131Z <Buffer 5b>
2023-09-21T07:11:49.132Z <Buffer 36>
2023-09-21T07:11:49.134Z <Buffer 3b>
2023-09-21T07:11:49.135Z <Buffer 37>
2023-09-21T07:11:49.136Z <Buffer 39>
2023-09-21T07:11:49.137Z <Buffer 48>
2023-09-21T07:11:49.138Z <Buffer 7c>
2023-09-21T07:11:49.139Z <Buffer 1b>
2023-09-21T07:11:49.140Z <Buffer 5b>
2023-09-21T07:11:49.141Z <Buffer 37>
2023-09-21T07:11:49.142Z <Buffer 3b>
2023-09-21T07:11:49.143Z <Buffer 32>
2023-09-21T07:11:49.144Z <Buffer 48>
2023-09-21T07:11:49.145Z <Buffer 7c>
2023-09-21T07:11:49.146Z <Buffer 1b>
2023-09-21T07:11:49.147Z <Buffer 5b>
2023-09-21T07:11:49.148Z <Buffer 37>
2023-09-21T07:11:49.149Z <Buffer 3b>
2023-09-21T07:11:49.150Z <Buffer 37>
2023-09-21T07:11:49.151Z <Buffer 39>
2023-09-21T07:11:49.152Z <Buffer 48>
2023-09-21T07:11:49.153Z <Buffer 7c>
2023-09-21T07:11:49.154Z <Buffer 1b>
2023-09-21T07:11:49.155Z <Buffer 5b>
2023-09-21T07:11:49.156Z <Buffer 38>
2023-09-21T07:11:49.157Z <Buffer 3b>
2023-09-21T07:11:49.158Z <Buffer 32>
2023-09-21T07:11:49.160Z <Buffer 48>
2023-09-21T07:11:49.161Z <Buffer 7c>
2023-09-21T07:11:49.162Z <Buffer 1b>
2023-09-21T07:11:49.163Z <Buffer 5b>
2023-09-21T07:11:49.164Z <Buffer 38>
2023-09-21T07:11:49.165Z <Buffer 3b>
2023-09-21T07:11:49.166Z <Buffer 37>
2023-09-21T07:11:49.167Z <Buffer 39>
2023-09-21T07:11:49.168Z <Buffer 48>
2023-09-21T07:11:49.169Z <Buffer 7c>
2023-09-21T07:11:49.170Z <Buffer 1b>
2023-09-21T07:11:49.171Z <Buffer 5b>
2023-09-21T07:11:49.172Z <Buffer 39>
2023-09-21T07:11:49.173Z <Buffer 3b>
2023-09-21T07:11:49.174Z <Buffer 32>
2023-09-21T07:11:49.175Z <Buffer 48>
2023-09-21T07:11:49.176Z <Buffer 7c>
2023-09-21T07:11:49.177Z <Buffer 1b>
2023-09-21T07:11:49.178Z <Buffer 5b>
2023-09-21T07:11:49.179Z <Buffer 39>
2023-09-21T07:11:49.180Z <Buffer 3b>
2023-09-21T07:11:49.181Z <Buffer 37>
2023-09-21T07:11:49.182Z <Buffer 39>
2023-09-21T07:11:49.183Z <Buffer 48>
2023-09-21T07:11:49.184Z <Buffer 7c>
2023-09-21T07:11:49.185Z <Buffer 1b>
2023-09-21T07:11:49.187Z <Buffer 5b>
2023-09-21T07:11:49.188Z <Buffer 31>
2023-09-21T07:11:49.189Z <Buffer 30>
2023-09-21T07:11:49.190Z <Buffer 3b>
2023-09-21T07:11:49.191Z <Buffer 32>
2023-09-21T07:11:49.192Z <Buffer 48>
2023-09-21T07:11:49.193Z <Buffer 7c>
2023-09-21T07:11:49.194Z <Buffer 1b>
2023-09-21T07:11:49.195Z <Buffer 5b>
2023-09-21T07:11:49.196Z <Buffer 31>
2023-09-21T07:11:49.197Z <Buffer 30>
2023-09-21T07:11:49.198Z <Buffer 3b>
2023-09-21T07:11:49.199Z <Buffer 37>
2023-09-21T07:11:49.200Z <Buffer 39>
2023-09-21T07:11:49.201Z <Buffer 48>
2023-09-21T07:11:49.203Z <Buffer 7c>
2023-09-21T07:11:49.203Z <Buffer 1b>
2023-09-21T07:11:49.204Z <Buffer 5b>
2023-09-21T07:11:49.205Z <Buffer 31>
2023-09-21T07:11:49.206Z <Buffer 31>
2023-09-21T07:11:49.207Z <Buffer 3b>
2023-09-21T07:11:49.208Z <Buffer 32>
2023-09-21T07:11:49.209Z <Buffer 48>
2023-09-21T07:11:49.210Z <Buffer 7c>
2023-09-21T07:11:49.211Z <Buffer 1b>
2023-09-21T07:11:49.212Z <Buffer 5b>
2023-09-21T07:11:49.214Z <Buffer 31>
2023-09-21T07:11:49.215Z <Buffer 31>
2023-09-21T07:11:49.216Z <Buffer 3b>
2023-09-21T07:11:49.217Z <Buffer 37>
2023-09-21T07:11:49.218Z <Buffer 39>
2023-09-21T07:11:49.219Z <Buffer 48>
2023-09-21T07:11:49.220Z <Buffer 7c>
2023-09-21T07:11:49.221Z <Buffer 1b>
2023-09-21T07:11:49.222Z <Buffer 5b>
2023-09-21T07:11:49.223Z <Buffer 31>
2023-09-21T07:11:49.224Z <Buffer 32>
2023-09-21T07:11:49.225Z <Buffer 3b>
2023-09-21T07:11:49.226Z <Buffer 32>
2023-09-21T07:11:49.227Z <Buffer 48>
2023-09-21T07:11:49.228Z <Buffer 7c>
2023-09-21T07:11:49.229Z <Buffer 1b>
2023-09-21T07:11:49.230Z <Buffer 5b>
2023-09-21T07:11:49.231Z <Buffer 31>
2023-09-21T07:11:49.232Z <Buffer 32>
2023-09-21T07:11:49.233Z <Buffer 3b>
2023-09-21T07:11:49.234Z <Buffer 37>
2023-09-21T07:11:49.235Z <Buffer 39>
2023-09-21T07:11:49.236Z <Buffer 48>
2023-09-21T07:11:49.237Z <Buffer 7c>
2023-09-21T07:11:49.238Z <Buffer 1b>
2023-09-21T07:11:49.240Z <Buffer 5b>
2023-09-21T07:11:49.241Z <Buffer 31>
2023-09-21T07:11:49.242Z <Buffer 33>
2023-09-21T07:11:49.243Z <Buffer 3b>
2023-09-21T07:11:49.244Z <Buffer 32>
2023-09-21T07:11:49.245Z <Buffer 48>
2023-09-21T07:11:49.246Z <Buffer 7c>
2023-09-21T07:11:49.247Z <Buffer 1b>
2023-09-21T07:11:49.248Z <Buffer 5b>
2023-09-21T07:11:49.249Z <Buffer 31>
2023-09-21T07:11:49.250Z <Buffer 33>
2023-09-21T07:11:49.251Z <Buffer 3b>
2023-09-21T07:11:49.252Z <Buffer 37>
2023-09-21T07:11:49.253Z <Buffer 39>
2023-09-21T07:11:49.254Z <Buffer 48>
2023-09-21T07:11:49.255Z <Buffer 7c>
2023-09-21T07:11:49.256Z <Buffer 1b>
2023-09-21T07:11:49.257Z <Buffer 5b>
2023-09-21T07:11:49.258Z <Buffer 31>
2023-09-21T07:11:49.259Z <Buffer 34>
2023-09-21T07:11:49.260Z <Buffer 3b>
2023-09-21T07:11:49.261Z <Buffer 32>
2023-09-21T07:11:49.262Z <Buffer 48>
2023-09-21T07:11:49.263Z <Buffer 7c>
2023-09-21T07:11:49.264Z <Buffer 1b>
2023-09-21T07:11:49.266Z <Buffer 5b>
2023-09-21T07:11:49.267Z <Buffer 31>
2023-09-21T07:11:49.268Z <Buffer 34>
2023-09-21T07:11:49.269Z <Buffer 3b>
2023-09-21T07:11:49.270Z <Buffer 37>
2023-09-21T07:11:49.271Z <Buffer 39>
2023-09-21T07:11:49.272Z <Buffer 48>
2023-09-21T07:11:49.273Z <Buffer 7c>
2023-09-21T07:11:49.274Z <Buffer 1b>
2023-09-21T07:11:49.275Z <Buffer 5b>
2023-09-21T07:11:49.276Z <Buffer 31>
2023-09-21T07:11:49.278Z <Buffer 35>
2023-09-21T07:11:49.278Z <Buffer 3b>
2023-09-21T07:11:49.279Z <Buffer 32>
2023-09-21T07:11:49.280Z <Buffer 48>
2023-09-21T07:11:49.281Z <Buffer 7c>
2023-09-21T07:11:49.282Z <Buffer 1b>
2023-09-21T07:11:49.283Z <Buffer 5b>
2023-09-21T07:11:49.284Z <Buffer 31>
2023-09-21T07:11:49.285Z <Buffer 35>
2023-09-21T07:11:49.286Z <Buffer 3b>
2023-09-21T07:11:49.288Z <Buffer 37>
2023-09-21T07:11:49.288Z <Buffer 39>
2023-09-21T07:11:49.290Z <Buffer 48>
2023-09-21T07:11:49.291Z <Buffer 7c>
2023-09-21T07:11:49.292Z <Buffer 1b>
2023-09-21T07:11:49.293Z <Buffer 5b>
2023-09-21T07:11:49.294Z <Buffer 31>
2023-09-21T07:11:49.295Z <Buffer 36>
2023-09-21T07:11:49.296Z <Buffer 3b>
2023-09-21T07:11:49.297Z <Buffer 32>
2023-09-21T07:11:49.298Z <Buffer 48>
2023-09-21T07:11:49.299Z <Buffer 7c>
2023-09-21T07:11:49.300Z <Buffer 1b>
2023-09-21T07:11:49.301Z <Buffer 5b>
2023-09-21T07:11:49.302Z <Buffer 31>
2023-09-21T07:11:49.303Z <Buffer 36>
2023-09-21T07:11:49.304Z <Buffer 3b>
2023-09-21T07:11:49.305Z <Buffer 37>
2023-09-21T07:11:49.306Z <Buffer 39>
2023-09-21T07:11:49.307Z <Buffer 48>
2023-09-21T07:11:49.308Z <Buffer 7c>
2023-09-21T07:11:49.309Z <Buffer 1b>
2023-09-21T07:11:49.310Z <Buffer 5b>
2023-09-21T07:11:49.312Z <Buffer 31>
2023-09-21T07:11:49.312Z <Buffer 37>
2023-09-21T07:11:49.314Z <Buffer 3b>
2023-09-21T07:11:49.314Z <Buffer 32>
2023-09-21T07:11:49.316Z <Buffer 48>
2023-09-21T07:11:49.317Z <Buffer 2b>
2023-09-21T07:11:49.317Z <Buffer 2d>
2023-09-21T07:11:49.319Z <Buffer 2d>
2023-09-21T07:11:49.320Z <Buffer 2d>
2023-09-21T07:11:49.321Z <Buffer 2d>
2023-09-21T07:11:49.322Z <Buffer 2d>
2023-09-21T07:11:49.323Z <Buffer 2d>
2023-09-21T07:11:49.324Z <Buffer 2d>
2023-09-21T07:11:49.325Z <Buffer 2d>
2023-09-21T07:11:49.326Z <Buffer 2d>
2023-09-21T07:11:49.327Z <Buffer 2d>
2023-09-21T07:11:49.328Z <Buffer 2d>
2023-09-21T07:11:49.329Z <Buffer 2d>
2023-09-21T07:11:49.330Z <Buffer 2d>
2023-09-21T07:11:49.331Z <Buffer 2d>
2023-09-21T07:11:49.332Z <Buffer 2d>
2023-09-21T07:11:49.333Z <Buffer 2d>
2023-09-21T07:11:49.334Z <Buffer 2d>
2023-09-21T07:11:49.335Z <Buffer 2d>
2023-09-21T07:11:49.336Z <Buffer 2d>
2023-09-21T07:11:49.337Z <Buffer 2d>
2023-09-21T07:11:49.338Z <Buffer 2d>
2023-09-21T07:11:49.339Z <Buffer 2d>
2023-09-21T07:11:49.340Z <Buffer 2d>
2023-09-21T07:11:49.341Z <Buffer 2d>
2023-09-21T07:11:49.342Z <Buffer 2d>
2023-09-21T07:11:49.344Z <Buffer 2d>
2023-09-21T07:11:49.345Z <Buffer 2d>
2023-09-21T07:11:49.346Z <Buffer 2d>
2023-09-21T07:11:49.347Z <Buffer 2d>
2023-09-21T07:11:49.348Z <Buffer 2d>
2023-09-21T07:11:49.349Z <Buffer 2d>
2023-09-21T07:11:49.350Z <Buffer 2d>
2023-09-21T07:11:49.351Z <Buffer 2d>
2023-09-21T07:11:49.352Z <Buffer 2d>
2023-09-21T07:11:49.353Z <Buffer 2d>
2023-09-21T07:11:49.354Z <Buffer 2d>
2023-09-21T07:11:49.355Z <Buffer 2d>
2023-09-21T07:11:49.356Z <Buffer 2d>
2023-09-21T07:11:49.357Z <Buffer 2d>
2023-09-21T07:11:49.358Z <Buffer 2d>
2023-09-21T07:11:49.359Z <Buffer 2d>
2023-09-21T07:11:49.360Z <Buffer 2d>
2023-09-21T07:11:49.361Z <Buffer 2d>
2023-09-21T07:11:49.362Z <Buffer 2d>
2023-09-21T07:11:49.363Z <Buffer 2d>
2023-09-21T07:11:49.364Z <Buffer 2d>
2023-09-21T07:11:49.365Z <Buffer 2d>
2023-09-21T07:11:49.366Z <Buffer 2d>
2023-09-21T07:11:49.367Z <Buffer 2d>
2023-09-21T07:11:49.368Z <Buffer 2d>
2023-09-21T07:11:49.369Z <Buffer 2d>
2023-09-21T07:11:49.370Z <Buffer 2d>
2023-09-21T07:11:49.372Z <Buffer 2d>
2023-09-21T07:11:49.373Z <Buffer 2d>
2023-09-21T07:11:49.374Z <Buffer 2d>
2023-09-21T07:11:49.375Z <Buffer 2d>
2023-09-21T07:11:49.376Z <Buffer 2d>
2023-09-21T07:11:49.377Z <Buffer 2d>
2023-09-21T07:11:49.378Z <Buffer 2d>
2023-09-21T07:11:49.379Z <Buffer 2d>
2023-09-21T07:11:49.380Z <Buffer 2d>
2023-09-21T07:11:49.381Z <Buffer 2d>
2023-09-21T07:11:49.382Z <Buffer 2d>
2023-09-21T07:11:49.383Z <Buffer 2d>
2023-09-21T07:11:49.384Z <Buffer 2d>
2023-09-21T07:11:49.385Z <Buffer 2d>
2023-09-21T07:11:49.386Z <Buffer 2d>
2023-09-21T07:11:49.387Z <Buffer 2d>
2023-09-21T07:11:49.388Z <Buffer 2d>
2023-09-21T07:11:49.389Z <Buffer 2d>
2023-09-21T07:11:49.390Z <Buffer 2d>
2023-09-21T07:11:49.391Z <Buffer 2d>
2023-09-21T07:11:49.392Z <Buffer 2d>
2023-09-21T07:11:49.393Z <Buffer 2d>
2023-09-21T07:11:49.394Z <Buffer 2d>
2023-09-21T07:11:49.396Z <Buffer 2d>
2023-09-21T07:11:49.397Z <Buffer 2b>
2023-09-21T07:11:49.398Z <Buffer 1b>
2023-09-21T07:11:49.399Z <Buffer 5b>
2023-09-21T07:11:49.400Z <Buffer 6d>
2023-09-21T07:11:49.401Z <Buffer 1b>
2023-09-21T07:11:49.402Z <Buffer 5b>
2023-09-21T07:11:49.403Z <Buffer 31>
2023-09-21T07:11:49.404Z <Buffer 38>
2023-09-21T07:11:49.405Z <Buffer 3b>
2023-09-21T07:11:49.406Z <Buffer 32>
2023-09-21T07:11:49.407Z <Buffer 48>
2023-09-21T07:11:49.408Z <Buffer 1b>
2023-09-21T07:11:49.409Z <Buffer 5b>
2023-09-21T07:11:49.410Z <Buffer 31>
2023-09-21T07:11:49.411Z <Buffer 39>
2023-09-21T07:11:49.412Z <Buffer 3b>
2023-09-21T07:11:49.413Z <Buffer 32>
2023-09-21T07:11:49.414Z <Buffer 48>
2023-09-21T07:11:49.415Z <Buffer 1b>
2023-09-21T07:11:49.416Z <Buffer 5b>
2023-09-21T07:11:49.417Z <Buffer 6d>
2023-09-21T07:11:49.418Z <Buffer 20>
2023-09-21T07:11:49.419Z <Buffer 20>
2023-09-21T07:11:49.423Z <Buffer 20 20 20>
2023-09-21T07:11:49.424Z <Buffer 55>
2023-09-21T07:11:49.425Z <Buffer 73>
2023-09-21T07:11:49.426Z <Buffer 65>
2023-09-21T07:11:49.427Z <Buffer 20>
2023-09-21T07:11:49.428Z <Buffer 74>
2023-09-21T07:11:49.429Z <Buffer 68>
2023-09-21T07:11:49.430Z <Buffer 65>
2023-09-21T07:11:49.431Z <Buffer 20>
2023-09-21T07:11:49.432Z <Buffer 5e>
2023-09-21T07:11:49.434Z <Buffer 20>
2023-09-21T07:11:49.434Z <Buffer 61>
2023-09-21T07:11:49.435Z <Buffer 6e>
2023-09-21T07:11:49.436Z <Buffer 64>
2023-09-21T07:11:49.437Z <Buffer 20>
2023-09-21T07:11:49.438Z <Buffer 76>
2023-09-21T07:11:49.439Z <Buffer 20>
2023-09-21T07:11:49.440Z <Buffer 6b>
2023-09-21T07:11:49.441Z <Buffer 65>
2023-09-21T07:11:49.442Z <Buffer 79>
2023-09-21T07:11:49.443Z <Buffer 73>
2023-09-21T07:11:49.444Z <Buffer 20>
2023-09-21T07:11:49.445Z <Buffer 74>
2023-09-21T07:11:49.446Z <Buffer 6f>
2023-09-21T07:11:49.447Z <Buffer 20>
2023-09-21T07:11:49.449Z <Buffer 73>
2023-09-21T07:11:49.450Z <Buffer 65>
2023-09-21T07:11:49.451Z <Buffer 6c>
2023-09-21T07:11:49.452Z <Buffer 65>
2023-09-21T07:11:49.453Z <Buffer 63>
2023-09-21T07:11:49.454Z <Buffer 74>
2023-09-21T07:11:49.455Z <Buffer 20>
2023-09-21T07:11:49.456Z <Buffer 77>
2023-09-21T07:11:49.457Z <Buffer 68>
2023-09-21T07:11:49.458Z <Buffer 69>
2023-09-21T07:11:49.459Z <Buffer 63>
2023-09-21T07:11:49.460Z <Buffer 68>
2023-09-21T07:11:49.461Z <Buffer 20>
2023-09-21T07:11:49.462Z <Buffer 65>
2023-09-21T07:11:49.463Z <Buffer 6e>
2023-09-21T07:11:49.464Z <Buffer 74>
2023-09-21T07:11:49.465Z <Buffer 72>
2023-09-21T07:11:49.466Z <Buffer 79>
2023-09-21T07:11:49.467Z <Buffer 20>
2023-09-21T07:11:49.468Z <Buffer 69>
2023-09-21T07:11:49.469Z <Buffer 73>
2023-09-21T07:11:49.470Z <Buffer 20>
2023-09-21T07:11:49.471Z <Buffer 68>
2023-09-21T07:11:49.472Z <Buffer 69>
2023-09-21T07:11:49.473Z <Buffer 67>
2023-09-21T07:11:49.474Z <Buffer 68>
2023-09-21T07:11:49.476Z <Buffer 6c>
2023-09-21T07:11:49.477Z <Buffer 69>
2023-09-21T07:11:49.478Z <Buffer 67>
2023-09-21T07:11:49.479Z <Buffer 68>
2023-09-21T07:11:49.480Z <Buffer 74>
2023-09-21T07:11:49.481Z <Buffer 65>
2023-09-21T07:11:49.482Z <Buffer 64>
2023-09-21T07:11:49.483Z <Buffer 2e>
2023-09-21T07:11:49.484Z <Buffer 20>
2023-09-21T07:11:49.485Z <Buffer 20>
2023-09-21T07:11:49.486Z <Buffer 20>
2023-09-21T07:11:49.487Z <Buffer 20>
2023-09-21T07:11:49.488Z <Buffer 20>
2023-09-21T07:11:49.489Z <Buffer 20>
2023-09-21T07:11:49.490Z <Buffer 20>
2023-09-21T07:11:49.491Z <Buffer 20>
2023-09-21T07:11:49.492Z <Buffer 20>
2023-09-21T07:11:49.493Z <Buffer 20>
2023-09-21T07:11:49.494Z <Buffer 0a>
2023-09-21T07:11:49.495Z <Buffer 0d>
2023-09-21T07:11:49.496Z <Buffer 20>
2023-09-21T07:11:49.497Z <Buffer 20>
2023-09-21T07:11:49.498Z <Buffer 20>
2023-09-21T07:11:49.500Z <Buffer 20>
2023-09-21T07:11:49.501Z <Buffer 20>
2023-09-21T07:11:49.502Z <Buffer 20>
2023-09-21T07:11:49.503Z <Buffer 50>
2023-09-21T07:11:49.504Z <Buffer 72>
2023-09-21T07:11:49.505Z <Buffer 65>
2023-09-21T07:11:49.506Z <Buffer 73>
2023-09-21T07:11:49.507Z <Buffer 73>
2023-09-21T07:11:49.508Z <Buffer 20>
2023-09-21T07:11:49.509Z <Buffer 65>
2023-09-21T07:11:49.510Z <Buffer 6e>
2023-09-21T07:11:49.511Z <Buffer 74>
2023-09-21T07:11:49.512Z <Buffer 65>
2023-09-21T07:11:49.513Z <Buffer 72>
2023-09-21T07:11:49.514Z <Buffer 20>
2023-09-21T07:11:49.515Z <Buffer 74>
2023-09-21T07:11:49.516Z <Buffer 6f>
2023-09-21T07:11:49.517Z <Buffer 20>
2023-09-21T07:11:49.518Z <Buffer 62>
2023-09-21T07:11:49.519Z <Buffer 6f>
2023-09-21T07:11:49.520Z <Buffer 6f>
2023-09-21T07:11:49.521Z <Buffer 74>
2023-09-21T07:11:49.522Z <Buffer 20>
2023-09-21T07:11:49.523Z <Buffer 74>
2023-09-21T07:11:49.524Z <Buffer 68>
2023-09-21T07:11:49.525Z <Buffer 65>
2023-09-21T07:11:49.527Z <Buffer 20>
2023-09-21T07:11:49.528Z <Buffer 73>
2023-09-21T07:11:49.529Z <Buffer 65>
2023-09-21T07:11:49.530Z <Buffer 6c>
2023-09-21T07:11:49.531Z <Buffer 65>
2023-09-21T07:11:49.532Z <Buffer 63>
2023-09-21T07:11:49.533Z <Buffer 74>
2023-09-21T07:11:49.534Z <Buffer 65>
2023-09-21T07:11:49.535Z <Buffer 64>
2023-09-21T07:11:49.536Z <Buffer 20>
2023-09-21T07:11:49.537Z <Buffer 4f>
2023-09-21T07:11:49.538Z <Buffer 53>
2023-09-21T07:11:49.539Z <Buffer 2c>
2023-09-21T07:11:49.540Z <Buffer 20>
2023-09-21T07:11:49.541Z <Buffer 60>
2023-09-21T07:11:49.542Z <Buffer 65>
2023-09-21T07:11:49.543Z <Buffer 27>
2023-09-21T07:11:49.544Z <Buffer 20>
2023-09-21T07:11:49.545Z <Buffer 74>
2023-09-21T07:11:49.546Z <Buffer 6f>
2023-09-21T07:11:49.547Z <Buffer 20>
2023-09-21T07:11:49.548Z <Buffer 65>
2023-09-21T07:11:49.549Z <Buffer 64>
2023-09-21T07:11:49.550Z <Buffer 69>
2023-09-21T07:11:49.552Z <Buffer 74>
2023-09-21T07:11:49.553Z <Buffer 20>
2023-09-21T07:11:49.554Z <Buffer 74>
2023-09-21T07:11:49.555Z <Buffer 68>
2023-09-21T07:11:49.556Z <Buffer 65>
2023-09-21T07:11:49.557Z <Buffer 20>
2023-09-21T07:11:49.558Z <Buffer 63>
2023-09-21T07:11:49.559Z <Buffer 6f>
2023-09-21T07:11:49.560Z <Buffer 6d>
2023-09-21T07:11:49.561Z <Buffer 6d>
2023-09-21T07:11:49.562Z <Buffer 61>
2023-09-21T07:11:49.563Z <Buffer 6e>
2023-09-21T07:11:49.564Z <Buffer 64>
2023-09-21T07:11:49.565Z <Buffer 73>
2023-09-21T07:11:49.566Z <Buffer 20>
2023-09-21T07:11:49.567Z <Buffer 20>
2023-09-21T07:11:49.568Z <Buffer 20>
2023-09-21T07:11:49.569Z <Buffer 20>
2023-09-21T07:11:49.570Z <Buffer 20>
2023-09-21T07:11:49.571Z <Buffer 20>
2023-09-21T07:11:49.572Z <Buffer 20>
2023-09-21T07:11:49.573Z <Buffer 0a>
2023-09-21T07:11:49.574Z <Buffer 0d>
2023-09-21T07:11:49.575Z <Buffer 20>
2023-09-21T07:11:49.576Z <Buffer 20>
2023-09-21T07:11:49.579Z <Buffer 20 20>
2023-09-21T07:11:49.580Z <Buffer 20>
2023-09-21T07:11:49.581Z <Buffer 20>
2023-09-21T07:11:49.582Z <Buffer 62>
2023-09-21T07:11:49.583Z <Buffer 65>
2023-09-21T07:11:49.584Z <Buffer 66>
2023-09-21T07:11:49.585Z <Buffer 6f>
2023-09-21T07:11:49.586Z <Buffer 72>
2023-09-21T07:11:49.587Z <Buffer 65>
2023-09-21T07:11:49.588Z <Buffer 20>
2023-09-21T07:11:49.589Z <Buffer 62>
2023-09-21T07:11:49.590Z <Buffer 6f>
2023-09-21T07:11:49.591Z <Buffer 6f>
2023-09-21T07:11:49.592Z <Buffer 74>
2023-09-21T07:11:49.593Z <Buffer 69>
2023-09-21T07:11:49.594Z <Buffer 6e>
2023-09-21T07:11:49.595Z <Buffer 67>
2023-09-21T07:11:49.596Z <Buffer 20>
2023-09-21T07:11:49.597Z <Buffer 6f>
2023-09-21T07:11:49.598Z <Buffer 72>
2023-09-21T07:11:49.599Z <Buffer 20>
2023-09-21T07:11:49.600Z <Buffer 60>
2023-09-21T07:11:49.601Z <Buffer 63>
2023-09-21T07:11:49.602Z <Buffer 27>
2023-09-21T07:11:49.603Z <Buffer 20>
2023-09-21T07:11:49.604Z <Buffer 66>
2023-09-21T07:11:49.605Z <Buffer 6f>
2023-09-21T07:11:49.607Z <Buffer 72>
2023-09-21T07:11:49.608Z <Buffer 20>
2023-09-21T07:11:49.609Z <Buffer 61>
2023-09-21T07:11:49.610Z <Buffer 20>
2023-09-21T07:11:49.611Z <Buffer 63>
2023-09-21T07:11:49.612Z <Buffer 6f>
2023-09-21T07:11:49.613Z <Buffer 6d>
2023-09-21T07:11:49.614Z <Buffer 6d>
2023-09-21T07:11:49.615Z <Buffer 61>
2023-09-21T07:11:49.616Z <Buffer 6e>
2023-09-21T07:11:49.617Z <Buffer 64>
2023-09-21T07:11:49.618Z <Buffer 2d>
2023-09-21T07:11:49.619Z <Buffer 6c>
2023-09-21T07:11:49.620Z <Buffer 69>
2023-09-21T07:11:49.621Z <Buffer 6e>
2023-09-21T07:11:49.622Z <Buffer 65>
2023-09-21T07:11:49.623Z <Buffer 2e>
2023-09-21T07:11:49.624Z <Buffer 20>
2023-09-21T07:11:49.625Z <Buffer 20>
2023-09-21T07:11:49.626Z <Buffer 20>
2023-09-21T07:11:49.627Z <Buffer 20>
2023-09-21T07:11:49.628Z <Buffer 20>
2023-09-21T07:11:49.629Z <Buffer 20>
2023-09-21T07:11:49.630Z <Buffer 20>
2023-09-21T07:11:49.632Z <Buffer 20>
2023-09-21T07:11:49.633Z <Buffer 20>
2023-09-21T07:11:49.634Z <Buffer 20>
2023-09-21T07:11:49.635Z <Buffer 20>
2023-09-21T07:11:49.636Z <Buffer 20>
2023-09-21T07:11:49.637Z <Buffer 20>
2023-09-21T07:11:49.638Z <Buffer 20>
2023-09-21T07:11:49.639Z <Buffer 20>
2023-09-21T07:11:49.640Z <Buffer 20>
2023-09-21T07:11:49.641Z <Buffer 20>
2023-09-21T07:11:49.642Z <Buffer 20>
2023-09-21T07:11:49.643Z <Buffer 20>
2023-09-21T07:11:49.644Z <Buffer 20>
2023-09-21T07:11:49.645Z <Buffer 20>
2023-09-21T07:11:49.646Z <Buffer 20>
2023-09-21T07:11:49.647Z <Buffer 20>
2023-09-21T07:11:49.648Z <Buffer 20>
2023-09-21T07:11:49.649Z <Buffer 20>
2023-09-21T07:11:49.650Z <Buffer 20>
2023-09-21T07:11:49.651Z <Buffer 20>
2023-09-21T07:11:49.652Z <Buffer 1b>
2023-09-21T07:11:49.653Z <Buffer 5b>
2023-09-21T07:11:49.654Z <Buffer 35>
2023-09-21T07:11:49.655Z <Buffer 3b>
2023-09-21T07:11:49.656Z <Buffer 38>
2023-09-21T07:11:49.657Z <Buffer 30>
2023-09-21T07:11:49.659Z <Buffer 48>
2023-09-21T07:11:49.660Z <Buffer 20>
2023-09-21T07:11:49.661Z <Buffer 1b>
2023-09-21T07:11:49.662Z <Buffer 5b>
2023-09-21T07:11:49.663Z <Buffer 37>
2023-09-21T07:11:49.664Z <Buffer 6d>
2023-09-21T07:11:49.665Z <Buffer 1b>
2023-09-21T07:11:49.666Z <Buffer 5b>
2023-09-21T07:11:49.667Z <Buffer 35>
2023-09-21T07:11:49.668Z <Buffer 3b>
2023-09-21T07:11:49.669Z <Buffer 33>
2023-09-21T07:11:49.670Z <Buffer 48>
2023-09-21T07:11:49.671Z <Buffer 2a>
2023-09-21T07:11:49.672Z <Buffer 41>
2023-09-21T07:11:49.673Z <Buffer 72>
2023-09-21T07:11:49.674Z <Buffer 63>
2023-09-21T07:11:49.675Z <Buffer 68>
2023-09-21T07:11:49.676Z <Buffer 20>
2023-09-21T07:11:49.677Z <Buffer 4c>
2023-09-21T07:11:49.678Z <Buffer 69>
2023-09-21T07:11:49.679Z <Buffer 6e>
2023-09-21T07:11:49.680Z <Buffer 75>
2023-09-21T07:11:49.681Z <Buffer 78>
2023-09-21T07:11:49.682Z <Buffer 20>
2023-09-21T07:11:49.683Z <Buffer 20>
2023-09-21T07:11:49.684Z <Buffer 20>
2023-09-21T07:11:49.686Z <Buffer 20>
2023-09-21T07:11:49.687Z <Buffer 20>
2023-09-21T07:11:49.688Z <Buffer 20>
2023-09-21T07:11:49.689Z <Buffer 20>
2023-09-21T07:11:49.690Z <Buffer 20>
2023-09-21T07:11:49.691Z <Buffer 20>
2023-09-21T07:11:49.692Z <Buffer 20>
2023-09-21T07:11:49.693Z <Buffer 20>
2023-09-21T07:11:49.694Z <Buffer 20>
2023-09-21T07:11:49.695Z <Buffer 20>
2023-09-21T07:11:49.696Z <Buffer 20>
2023-09-21T07:11:49.698Z <Buffer 20>
2023-09-21T07:11:49.698Z <Buffer 20>
2023-09-21T07:11:49.699Z <Buffer 20>
2023-09-21T07:11:49.700Z <Buffer 20>
2023-09-21T07:11:49.701Z <Buffer 20>
2023-09-21T07:11:49.702Z <Buffer 20>
2023-09-21T07:11:49.703Z <Buffer 20>
2023-09-21T07:11:49.704Z <Buffer 20>
2023-09-21T07:11:49.705Z <Buffer 20>
2023-09-21T07:11:49.706Z <Buffer 20>
2023-09-21T07:11:49.707Z <Buffer 20>
2023-09-21T07:11:49.708Z <Buffer 20>
2023-09-21T07:11:49.709Z <Buffer 20>
2023-09-21T07:11:49.711Z <Buffer 20>
2023-09-21T07:11:49.712Z <Buffer 20>
2023-09-21T07:11:49.713Z <Buffer 20>
2023-09-21T07:11:49.714Z <Buffer 20>
2023-09-21T07:11:49.715Z <Buffer 20>
2023-09-21T07:11:49.716Z <Buffer 20>
2023-09-21T07:11:49.717Z <Buffer 20>
2023-09-21T07:11:49.718Z <Buffer 20>
2023-09-21T07:11:49.719Z <Buffer 20>
2023-09-21T07:11:49.720Z <Buffer 20>
2023-09-21T07:11:49.721Z <Buffer 20>
2023-09-21T07:11:49.722Z <Buffer 20>
2023-09-21T07:11:49.723Z <Buffer 20>
2023-09-21T07:11:49.724Z <Buffer 20>
2023-09-21T07:11:49.725Z <Buffer 20>
2023-09-21T07:11:49.726Z <Buffer 20>
2023-09-21T07:11:49.727Z <Buffer 20>
2023-09-21T07:11:49.728Z <Buffer 20>
2023-09-21T07:11:49.729Z <Buffer 20>
2023-09-21T07:11:49.730Z <Buffer 20>
2023-09-21T07:11:49.731Z <Buffer 20>
2023-09-21T07:11:49.732Z <Buffer 20>
2023-09-21T07:11:49.733Z <Buffer 20>
2023-09-21T07:11:49.734Z <Buffer 20>
2023-09-21T07:11:49.735Z <Buffer 20>
2023-09-21T07:11:49.737Z <Buffer 20>
2023-09-21T07:11:49.738Z <Buffer 20>
2023-09-21T07:11:49.739Z <Buffer 20>
2023-09-21T07:11:49.740Z <Buffer 20>
2023-09-21T07:11:49.741Z <Buffer 20>
2023-09-21T07:11:49.742Z <Buffer 20>
2023-09-21T07:11:49.743Z <Buffer 20>
2023-09-21T07:11:49.744Z <Buffer 20>
2023-09-21T07:11:49.745Z <Buffer 20>
2023-09-21T07:11:49.746Z <Buffer 20>
2023-09-21T07:11:49.747Z <Buffer 20>
2023-09-21T07:11:49.748Z <Buffer 20>
2023-09-21T07:11:49.749Z <Buffer 20>
2023-09-21T07:11:49.750Z <Buffer 1b>
2023-09-21T07:11:49.751Z <Buffer 5b>
2023-09-21T07:11:49.752Z <Buffer 6d>
2023-09-21T07:11:49.753Z <Buffer 1b>
2023-09-21T07:11:49.754Z <Buffer 5b>
2023-09-21T07:11:49.755Z <Buffer 35>
2023-09-21T07:11:49.756Z <Buffer 3b>
2023-09-21T07:11:49.757Z <Buffer 37>
2023-09-21T07:11:49.758Z <Buffer 38>
2023-09-21T07:11:49.759Z <Buffer 48>
2023-09-21T07:11:49.760Z <Buffer 1b>
2023-09-21T07:11:49.761Z <Buffer 5b>
2023-09-21T07:11:49.762Z <Buffer 6d>
2023-09-21T07:11:49.764Z <Buffer 1b>
2023-09-21T07:11:49.765Z <Buffer 5b>
2023-09-21T07:11:49.766Z <Buffer 6d>
2023-09-21T07:11:49.767Z <Buffer 1b>
2023-09-21T07:11:49.768Z <Buffer 5b>
2023-09-21T07:11:49.769Z <Buffer 36>
2023-09-21T07:11:49.770Z <Buffer 3b>
2023-09-21T07:11:49.771Z <Buffer 33>
2023-09-21T07:11:49.772Z <Buffer 48>
2023-09-21T07:11:49.773Z <Buffer 20>
2023-09-21T07:11:49.774Z <Buffer 41>
2023-09-21T07:11:49.775Z <Buffer 64>
2023-09-21T07:11:49.776Z <Buffer 76>
2023-09-21T07:11:49.777Z <Buffer 61>
2023-09-21T07:11:49.778Z <Buffer 6e>
2023-09-21T07:11:49.779Z <Buffer 63>
2023-09-21T07:11:49.781Z <Buffer 65>
2023-09-21T07:11:49.782Z <Buffer 64>
2023-09-21T07:11:49.782Z <Buffer 20>
2023-09-21T07:11:49.783Z <Buffer 6f>
2023-09-21T07:11:49.784Z <Buffer 70>
2023-09-21T07:11:49.785Z <Buffer 74>
2023-09-21T07:11:49.786Z <Buffer 69>
2023-09-21T07:11:49.787Z <Buffer 6f>
2023-09-21T07:11:49.788Z <Buffer 6e>
2023-09-21T07:11:49.789Z <Buffer 73>
2023-09-21T07:11:49.790Z <Buffer 20>
2023-09-21T07:11:49.792Z <Buffer 66>
2023-09-21T07:11:49.793Z <Buffer 6f>
2023-09-21T07:11:49.794Z <Buffer 72>
2023-09-21T07:11:49.795Z <Buffer 20>
2023-09-21T07:11:49.796Z <Buffer 41>
2023-09-21T07:11:49.797Z <Buffer 72>
2023-09-21T07:11:49.798Z <Buffer 63>
2023-09-21T07:11:49.799Z <Buffer 68>
2023-09-21T07:11:49.800Z <Buffer 20>
2023-09-21T07:11:49.801Z <Buffer 4c>
2023-09-21T07:11:49.802Z <Buffer 69>
2023-09-21T07:11:49.803Z <Buffer 6e>
2023-09-21T07:11:49.804Z <Buffer 75>
2023-09-21T07:11:49.805Z <Buffer 78>
2023-09-21T07:11:49.806Z <Buffer 20>
2023-09-21T07:11:49.807Z <Buffer 20>
2023-09-21T07:11:49.808Z <Buffer 20>
2023-09-21T07:11:49.809Z <Buffer 20>
2023-09-21T07:11:49.810Z <Buffer 20>
2023-09-21T07:11:49.811Z <Buffer 20>
2023-09-21T07:11:49.812Z <Buffer 20>
2023-09-21T07:11:49.813Z <Buffer 20>
2023-09-21T07:11:49.814Z <Buffer 20>
2023-09-21T07:11:49.815Z <Buffer 20>
2023-09-21T07:11:49.816Z <Buffer 20>
2023-09-21T07:11:49.818Z <Buffer 20>
2023-09-21T07:11:49.819Z <Buffer 20>
2023-09-21T07:11:49.820Z <Buffer 20>
2023-09-21T07:11:49.821Z <Buffer 20>
2023-09-21T07:11:49.822Z <Buffer 20>
2023-09-21T07:11:49.823Z <Buffer 20>
2023-09-21T07:11:49.824Z <Buffer 20>
2023-09-21T07:11:49.825Z <Buffer 20>
2023-09-21T07:11:49.826Z <Buffer 20>
2023-09-21T07:11:49.827Z <Buffer 20>
2023-09-21T07:11:49.828Z <Buffer 20>
2023-09-21T07:11:49.829Z <Buffer 20>
2023-09-21T07:11:49.830Z <Buffer 20>
2023-09-21T07:11:49.831Z <Buffer 20>
2023-09-21T07:11:49.832Z <Buffer 20>
2023-09-21T07:11:49.833Z <Buffer 20>
2023-09-21T07:11:49.834Z <Buffer 20>
2023-09-21T07:11:49.836Z <Buffer 20>
2023-09-21T07:11:49.837Z <Buffer 20>
2023-09-21T07:11:49.838Z <Buffer 20>
2023-09-21T07:11:49.838Z <Buffer 20>
2023-09-21T07:11:49.839Z <Buffer 20>
2023-09-21T07:11:49.840Z <Buffer 20>
2023-09-21T07:11:49.842Z <Buffer 20>
2023-09-21T07:11:49.843Z <Buffer 20>
2023-09-21T07:11:49.844Z <Buffer 20>
2023-09-21T07:11:49.845Z <Buffer 20>
2023-09-21T07:11:49.846Z <Buffer 20>
2023-09-21T07:11:49.847Z <Buffer 20>
2023-09-21T07:11:49.848Z <Buffer 20>
2023-09-21T07:11:49.849Z <Buffer 20>
2023-09-21T07:11:49.850Z <Buffer 20>
2023-09-21T07:11:49.851Z <Buffer 20>
2023-09-21T07:11:49.852Z <Buffer 1b>
2023-09-21T07:11:49.856Z <Buffer 5b 6d 1b>
2023-09-21T07:11:49.857Z <Buffer 5b>
2023-09-21T07:11:49.858Z <Buffer 36>
2023-09-21T07:11:49.859Z <Buffer 3b>
2023-09-21T07:11:49.860Z <Buffer 37>
2023-09-21T07:11:49.861Z <Buffer 38>
2023-09-21T07:11:49.862Z <Buffer 48>
2023-09-21T07:11:49.862Z <Buffer 1b>
2023-09-21T07:11:49.864Z <Buffer 5b>
2023-09-21T07:11:49.864Z <Buffer 6d>
2023-09-21T07:11:49.865Z <Buffer 1b>
2023-09-21T07:11:49.867Z <Buffer 5b>
2023-09-21T07:11:49.868Z <Buffer 6d>
2023-09-21T07:11:49.869Z <Buffer 1b>
2023-09-21T07:11:49.870Z <Buffer 5b>
2023-09-21T07:11:49.871Z <Buffer 37>
2023-09-21T07:11:49.872Z <Buffer 3b>
2023-09-21T07:11:49.873Z <Buffer 33>
2023-09-21T07:11:49.874Z <Buffer 48>
2023-09-21T07:11:49.875Z <Buffer 20>
2023-09-21T07:11:49.876Z <Buffer 57>
2023-09-21T07:11:49.877Z <Buffer 69>
2023-09-21T07:11:49.878Z <Buffer 6e>
2023-09-21T07:11:49.879Z <Buffer 64>
2023-09-21T07:11:49.880Z <Buffer 6f>
2023-09-21T07:11:49.881Z <Buffer 77>
2023-09-21T07:11:49.882Z <Buffer 73>
2023-09-21T07:11:49.883Z <Buffer 20>
2023-09-21T07:11:49.884Z <Buffer 42>
2023-09-21T07:11:49.885Z <Buffer 6f>
2023-09-21T07:11:49.886Z <Buffer 6f>
2023-09-21T07:11:49.887Z <Buffer 74>
2023-09-21T07:11:49.888Z <Buffer 20>
2023-09-21T07:11:49.889Z <Buffer 4d>
2023-09-21T07:11:49.890Z <Buffer 61>
2023-09-21T07:11:49.891Z <Buffer 6e>
2023-09-21T07:11:49.892Z <Buffer 61>
2023-09-21T07:11:49.893Z <Buffer 67>
2023-09-21T07:11:49.894Z <Buffer 65>
2023-09-21T07:11:49.895Z <Buffer 72>
2023-09-21T07:11:49.897Z <Buffer 20>
2023-09-21T07:11:49.898Z <Buffer 28>
2023-09-21T07:11:49.899Z <Buffer 6f>
2023-09-21T07:11:49.900Z <Buffer 6e>
2023-09-21T07:11:49.901Z <Buffer 20>
2023-09-21T07:11:49.902Z <Buffer 2f>
2023-09-21T07:11:49.903Z <Buffer 64>
2023-09-21T07:11:49.904Z <Buffer 65>
2023-09-21T07:11:49.905Z <Buffer 76>
2023-09-21T07:11:49.906Z <Buffer 2f>
2023-09-21T07:11:49.907Z <Buffer 73>
2023-09-21T07:11:49.908Z <Buffer 64>
2023-09-21T07:11:49.909Z <Buffer 62>
2023-09-21T07:11:49.910Z <Buffer 31>
2023-09-21T07:11:49.911Z <Buffer 29>
2023-09-21T07:11:49.912Z <Buffer 20>
2023-09-21T07:11:49.913Z <Buffer 20>
2023-09-21T07:11:49.914Z <Buffer 20>
2023-09-21T07:11:49.915Z <Buffer 20>
2023-09-21T07:11:49.916Z <Buffer 20>
2023-09-21T07:11:49.917Z <Buffer 20>
2023-09-21T07:11:49.919Z <Buffer 20>
2023-09-21T07:11:49.920Z <Buffer 20>
2023-09-21T07:11:49.921Z <Buffer 20>
2023-09-21T07:11:49.921Z <Buffer 20>
2023-09-21T07:11:49.923Z <Buffer 20>
2023-09-21T07:11:49.924Z <Buffer 20>
2023-09-21T07:11:49.925Z <Buffer 20>
2023-09-21T07:11:49.926Z <Buffer 20>
2023-09-21T07:11:49.927Z <Buffer 20>
2023-09-21T07:11:49.928Z <Buffer 20>
2023-09-21T07:11:49.929Z <Buffer 20>
2023-09-21T07:11:49.930Z <Buffer 20>
2023-09-21T07:11:49.931Z <Buffer 20>
2023-09-21T07:11:49.932Z <Buffer 20>
2023-09-21T07:11:49.933Z <Buffer 20>
2023-09-21T07:11:49.934Z <Buffer 20>
2023-09-21T07:11:49.935Z <Buffer 20>
2023-09-21T07:11:49.936Z <Buffer 20>
2023-09-21T07:11:49.937Z <Buffer 20>
2023-09-21T07:11:49.938Z <Buffer 20>
2023-09-21T07:11:49.939Z <Buffer 20>
2023-09-21T07:11:49.940Z <Buffer 20>
2023-09-21T07:11:49.941Z <Buffer 20>
2023-09-21T07:11:49.942Z <Buffer 20>
2023-09-21T07:11:49.945Z <Buffer 20>
2023-09-21T07:11:49.946Z <Buffer 20 20>
2023-09-21T07:11:49.947Z <Buffer 20>
2023-09-21T07:11:49.948Z <Buffer 20>
2023-09-21T07:11:49.949Z <Buffer 20>
2023-09-21T07:11:49.950Z <Buffer 20>
2023-09-21T07:11:49.951Z <Buffer 20>
2023-09-21T07:11:49.952Z <Buffer 20>
2023-09-21T07:11:49.953Z <Buffer 20>
2023-09-21T07:11:49.954Z <Buffer 1b>
2023-09-21T07:11:49.955Z <Buffer 5b>
2023-09-21T07:11:49.956Z <Buffer 6d>
2023-09-21T07:11:49.957Z <Buffer 1b>
2023-09-21T07:11:49.958Z <Buffer 5b>
2023-09-21T07:11:49.959Z <Buffer 37>
2023-09-21T07:11:49.960Z <Buffer 3b>
2023-09-21T07:11:49.961Z <Buffer 37>
2023-09-21T07:11:49.962Z <Buffer 38>
2023-09-21T07:11:49.963Z <Buffer 48>
2023-09-21T07:11:49.964Z <Buffer 1b>
2023-09-21T07:11:49.965Z <Buffer 5b>
2023-09-21T07:11:49.966Z <Buffer 6d>
2023-09-21T07:11:49.967Z <Buffer 1b>
2023-09-21T07:11:49.968Z <Buffer 5b>
2023-09-21T07:11:49.969Z <Buffer 6d>
2023-09-21T07:11:49.970Z <Buffer 1b>
2023-09-21T07:11:49.971Z <Buffer 5b>
2023-09-21T07:11:49.972Z <Buffer 38>
2023-09-21T07:11:49.973Z <Buffer 3b>
2023-09-21T07:11:49.974Z <Buffer 33>
2023-09-21T07:11:49.976Z <Buffer 48>
2023-09-21T07:11:49.977Z <Buffer 20>
2023-09-21T07:11:49.978Z <Buffer 41>
2023-09-21T07:11:49.979Z <Buffer 72>
2023-09-21T07:11:49.980Z <Buffer 63>
2023-09-21T07:11:49.981Z <Buffer 68>
2023-09-21T07:11:49.982Z <Buffer 20>
2023-09-21T07:11:49.983Z <Buffer 4c>
2023-09-21T07:11:49.984Z <Buffer 69>
2023-09-21T07:11:49.985Z <Buffer 6e>
2023-09-21T07:11:49.986Z <Buffer 75>
2023-09-21T07:11:49.987Z <Buffer 78>
2023-09-21T07:11:49.988Z <Buffer 20>
2023-09-21T07:11:49.989Z <Buffer 73>
2023-09-21T07:11:49.990Z <Buffer 6e>
2023-09-21T07:11:49.991Z <Buffer 61>
2023-09-21T07:11:49.992Z <Buffer 70>
2023-09-21T07:11:49.993Z <Buffer 73>
2023-09-21T07:11:49.994Z <Buffer 68>
2023-09-21T07:11:49.995Z <Buffer 6f>
2023-09-21T07:11:49.996Z <Buffer 74>
2023-09-21T07:11:49.998Z <Buffer 73>
2023-09-21T07:11:49.998Z <Buffer 20>
2023-09-21T07:11:49.999Z <Buffer 20>
2023-09-21T07:11:50.000Z <Buffer 20>
2023-09-21T07:11:50.002Z <Buffer 20>
2023-09-21T07:11:50.003Z <Buffer 20>
2023-09-21T07:11:50.004Z <Buffer 20>
2023-09-21T07:11:50.005Z <Buffer 20>
2023-09-21T07:11:50.006Z <Buffer 20>
2023-09-21T07:11:50.007Z <Buffer 20>
2023-09-21T07:11:50.008Z <Buffer 20>
2023-09-21T07:11:50.009Z <Buffer 20>
2023-09-21T07:11:50.010Z <Buffer 20>
2023-09-21T07:11:50.011Z <Buffer 20>
2023-09-21T07:11:50.012Z <Buffer 20>
2023-09-21T07:11:50.013Z <Buffer 20>
2023-09-21T07:11:50.014Z <Buffer 20>
2023-09-21T07:11:50.015Z <Buffer 20>
2023-09-21T07:11:50.016Z <Buffer 20>
2023-09-21T07:11:50.017Z <Buffer 20>
2023-09-21T07:11:50.018Z <Buffer 20>
2023-09-21T07:11:50.019Z <Buffer 20>
2023-09-21T07:11:50.020Z <Buffer 20>
2023-09-21T07:11:50.021Z <Buffer 20>
2023-09-21T07:11:50.022Z <Buffer 20>
2023-09-21T07:11:50.023Z <Buffer 20>
2023-09-21T07:11:50.024Z <Buffer 20>
2023-09-21T07:11:50.025Z <Buffer 20>
2023-09-21T07:11:50.026Z <Buffer 20>
2023-09-21T07:11:50.028Z <Buffer 20>
2023-09-21T07:11:50.029Z <Buffer 20>
2023-09-21T07:11:50.030Z <Buffer 20>
2023-09-21T07:11:50.031Z <Buffer 20>
2023-09-21T07:11:50.032Z <Buffer 20>
2023-09-21T07:11:50.033Z <Buffer 20>
2023-09-21T07:11:50.034Z <Buffer 20>
2023-09-21T07:11:50.035Z <Buffer 20>
2023-09-21T07:11:50.036Z <Buffer 20>
2023-09-21T07:11:50.037Z <Buffer 20>
2023-09-21T07:11:50.038Z <Buffer 20>
2023-09-21T07:11:50.039Z <Buffer 20>
2023-09-21T07:11:50.040Z <Buffer 20>
2023-09-21T07:11:50.041Z <Buffer 20>
2023-09-21T07:11:50.042Z <Buffer 20>
2023-09-21T07:11:50.043Z <Buffer 20>
2023-09-21T07:11:50.044Z <Buffer 20>
2023-09-21T07:11:50.045Z <Buffer 20>
2023-09-21T07:11:50.046Z <Buffer 20>
2023-09-21T07:11:50.047Z <Buffer 20>
2023-09-21T07:11:50.048Z <Buffer 20>
2023-09-21T07:11:50.049Z <Buffer 20>
2023-09-21T07:11:50.052Z <Buffer 20 20>
2023-09-21T07:11:50.053Z <Buffer 20>
2023-09-21T07:11:50.054Z <Buffer 20>
2023-09-21T07:11:50.055Z <Buffer 20>
2023-09-21T07:11:50.056Z <Buffer 1b>
2023-09-21T07:11:50.057Z <Buffer 5b>
2023-09-21T07:11:50.058Z <Buffer 6d>
2023-09-21T07:11:50.059Z <Buffer 1b>
2023-09-21T07:11:50.060Z <Buffer 5b>
2023-09-21T07:11:50.061Z <Buffer 38>
2023-09-21T07:11:50.062Z <Buffer 3b>
2023-09-21T07:11:50.063Z <Buffer 37>
2023-09-21T07:11:50.064Z <Buffer 38>
2023-09-21T07:11:50.065Z <Buffer 48>
2023-09-21T07:11:50.066Z <Buffer 1b>
2023-09-21T07:11:50.067Z <Buffer 5b>
2023-09-21T07:11:50.068Z <Buffer 6d>
2023-09-21T07:11:50.069Z <Buffer 1b>
2023-09-21T07:11:50.070Z <Buffer 5b>
2023-09-21T07:11:50.071Z <Buffer 6d>
2023-09-21T07:11:50.072Z <Buffer 1b>
2023-09-21T07:11:50.073Z <Buffer 5b>
2023-09-21T07:11:50.074Z <Buffer 39>
2023-09-21T07:11:50.075Z <Buffer 3b>
2023-09-21T07:11:50.076Z <Buffer 33>
2023-09-21T07:11:50.078Z <Buffer 48>
2023-09-21T07:11:50.079Z <Buffer 20>
2023-09-21T07:11:50.080Z <Buffer 20>
2023-09-21T07:11:50.081Z <Buffer 20>
2023-09-21T07:11:50.082Z <Buffer 20>
2023-09-21T07:11:50.083Z <Buffer 20>
2023-09-21T07:11:50.084Z <Buffer 20>
2023-09-21T07:11:50.085Z <Buffer 20>
2023-09-21T07:11:50.086Z <Buffer 20>
2023-09-21T07:11:50.087Z <Buffer 20>
2023-09-21T07:11:50.088Z <Buffer 20>
2023-09-21T07:11:50.089Z <Buffer 20>
2023-09-21T07:11:50.090Z <Buffer 20>
2023-09-21T07:11:50.091Z <Buffer 20>
2023-09-21T07:11:50.092Z <Buffer 20>
2023-09-21T07:11:50.093Z <Buffer 20>
2023-09-21T07:11:50.094Z <Buffer 20>
2023-09-21T07:11:50.095Z <Buffer 20>
2023-09-21T07:11:50.096Z <Buffer 20>
2023-09-21T07:11:50.097Z <Buffer 20>
2023-09-21T07:11:50.098Z <Buffer 20>
2023-09-21T07:11:50.099Z <Buffer 20>
2023-09-21T07:11:50.100Z <Buffer 20>
2023-09-21T07:11:50.101Z <Buffer 20>
2023-09-21T07:11:50.102Z <Buffer 20>
2023-09-21T07:11:50.104Z <Buffer 20>
2023-09-21T07:11:50.105Z <Buffer 20>
2023-09-21T07:11:50.106Z <Buffer 20>
2023-09-21T07:11:50.107Z <Buffer 20>
2023-09-21T07:11:50.108Z <Buffer 20>
2023-09-21T07:11:50.109Z <Buffer 20>
2023-09-21T07:11:50.110Z <Buffer 20>
2023-09-21T07:11:50.111Z <Buffer 20>
2023-09-21T07:11:50.112Z <Buffer 20>
2023-09-21T07:11:50.113Z <Buffer 20>
2023-09-21T07:11:50.114Z <Buffer 20>
2023-09-21T07:11:50.115Z <Buffer 20>
2023-09-21T07:11:50.116Z <Buffer 20>
2023-09-21T07:11:50.117Z <Buffer 20>
2023-09-21T07:11:50.118Z <Buffer 20>
2023-09-21T07:11:50.119Z <Buffer 20>
2023-09-21T07:11:50.120Z <Buffer 20>
2023-09-21T07:11:50.121Z <Buffer 20>
2023-09-21T07:11:50.122Z <Buffer 20>
2023-09-21T07:11:50.123Z <Buffer 20>
2023-09-21T07:11:50.124Z <Buffer 20>
2023-09-21T07:11:50.125Z <Buffer 20>
2023-09-21T07:11:50.126Z <Buffer 20>
2023-09-21T07:11:50.127Z <Buffer 20>
2023-09-21T07:11:50.128Z <Buffer 20>
2023-09-21T07:11:50.129Z <Buffer 20>
2023-09-21T07:11:50.131Z <Buffer 20>
2023-09-21T07:11:50.132Z <Buffer 20>
2023-09-21T07:11:50.133Z <Buffer 20>
2023-09-21T07:11:50.134Z <Buffer 20>
2023-09-21T07:11:50.135Z <Buffer 20>
2023-09-21T07:11:50.136Z <Buffer 20>
2023-09-21T07:11:50.137Z <Buffer 20>
2023-09-21T07:11:50.138Z <Buffer 20>
2023-09-21T07:11:50.139Z <Buffer 20>
2023-09-21T07:11:50.140Z <Buffer 20>
2023-09-21T07:11:50.141Z <Buffer 20>
2023-09-21T07:11:50.142Z <Buffer 20>
2023-09-21T07:11:50.143Z <Buffer 20>
2023-09-21T07:11:50.144Z <Buffer 20>
2023-09-21T07:11:50.145Z <Buffer 20>
2023-09-21T07:11:50.146Z <Buffer 20>
2023-09-21T07:11:50.147Z <Buffer 20>
2023-09-21T07:11:50.148Z <Buffer 20>
2023-09-21T07:11:50.149Z <Buffer 20>
2023-09-21T07:11:50.150Z <Buffer 20>
2023-09-21T07:11:50.151Z <Buffer 20>
2023-09-21T07:11:50.152Z <Buffer 20>
2023-09-21T07:11:50.153Z <Buffer 20>
2023-09-21T07:11:50.154Z <Buffer 20>
2023-09-21T07:11:50.156Z <Buffer 20>
2023-09-21T07:11:50.157Z <Buffer 20>
2023-09-21T07:11:50.158Z <Buffer 1b>
2023-09-21T07:11:50.159Z <Buffer 5b>
2023-09-21T07:11:50.160Z <Buffer 6d>
2023-09-21T07:11:50.161Z <Buffer 1b>
2023-09-21T07:11:50.162Z <Buffer 5b>
2023-09-21T07:11:50.163Z <Buffer 39>
2023-09-21T07:11:50.164Z <Buffer 3b>
2023-09-21T07:11:50.165Z <Buffer 37>
2023-09-21T07:11:50.166Z <Buffer 38>
2023-09-21T07:11:50.167Z <Buffer 48>
2023-09-21T07:11:50.168Z <Buffer 1b>
2023-09-21T07:11:50.169Z <Buffer 5b>
2023-09-21T07:11:50.170Z <Buffer 6d>
2023-09-21T07:11:50.171Z <Buffer 1b>
2023-09-21T07:11:50.172Z <Buffer 5b>
2023-09-21T07:11:50.173Z <Buffer 6d>
2023-09-21T07:11:50.174Z <Buffer 1b>
2023-09-21T07:11:50.175Z <Buffer 5b>
2023-09-21T07:11:50.176Z <Buffer 31>
2023-09-21T07:11:50.177Z <Buffer 30>
2023-09-21T07:11:50.178Z <Buffer 3b>
2023-09-21T07:11:50.179Z <Buffer 33>
2023-09-21T07:11:50.180Z <Buffer 48>
2023-09-21T07:11:50.181Z <Buffer 20>
2023-09-21T07:11:50.182Z <Buffer 20>
2023-09-21T07:11:50.184Z <Buffer 20>
2023-09-21T07:11:50.185Z <Buffer 20>
2023-09-21T07:11:50.186Z <Buffer 20>
2023-09-21T07:11:50.187Z <Buffer 20>
2023-09-21T07:11:50.188Z <Buffer 20>
2023-09-21T07:11:50.189Z <Buffer 20>
2023-09-21T07:11:50.190Z <Buffer 20>
2023-09-21T07:11:50.191Z <Buffer 20>
2023-09-21T07:11:50.192Z <Buffer 20>
2023-09-21T07:11:50.193Z <Buffer 20>
2023-09-21T07:11:50.194Z <Buffer 20>
2023-09-21T07:11:50.195Z <Buffer 20>
2023-09-21T07:11:50.196Z <Buffer 20>
2023-09-21T07:11:50.197Z <Buffer 20>
2023-09-21T07:11:50.198Z <Buffer 20>
2023-09-21T07:11:50.199Z <Buffer 20>
2023-09-21T07:11:50.200Z <Buffer 20>
2023-09-21T07:11:50.201Z <Buffer 20>
2023-09-21T07:11:50.202Z <Buffer 20>
2023-09-21T07:11:50.203Z <Buffer 20>
2023-09-21T07:11:50.204Z <Buffer 20>
2023-09-21T07:11:50.205Z <Buffer 20>
2023-09-21T07:11:50.206Z <Buffer 20>
2023-09-21T07:11:50.207Z <Buffer 20>
2023-09-21T07:11:50.208Z <Buffer 20>
2023-09-21T07:11:50.210Z <Buffer 20>
2023-09-21T07:11:50.211Z <Buffer 20>
2023-09-21T07:11:50.212Z <Buffer 20>
2023-09-21T07:11:50.213Z <Buffer 20>
2023-09-21T07:11:50.214Z <Buffer 20>
2023-09-21T07:11:50.215Z <Buffer 20>
2023-09-21T07:11:50.216Z <Buffer 20>
2023-09-21T07:11:50.217Z <Buffer 20>
2023-09-21T07:11:50.218Z <Buffer 20>
2023-09-21T07:11:50.219Z <Buffer 20>
2023-09-21T07:11:50.220Z <Buffer 20>
2023-09-21T07:11:50.221Z <Buffer 20>
2023-09-21T07:11:50.222Z <Buffer 20>
2023-09-21T07:11:50.223Z <Buffer 20>
2023-09-21T07:11:50.224Z <Buffer 20>
2023-09-21T07:11:50.225Z <Buffer 20>
2023-09-21T07:11:50.226Z <Buffer 20>
2023-09-21T07:11:50.227Z <Buffer 20>
2023-09-21T07:11:50.228Z <Buffer 20>
2023-09-21T07:11:50.229Z <Buffer 20>
2023-09-21T07:11:50.230Z <Buffer 20>
2023-09-21T07:11:50.231Z <Buffer 20>
2023-09-21T07:11:50.232Z <Buffer 20>
2023-09-21T07:11:50.233Z <Buffer 20>
2023-09-21T07:11:50.234Z <Buffer 20>
2023-09-21T07:11:50.236Z <Buffer 20>
2023-09-21T07:11:50.237Z <Buffer 20>
2023-09-21T07:11:50.238Z <Buffer 20>
2023-09-21T07:11:50.239Z <Buffer 20>
2023-09-21T07:11:50.240Z <Buffer 20>
2023-09-21T07:11:50.241Z <Buffer 20>
2023-09-21T07:11:50.242Z <Buffer 20>
2023-09-21T07:11:50.243Z <Buffer 20>
2023-09-21T07:11:50.244Z <Buffer 20>
2023-09-21T07:11:50.245Z <Buffer 20>
2023-09-21T07:11:50.246Z <Buffer 20>
2023-09-21T07:11:50.247Z <Buffer 20>
2023-09-21T07:11:50.248Z <Buffer 20>
2023-09-21T07:11:50.249Z <Buffer 20>
2023-09-21T07:11:50.250Z <Buffer 20>
2023-09-21T07:11:50.251Z <Buffer 20>
2023-09-21T07:11:50.252Z <Buffer 20>
2023-09-21T07:11:50.253Z <Buffer 20>
2023-09-21T07:11:50.254Z <Buffer 20>
2023-09-21T07:11:50.255Z <Buffer 20>
2023-09-21T07:11:50.256Z <Buffer 20>
2023-09-21T07:11:50.257Z <Buffer 20>
2023-09-21T07:11:50.258Z <Buffer 20>
2023-09-21T07:11:50.259Z <Buffer 20>
2023-09-21T07:11:50.260Z <Buffer 1b>
2023-09-21T07:11:50.262Z <Buffer 5b>
2023-09-21T07:11:50.263Z <Buffer 6d>
2023-09-21T07:11:50.264Z <Buffer 1b>
2023-09-21T07:11:50.265Z <Buffer 5b>
2023-09-21T07:11:50.266Z <Buffer 31>
2023-09-21T07:11:50.267Z <Buffer 30>
2023-09-21T07:11:50.268Z <Buffer 3b>
2023-09-21T07:11:50.269Z <Buffer 37>
2023-09-21T07:11:50.270Z <Buffer 38>
2023-09-21T07:11:50.271Z <Buffer 48>
2023-09-21T07:11:50.272Z <Buffer 1b>
2023-09-21T07:11:50.273Z <Buffer 5b>
2023-09-21T07:11:50.274Z <Buffer 6d>
2023-09-21T07:11:50.275Z <Buffer 1b>
2023-09-21T07:11:50.276Z <Buffer 5b>
2023-09-21T07:11:50.277Z <Buffer 6d>
2023-09-21T07:11:50.278Z <Buffer 1b>
2023-09-21T07:11:50.279Z <Buffer 5b>
2023-09-21T07:11:50.280Z <Buffer 31>
2023-09-21T07:11:50.281Z <Buffer 31>
2023-09-21T07:11:50.282Z <Buffer 3b>
2023-09-21T07:11:50.284Z <Buffer 33>
2023-09-21T07:11:50.285Z <Buffer 48>
2023-09-21T07:11:50.285Z <Buffer 20>
2023-09-21T07:11:50.287Z <Buffer 20>
2023-09-21T07:11:50.288Z <Buffer 20>
2023-09-21T07:11:50.288Z <Buffer 20>
2023-09-21T07:11:50.290Z <Buffer 20>
2023-09-21T07:11:50.291Z <Buffer 20>
2023-09-21T07:11:50.292Z <Buffer 20>
2023-09-21T07:11:50.293Z <Buffer 20>
2023-09-21T07:11:50.294Z <Buffer 20>
2023-09-21T07:11:50.295Z <Buffer 20>
2023-09-21T07:11:50.296Z <Buffer 20>
2023-09-21T07:11:50.297Z <Buffer 20>
2023-09-21T07:11:50.298Z <Buffer 20>
2023-09-21T07:11:50.299Z <Buffer 20>
2023-09-21T07:11:50.300Z <Buffer 20>
2023-09-21T07:11:50.301Z <Buffer 20>
2023-09-21T07:11:50.302Z <Buffer 20>
2023-09-21T07:11:50.303Z <Buffer 20>
2023-09-21T07:11:50.304Z <Buffer 20>
2023-09-21T07:11:50.305Z <Buffer 20>
2023-09-21T07:11:50.306Z <Buffer 20>
2023-09-21T07:11:50.308Z <Buffer 20>
2023-09-21T07:11:50.308Z <Buffer 20>
2023-09-21T07:11:50.309Z <Buffer 20>
2023-09-21T07:11:50.310Z <Buffer 20>
2023-09-21T07:11:50.311Z <Buffer 20>
2023-09-21T07:11:50.312Z <Buffer 20>
2023-09-21T07:11:50.313Z <Buffer 20>
2023-09-21T07:11:50.314Z <Buffer 20>
2023-09-21T07:11:50.316Z <Buffer 20>
2023-09-21T07:11:50.317Z <Buffer 20>
2023-09-21T07:11:50.318Z <Buffer 20>
2023-09-21T07:11:50.319Z <Buffer 20>
2023-09-21T07:11:50.320Z <Buffer 20>
2023-09-21T07:11:50.321Z <Buffer 20>
2023-09-21T07:11:50.322Z <Buffer 20>
2023-09-21T07:11:50.323Z <Buffer 20>
2023-09-21T07:11:50.324Z <Buffer 20>
2023-09-21T07:11:50.325Z <Buffer 20>
2023-09-21T07:11:50.326Z <Buffer 20>
2023-09-21T07:11:50.327Z <Buffer 20>
2023-09-21T07:11:50.328Z <Buffer 20>
2023-09-21T07:11:50.329Z <Buffer 20>
2023-09-21T07:11:50.330Z <Buffer 20>
2023-09-21T07:11:50.331Z <Buffer 20>
2023-09-21T07:11:50.332Z <Buffer 20>
2023-09-21T07:11:50.333Z <Buffer 20>
2023-09-21T07:11:50.334Z <Buffer 20>
2023-09-21T07:11:50.335Z <Buffer 20>
2023-09-21T07:11:50.336Z <Buffer 20>
2023-09-21T07:11:50.337Z <Buffer 20>
2023-09-21T07:11:50.338Z <Buffer 20>
2023-09-21T07:11:50.340Z <Buffer 20>
2023-09-21T07:11:50.340Z <Buffer 20>
2023-09-21T07:11:50.342Z <Buffer 20>
2023-09-21T07:11:50.343Z <Buffer 20>
2023-09-21T07:11:50.344Z <Buffer 20>
2023-09-21T07:11:50.345Z <Buffer 20>
2023-09-21T07:11:50.346Z <Buffer 20>
2023-09-21T07:11:50.347Z <Buffer 20>
2023-09-21T07:11:50.348Z <Buffer 20>
2023-09-21T07:11:50.349Z <Buffer 20>
2023-09-21T07:11:50.350Z <Buffer 20>
2023-09-21T07:11:50.351Z <Buffer 20>
2023-09-21T07:11:50.352Z <Buffer 20>
2023-09-21T07:11:50.353Z <Buffer 20>
2023-09-21T07:11:50.354Z <Buffer 20>
2023-09-21T07:11:50.355Z <Buffer 20>
2023-09-21T07:11:50.357Z <Buffer 20 20>
2023-09-21T07:11:50.358Z <Buffer 20>
2023-09-21T07:11:50.359Z <Buffer 20>
2023-09-21T07:11:50.360Z <Buffer 20>
2023-09-21T07:11:50.361Z <Buffer 20>
2023-09-21T07:11:50.362Z <Buffer 20>
2023-09-21T07:11:50.363Z <Buffer 20>
2023-09-21T07:11:50.365Z <Buffer 1b>
2023-09-21T07:11:50.366Z <Buffer 5b>
2023-09-21T07:11:50.367Z <Buffer 6d>
2023-09-21T07:11:50.368Z <Buffer 1b>
2023-09-21T07:11:50.369Z <Buffer 5b>
2023-09-21T07:11:50.370Z <Buffer 31>
2023-09-21T07:11:50.371Z <Buffer 31>
2023-09-21T07:11:50.372Z <Buffer 3b>
2023-09-21T07:11:50.373Z <Buffer 37>
2023-09-21T07:11:50.374Z <Buffer 38>
2023-09-21T07:11:50.375Z <Buffer 48>
2023-09-21T07:11:50.376Z <Buffer 1b>
2023-09-21T07:11:50.377Z <Buffer 5b>
2023-09-21T07:11:50.378Z <Buffer 6d>
2023-09-21T07:11:50.379Z <Buffer 1b>
2023-09-21T07:11:50.380Z <Buffer 5b>
2023-09-21T07:11:50.381Z <Buffer 6d>
2023-09-21T07:11:50.382Z <Buffer 1b>
2023-09-21T07:11:50.383Z <Buffer 5b>
2023-09-21T07:11:50.384Z <Buffer 31>
2023-09-21T07:11:50.385Z <Buffer 32>
2023-09-21T07:11:50.386Z <Buffer 3b>
2023-09-21T07:11:50.388Z <Buffer 33>
2023-09-21T07:11:50.388Z <Buffer 48>
2023-09-21T07:11:50.389Z <Buffer 20>
2023-09-21T07:11:50.391Z <Buffer 20>
2023-09-21T07:11:50.392Z <Buffer 20>
2023-09-21T07:11:50.393Z <Buffer 20>
2023-09-21T07:11:50.394Z <Buffer 20>
2023-09-21T07:11:50.395Z <Buffer 20>
2023-09-21T07:11:50.396Z <Buffer 20>
2023-09-21T07:11:50.397Z <Buffer 20>
2023-09-21T07:11:50.398Z <Buffer 20>
2023-09-21T07:11:50.399Z <Buffer 20>
2023-09-21T07:11:50.400Z <Buffer 20>
2023-09-21T07:11:50.401Z <Buffer 20>
2023-09-21T07:11:50.402Z <Buffer 20>
2023-09-21T07:11:50.403Z <Buffer 20>
2023-09-21T07:11:50.404Z <Buffer 20>
2023-09-21T07:11:50.405Z <Buffer 20>
2023-09-21T07:11:50.406Z <Buffer 20>
2023-09-21T07:11:50.407Z <Buffer 20>
2023-09-21T07:11:50.408Z <Buffer 20>
2023-09-21T07:11:50.409Z <Buffer 20>
2023-09-21T07:11:50.410Z <Buffer 20>
2023-09-21T07:11:50.411Z <Buffer 20>
2023-09-21T07:11:50.412Z <Buffer 20>
2023-09-21T07:11:50.413Z <Buffer 20>
2023-09-21T07:11:50.414Z <Buffer 20>
2023-09-21T07:11:50.415Z <Buffer 20>
2023-09-21T07:11:50.416Z <Buffer 20>
2023-09-21T07:11:50.418Z <Buffer 20>
2023-09-21T07:11:50.418Z <Buffer 20>
2023-09-21T07:11:50.420Z <Buffer 20>
2023-09-21T07:11:50.421Z <Buffer 20>
2023-09-21T07:11:50.422Z <Buffer 20>
2023-09-21T07:11:50.423Z <Buffer 20>
2023-09-21T07:11:50.424Z <Buffer 20>
2023-09-21T07:11:50.425Z <Buffer 20>
2023-09-21T07:11:50.426Z <Buffer 20>
2023-09-21T07:11:50.427Z <Buffer 20>
2023-09-21T07:11:50.428Z <Buffer 20>
2023-09-21T07:11:50.429Z <Buffer 20>
2023-09-21T07:11:50.430Z <Buffer 20>
2023-09-21T07:11:50.431Z <Buffer 20>
2023-09-21T07:11:50.432Z <Buffer 20>
2023-09-21T07:11:50.433Z <Buffer 20>
2023-09-21T07:11:50.434Z <Buffer 20>
2023-09-21T07:11:50.435Z <Buffer 20>
2023-09-21T07:11:50.436Z <Buffer 20>
2023-09-21T07:11:50.437Z <Buffer 20>
2023-09-21T07:11:50.438Z <Buffer 20>
2023-09-21T07:11:50.439Z <Buffer 20>
2023-09-21T07:11:50.440Z <Buffer 20>
2023-09-21T07:11:50.441Z <Buffer 20>
2023-09-21T07:11:50.442Z <Buffer 20>
2023-09-21T07:11:50.443Z <Buffer 20>
2023-09-21T07:11:50.445Z <Buffer 20>
2023-09-21T07:11:50.446Z <Buffer 20>
2023-09-21T07:11:50.447Z <Buffer 20>
2023-09-21T07:11:50.448Z <Buffer 20>
2023-09-21T07:11:50.449Z <Buffer 20>
2023-09-21T07:11:50.450Z <Buffer 20>
2023-09-21T07:11:50.451Z <Buffer 20>
2023-09-21T07:11:50.452Z <Buffer 20>
2023-09-21T07:11:50.453Z <Buffer 20>
2023-09-21T07:11:50.454Z <Buffer 20>
2023-09-21T07:11:50.455Z <Buffer 20>
2023-09-21T07:11:50.456Z <Buffer 20>
2023-09-21T07:11:50.457Z <Buffer 20>
2023-09-21T07:11:50.458Z <Buffer 20>
2023-09-21T07:11:50.459Z <Buffer 20>
2023-09-21T07:11:50.460Z <Buffer 20>
2023-09-21T07:11:50.461Z <Buffer 20>
2023-09-21T07:11:50.462Z <Buffer 20>
2023-09-21T07:11:50.463Z <Buffer 20>
2023-09-21T07:11:50.464Z <Buffer 20>
2023-09-21T07:11:50.465Z <Buffer 20>
2023-09-21T07:11:50.466Z <Buffer 20>
2023-09-21T07:11:50.467Z <Buffer 20>
2023-09-21T07:11:50.468Z <Buffer 1b>
2023-09-21T07:11:50.469Z <Buffer 5b>
2023-09-21T07:11:50.470Z <Buffer 6d>
2023-09-21T07:11:50.471Z <Buffer 1b>
2023-09-21T07:11:50.472Z <Buffer 5b>
2023-09-21T07:11:50.474Z <Buffer 31>
2023-09-21T07:11:50.475Z <Buffer 32>
2023-09-21T07:11:50.476Z <Buffer 3b>
2023-09-21T07:11:50.477Z <Buffer 37>
2023-09-21T07:11:50.478Z <Buffer 38>
2023-09-21T07:11:50.479Z <Buffer 48>
2023-09-21T07:11:50.480Z <Buffer 1b>
2023-09-21T07:11:50.481Z <Buffer 5b>
2023-09-21T07:11:50.482Z <Buffer 6d>
2023-09-21T07:11:50.483Z <Buffer 1b>
2023-09-21T07:11:50.484Z <Buffer 5b>
2023-09-21T07:11:50.485Z <Buffer 6d>
2023-09-21T07:11:50.486Z <Buffer 1b>
2023-09-21T07:11:50.487Z <Buffer 5b>
2023-09-21T07:11:50.488Z <Buffer 31>
2023-09-21T07:11:50.489Z <Buffer 33>
2023-09-21T07:11:50.490Z <Buffer 3b>
2023-09-21T07:11:50.491Z <Buffer 33>
2023-09-21T07:11:50.492Z <Buffer 48>
2023-09-21T07:11:50.493Z <Buffer 20>
2023-09-21T07:11:50.494Z <Buffer 20>
2023-09-21T07:11:50.495Z <Buffer 20>
2023-09-21T07:11:50.497Z <Buffer 20>
2023-09-21T07:11:50.497Z <Buffer 20>
2023-09-21T07:11:50.498Z <Buffer 20>
2023-09-21T07:11:50.500Z <Buffer 20>
2023-09-21T07:11:50.501Z <Buffer 20>
2023-09-21T07:11:50.502Z <Buffer 20>
2023-09-21T07:11:50.503Z <Buffer 20>
2023-09-21T07:11:50.504Z <Buffer 20>
2023-09-21T07:11:50.505Z <Buffer 20>
2023-09-21T07:11:50.506Z <Buffer 20>
2023-09-21T07:11:50.507Z <Buffer 20>
2023-09-21T07:11:50.508Z <Buffer 20>
2023-09-21T07:11:50.509Z <Buffer 20>
2023-09-21T07:11:50.510Z <Buffer 20>
2023-09-21T07:11:50.511Z <Buffer 20>
2023-09-21T07:11:50.512Z <Buffer 20>
2023-09-21T07:11:50.513Z <Buffer 20>
2023-09-21T07:11:50.514Z <Buffer 20>
2023-09-21T07:11:50.515Z <Buffer 20>
2023-09-21T07:11:50.516Z <Buffer 20>
2023-09-21T07:11:50.517Z <Buffer 20>
2023-09-21T07:11:50.518Z <Buffer 20>
2023-09-21T07:11:50.519Z <Buffer 20>
2023-09-21T07:11:50.520Z <Buffer 20>
2023-09-21T07:11:50.521Z <Buffer 20>
2023-09-21T07:11:50.522Z <Buffer 20>
2023-09-21T07:11:50.523Z <Buffer 20>
2023-09-21T07:11:50.524Z <Buffer 20>
2023-09-21T07:11:50.526Z <Buffer 20>
2023-09-21T07:11:50.527Z <Buffer 20>
2023-09-21T07:11:50.528Z <Buffer 20>
2023-09-21T07:11:50.529Z <Buffer 20>
2023-09-21T07:11:50.530Z <Buffer 20>
2023-09-21T07:11:50.531Z <Buffer 20>
2023-09-21T07:11:50.532Z <Buffer 20>
2023-09-21T07:11:50.533Z <Buffer 20>
2023-09-21T07:11:50.534Z <Buffer 20>
2023-09-21T07:11:50.535Z <Buffer 20>
2023-09-21T07:11:50.536Z <Buffer 20>
2023-09-21T07:11:50.537Z <Buffer 20>
2023-09-21T07:11:50.538Z <Buffer 20>
2023-09-21T07:11:50.539Z <Buffer 20>
2023-09-21T07:11:50.540Z <Buffer 20>
2023-09-21T07:11:50.541Z <Buffer 20>
2023-09-21T07:11:50.542Z <Buffer 20>
2023-09-21T07:11:50.543Z <Buffer 20>
2023-09-21T07:11:50.544Z <Buffer 20>
2023-09-21T07:11:50.545Z <Buffer 20>
2023-09-21T07:11:50.546Z <Buffer 20>
2023-09-21T07:11:50.547Z <Buffer 20>
2023-09-21T07:11:50.548Z <Buffer 20>
2023-09-21T07:11:50.549Z <Buffer 20>
2023-09-21T07:11:50.550Z <Buffer 20>
2023-09-21T07:11:50.552Z <Buffer 20>
2023-09-21T07:11:50.553Z <Buffer 20>
2023-09-21T07:11:50.554Z <Buffer 20>
2023-09-21T07:11:50.555Z <Buffer 20>
2023-09-21T07:11:50.556Z <Buffer 20>
2023-09-21T07:11:50.557Z <Buffer 20>
2023-09-21T07:11:50.558Z <Buffer 20>
2023-09-21T07:11:50.559Z <Buffer 20>
2023-09-21T07:11:50.560Z <Buffer 20>
2023-09-21T07:11:50.561Z <Buffer 20>
2023-09-21T07:11:50.562Z <Buffer 20>
2023-09-21T07:11:50.563Z <Buffer 20>
2023-09-21T07:11:50.564Z <Buffer 20>
2023-09-21T07:11:50.565Z <Buffer 20>
2023-09-21T07:11:50.566Z <Buffer 20>
2023-09-21T07:11:50.567Z <Buffer 20>
2023-09-21T07:11:50.568Z <Buffer 20>
2023-09-21T07:11:50.569Z <Buffer 20>
2023-09-21T07:11:50.570Z <Buffer 20>
2023-09-21T07:11:50.571Z <Buffer 20>
2023-09-21T07:11:50.572Z <Buffer 1b>
2023-09-21T07:11:50.573Z <Buffer 5b>
2023-09-21T07:11:50.574Z <Buffer 6d>
2023-09-21T07:11:50.576Z <Buffer 1b>
2023-09-21T07:11:50.577Z <Buffer 5b>
2023-09-21T07:11:50.578Z <Buffer 31>
2023-09-21T07:11:50.579Z <Buffer 33>
2023-09-21T07:11:50.580Z <Buffer 3b>
2023-09-21T07:11:50.581Z <Buffer 37>
2023-09-21T07:11:50.582Z <Buffer 38>
2023-09-21T07:11:50.583Z <Buffer 48>
2023-09-21T07:11:50.584Z <Buffer 1b>
2023-09-21T07:11:50.585Z <Buffer 5b>
2023-09-21T07:11:50.586Z <Buffer 6d>
2023-09-21T07:11:50.587Z <Buffer 1b>
2023-09-21T07:11:50.588Z <Buffer 5b>
2023-09-21T07:11:50.589Z <Buffer 6d>
2023-09-21T07:11:50.590Z <Buffer 1b>
2023-09-21T07:11:50.591Z <Buffer 5b>
2023-09-21T07:11:50.592Z <Buffer 31>
2023-09-21T07:11:50.593Z <Buffer 34>
2023-09-21T07:11:50.594Z <Buffer 3b>
2023-09-21T07:11:50.595Z <Buffer 33>
2023-09-21T07:11:50.596Z <Buffer 48>
2023-09-21T07:11:50.600Z <Buffer 20 20 20>
2023-09-21T07:11:50.601Z <Buffer 20>
2023-09-21T07:11:50.602Z <Buffer 20>
2023-09-21T07:11:50.603Z <Buffer 20>
2023-09-21T07:11:50.604Z <Buffer 20>
2023-09-21T07:11:50.605Z <Buffer 20>
2023-09-21T07:11:50.606Z <Buffer 20>
2023-09-21T07:11:50.607Z <Buffer 20>
2023-09-21T07:11:50.608Z <Buffer 20>
2023-09-21T07:11:50.609Z <Buffer 20>
2023-09-21T07:11:50.610Z <Buffer 20>
2023-09-21T07:11:50.611Z <Buffer 20>
2023-09-21T07:11:50.612Z <Buffer 20>
2023-09-21T07:11:50.613Z <Buffer 20>
2023-09-21T07:11:50.614Z <Buffer 20>
2023-09-21T07:11:50.615Z <Buffer 20>
2023-09-21T07:11:50.616Z <Buffer 20>
2023-09-21T07:11:50.617Z <Buffer 20>
2023-09-21T07:11:50.618Z <Buffer 20>
2023-09-21T07:11:50.619Z <Buffer 20>
2023-09-21T07:11:50.620Z <Buffer 20>
2023-09-21T07:11:50.621Z <Buffer 20>
2023-09-21T07:11:50.622Z <Buffer 20>
2023-09-21T07:11:50.623Z <Buffer 20>
2023-09-21T07:11:50.624Z <Buffer 20>
2023-09-21T07:11:50.625Z <Buffer 20>
2023-09-21T07:11:50.626Z <Buffer 20>
2023-09-21T07:11:50.628Z <Buffer 20>
2023-09-21T07:11:50.629Z <Buffer 20>
2023-09-21T07:11:50.630Z <Buffer 20>
2023-09-21T07:11:50.631Z <Buffer 20>
2023-09-21T07:11:50.632Z <Buffer 20>
2023-09-21T07:11:50.633Z <Buffer 20>
2023-09-21T07:11:50.634Z <Buffer 20>
2023-09-21T07:11:50.635Z <Buffer 20>
2023-09-21T07:11:50.636Z <Buffer 20>
2023-09-21T07:11:50.637Z <Buffer 20>
2023-09-21T07:11:50.638Z <Buffer 20>
2023-09-21T07:11:50.639Z <Buffer 20>
2023-09-21T07:11:50.640Z <Buffer 20>
2023-09-21T07:11:50.641Z <Buffer 20>
2023-09-21T07:11:50.642Z <Buffer 20>
2023-09-21T07:11:50.643Z <Buffer 20>
2023-09-21T07:11:50.644Z <Buffer 20>
2023-09-21T07:11:50.645Z <Buffer 20>
2023-09-21T07:11:50.646Z <Buffer 20>
2023-09-21T07:11:50.647Z <Buffer 20>
2023-09-21T07:11:50.648Z <Buffer 20>
2023-09-21T07:11:50.649Z <Buffer 20>
2023-09-21T07:11:50.650Z <Buffer 20>
2023-09-21T07:11:50.651Z <Buffer 20>
2023-09-21T07:11:50.652Z <Buffer 20>
2023-09-21T07:11:50.653Z <Buffer 20>
2023-09-21T07:11:50.655Z <Buffer 20>
2023-09-21T07:11:50.656Z <Buffer 20>
2023-09-21T07:11:50.657Z <Buffer 20>
2023-09-21T07:11:50.658Z <Buffer 20>
2023-09-21T07:11:50.659Z <Buffer 20>
2023-09-21T07:11:50.660Z <Buffer 20>
2023-09-21T07:11:50.661Z <Buffer 20>
2023-09-21T07:11:50.662Z <Buffer 20>
2023-09-21T07:11:50.663Z <Buffer 20>
2023-09-21T07:11:50.664Z <Buffer 20>
2023-09-21T07:11:50.665Z <Buffer 20>
2023-09-21T07:11:50.666Z <Buffer 20>
2023-09-21T07:11:50.667Z <Buffer 20>
2023-09-21T07:11:50.669Z <Buffer 20>
2023-09-21T07:11:50.669Z <Buffer 20>
2023-09-21T07:11:50.671Z <Buffer 20>
2023-09-21T07:11:50.672Z <Buffer 20>
2023-09-21T07:11:50.672Z <Buffer 20>
2023-09-21T07:11:50.673Z <Buffer 20>
2023-09-21T07:11:50.674Z <Buffer 20>
2023-09-21T07:11:50.676Z <Buffer 20>
2023-09-21T07:11:50.677Z <Buffer 1b>
2023-09-21T07:11:50.677Z <Buffer 5b>
2023-09-21T07:11:50.678Z <Buffer 6d>
2023-09-21T07:11:50.680Z <Buffer 1b>
2023-09-21T07:11:50.681Z <Buffer 5b>
2023-09-21T07:11:50.682Z <Buffer 31>
2023-09-21T07:11:50.683Z <Buffer 34>
2023-09-21T07:11:50.684Z <Buffer 3b>
2023-09-21T07:11:50.685Z <Buffer 37>
2023-09-21T07:11:50.686Z <Buffer 38>
2023-09-21T07:11:50.687Z <Buffer 48>
2023-09-21T07:11:50.688Z <Buffer 1b>
2023-09-21T07:11:50.689Z <Buffer 5b>
2023-09-21T07:11:50.690Z <Buffer 6d>
2023-09-21T07:11:50.691Z <Buffer 1b>
2023-09-21T07:11:50.692Z <Buffer 5b>
2023-09-21T07:11:50.693Z <Buffer 6d>
2023-09-21T07:11:50.694Z <Buffer 1b>
2023-09-21T07:11:50.695Z <Buffer 5b>
2023-09-21T07:11:50.696Z <Buffer 31>
2023-09-21T07:11:50.697Z <Buffer 35>
2023-09-21T07:11:50.698Z <Buffer 3b>
2023-09-21T07:11:50.699Z <Buffer 33>
2023-09-21T07:11:50.700Z <Buffer 48>
2023-09-21T07:11:50.701Z <Buffer 20>
2023-09-21T07:11:50.702Z <Buffer 20>
2023-09-21T07:11:50.703Z <Buffer 20>
2023-09-21T07:11:50.704Z <Buffer 20>
2023-09-21T07:11:50.705Z <Buffer 20>
2023-09-21T07:11:50.707Z <Buffer 20>
2023-09-21T07:11:50.708Z <Buffer 20>
2023-09-21T07:11:50.709Z <Buffer 20>
2023-09-21T07:11:50.710Z <Buffer 20>
2023-09-21T07:11:50.711Z <Buffer 20>
2023-09-21T07:11:50.712Z <Buffer 20>
2023-09-21T07:11:50.713Z <Buffer 20>
2023-09-21T07:11:50.714Z <Buffer 20>
2023-09-21T07:11:50.715Z <Buffer 20>
2023-09-21T07:11:50.716Z <Buffer 20>
2023-09-21T07:11:50.717Z <Buffer 20>
2023-09-21T07:11:50.718Z <Buffer 20>
2023-09-21T07:11:50.719Z <Buffer 20>
2023-09-21T07:11:50.720Z <Buffer 20>
2023-09-21T07:11:50.721Z <Buffer 20>
2023-09-21T07:11:50.722Z <Buffer 20>
2023-09-21T07:11:50.723Z <Buffer 20>
2023-09-21T07:11:50.724Z <Buffer 20>
2023-09-21T07:11:50.725Z <Buffer 20>
2023-09-21T07:11:50.726Z <Buffer 20>
2023-09-21T07:11:50.727Z <Buffer 20>
2023-09-21T07:11:50.728Z <Buffer 20>
2023-09-21T07:11:50.729Z <Buffer 20>
2023-09-21T07:11:50.731Z <Buffer 20>
2023-09-21T07:11:50.732Z <Buffer 20>
2023-09-21T07:11:50.733Z <Buffer 20>
2023-09-21T07:11:50.734Z <Buffer 20>
2023-09-21T07:11:50.735Z <Buffer 20>
2023-09-21T07:11:50.736Z <Buffer 20>
2023-09-21T07:11:50.737Z <Buffer 20>
2023-09-21T07:11:50.738Z <Buffer 20>
2023-09-21T07:11:50.739Z <Buffer 20>
2023-09-21T07:11:50.740Z <Buffer 20>
2023-09-21T07:11:50.741Z <Buffer 20>
2023-09-21T07:11:50.742Z <Buffer 20>
2023-09-21T07:11:50.743Z <Buffer 20>
2023-09-21T07:11:50.744Z <Buffer 20>
2023-09-21T07:11:50.745Z <Buffer 20>
2023-09-21T07:11:50.746Z <Buffer 20>
2023-09-21T07:11:50.747Z <Buffer 20>
2023-09-21T07:11:50.748Z <Buffer 20>
2023-09-21T07:11:50.749Z <Buffer 20>
2023-09-21T07:11:50.750Z <Buffer 20>
2023-09-21T07:11:50.751Z <Buffer 20>
2023-09-21T07:11:50.752Z <Buffer 20>
2023-09-21T07:11:50.753Z <Buffer 20>
2023-09-21T07:11:50.754Z <Buffer 20>
2023-09-21T07:11:50.755Z <Buffer 20>
2023-09-21T07:11:50.756Z <Buffer 20>
2023-09-21T07:11:50.758Z <Buffer 20>
2023-09-21T07:11:50.759Z <Buffer 20>
2023-09-21T07:11:50.760Z <Buffer 20>
2023-09-21T07:11:50.761Z <Buffer 20>
2023-09-21T07:11:50.762Z <Buffer 20>
2023-09-21T07:11:50.763Z <Buffer 20>
2023-09-21T07:11:50.764Z <Buffer 20>
2023-09-21T07:11:50.765Z <Buffer 20>
2023-09-21T07:11:50.766Z <Buffer 20>
2023-09-21T07:11:50.767Z <Buffer 20>
2023-09-21T07:11:50.768Z <Buffer 20>
2023-09-21T07:11:50.769Z <Buffer 20>
2023-09-21T07:11:50.770Z <Buffer 20>
2023-09-21T07:11:50.771Z <Buffer 20>
2023-09-21T07:11:50.772Z <Buffer 20>
2023-09-21T07:11:50.773Z <Buffer 20>
2023-09-21T07:11:50.774Z <Buffer 20>
2023-09-21T07:11:50.775Z <Buffer 20>
2023-09-21T07:11:50.776Z <Buffer 20>
2023-09-21T07:11:50.777Z <Buffer 20>
2023-09-21T07:11:50.778Z <Buffer 20>
2023-09-21T07:11:50.779Z <Buffer 20>
2023-09-21T07:11:50.781Z <Buffer 1b>
2023-09-21T07:11:50.781Z <Buffer 5b>
2023-09-21T07:11:50.782Z <Buffer 6d>
2023-09-21T07:11:50.783Z <Buffer 1b>
2023-09-21T07:11:50.784Z <Buffer 5b>
2023-09-21T07:11:50.786Z <Buffer 31>
2023-09-21T07:11:50.787Z <Buffer 35>
2023-09-21T07:11:50.788Z <Buffer 3b>
2023-09-21T07:11:50.789Z <Buffer 37>
2023-09-21T07:11:50.790Z <Buffer 38>
2023-09-21T07:11:50.791Z <Buffer 48>
2023-09-21T07:11:50.792Z <Buffer 1b>
2023-09-21T07:11:50.793Z <Buffer 5b>
2023-09-21T07:11:50.794Z <Buffer 6d>
2023-09-21T07:11:50.795Z <Buffer 1b>
2023-09-21T07:11:50.796Z <Buffer 5b>
2023-09-21T07:11:50.797Z <Buffer 6d>
2023-09-21T07:11:50.798Z <Buffer 1b>
2023-09-21T07:11:50.799Z <Buffer 5b>
2023-09-21T07:11:50.800Z <Buffer 31>
2023-09-21T07:11:50.801Z <Buffer 36>
2023-09-21T07:11:50.802Z <Buffer 3b>
2023-09-21T07:11:50.803Z <Buffer 33>
2023-09-21T07:11:50.804Z <Buffer 48>
2023-09-21T07:11:50.805Z <Buffer 20>
2023-09-21T07:11:50.806Z <Buffer 20>
2023-09-21T07:11:50.807Z <Buffer 20>
2023-09-21T07:11:50.808Z <Buffer 20>
2023-09-21T07:11:50.809Z <Buffer 20>
2023-09-21T07:11:50.810Z <Buffer 20>
2023-09-21T07:11:50.812Z <Buffer 20>
2023-09-21T07:11:50.813Z <Buffer 20>
2023-09-21T07:11:50.814Z <Buffer 20>
2023-09-21T07:11:50.815Z <Buffer 20>
2023-09-21T07:11:50.816Z <Buffer 20>
2023-09-21T07:11:50.817Z <Buffer 20>
2023-09-21T07:11:50.818Z <Buffer 20>
2023-09-21T07:11:50.819Z <Buffer 20>
2023-09-21T07:11:50.820Z <Buffer 20>
2023-09-21T07:11:50.821Z <Buffer 20>
2023-09-21T07:11:50.822Z <Buffer 20>
2023-09-21T07:11:50.823Z <Buffer 20>
2023-09-21T07:11:50.824Z <Buffer 20>
2023-09-21T07:11:50.825Z <Buffer 20>
2023-09-21T07:11:50.826Z <Buffer 20>
2023-09-21T07:11:50.827Z <Buffer 20>
2023-09-21T07:11:50.828Z <Buffer 20>
2023-09-21T07:11:50.829Z <Buffer 20>
2023-09-21T07:11:50.830Z <Buffer 20>
2023-09-21T07:11:50.831Z <Buffer 20>
2023-09-21T07:11:50.832Z <Buffer 20>
2023-09-21T07:11:50.833Z <Buffer 20>
2023-09-21T07:11:50.834Z <Buffer 20>
2023-09-21T07:11:50.835Z <Buffer 20>
2023-09-21T07:11:50.836Z <Buffer 20>
2023-09-21T07:11:50.837Z <Buffer 20>
2023-09-21T07:11:50.839Z <Buffer 20>
2023-09-21T07:11:50.840Z <Buffer 20>
2023-09-21T07:11:50.841Z <Buffer 20>
2023-09-21T07:11:50.842Z <Buffer 20>
2023-09-21T07:11:50.843Z <Buffer 20>
2023-09-21T07:11:50.844Z <Buffer 20>
2023-09-21T07:11:50.845Z <Buffer 20>
2023-09-21T07:11:50.846Z <Buffer 20>
2023-09-21T07:11:50.847Z <Buffer 20>
2023-09-21T07:11:50.848Z <Buffer 20>
2023-09-21T07:11:50.849Z <Buffer 20>
2023-09-21T07:11:50.850Z <Buffer 20>
2023-09-21T07:11:50.851Z <Buffer 20>
2023-09-21T07:11:50.852Z <Buffer 20>
2023-09-21T07:11:50.853Z <Buffer 20>
2023-09-21T07:11:50.854Z <Buffer 20>
2023-09-21T07:11:50.855Z <Buffer 20>
2023-09-21T07:11:50.856Z <Buffer 20>
2023-09-21T07:11:50.857Z <Buffer 20>
2023-09-21T07:11:50.858Z <Buffer 20>
2023-09-21T07:11:50.859Z <Buffer 20>
2023-09-21T07:11:50.860Z <Buffer 20>
2023-09-21T07:11:50.861Z <Buffer 20>
2023-09-21T07:11:50.862Z <Buffer 20>
2023-09-21T07:11:50.864Z <Buffer 20>
2023-09-21T07:11:50.865Z <Buffer 20>
2023-09-21T07:11:50.866Z <Buffer 20>
2023-09-21T07:11:50.867Z <Buffer 20>
2023-09-21T07:11:50.868Z <Buffer 20>
2023-09-21T07:11:50.869Z <Buffer 20>
2023-09-21T07:11:50.870Z <Buffer 20>
2023-09-21T07:11:50.871Z <Buffer 20>
2023-09-21T07:11:50.872Z <Buffer 20>
2023-09-21T07:11:50.873Z <Buffer 20>
2023-09-21T07:11:50.874Z <Buffer 20>
2023-09-21T07:11:50.875Z <Buffer 20>
2023-09-21T07:11:50.876Z <Buffer 20>
2023-09-21T07:11:50.877Z <Buffer 20>
2023-09-21T07:11:50.878Z <Buffer 20>
2023-09-21T07:11:50.879Z <Buffer 20>
2023-09-21T07:11:50.880Z <Buffer 20>
2023-09-21T07:11:50.881Z <Buffer 20>
2023-09-21T07:11:50.882Z <Buffer 20>
2023-09-21T07:11:50.883Z <Buffer 20>
2023-09-21T07:11:50.884Z <Buffer 1b>
2023-09-21T07:11:50.885Z <Buffer 5b>
2023-09-21T07:11:50.886Z <Buffer 6d>
2023-09-21T07:11:50.887Z <Buffer 1b>
2023-09-21T07:11:50.888Z <Buffer 5b>
2023-09-21T07:11:50.889Z <Buffer 31>
2023-09-21T07:11:50.891Z <Buffer 36>
2023-09-21T07:11:50.892Z <Buffer 3b>
2023-09-21T07:11:50.893Z <Buffer 37>
2023-09-21T07:11:50.894Z <Buffer 38>
2023-09-21T07:11:50.895Z <Buffer 48>
2023-09-21T07:11:50.896Z <Buffer 1b>
2023-09-21T07:11:50.897Z <Buffer 5b>
2023-09-21T07:11:50.898Z <Buffer 6d>
2023-09-21T07:11:50.899Z <Buffer 1b>
2023-09-21T07:11:50.900Z <Buffer 5b>
2023-09-21T07:11:50.901Z <Buffer 31>
2023-09-21T07:11:50.902Z <Buffer 36>
2023-09-21T07:11:50.903Z <Buffer 3b>
2023-09-21T07:11:50.904Z <Buffer 38>
2023-09-21T07:11:50.905Z <Buffer 30>
2023-09-21T07:11:50.906Z <Buffer 48>
2023-09-21T07:11:50.907Z <Buffer 20>
2023-09-21T07:11:50.908Z <Buffer 1b>
2023-09-21T07:11:50.909Z <Buffer 5b>
2023-09-21T07:11:50.910Z <Buffer 35>
2023-09-21T07:11:50.911Z <Buffer 3b>
2023-09-21T07:11:50.912Z <Buffer 37>
2023-09-21T07:11:50.913Z <Buffer 38>
2023-09-21T07:11:50.914Z <Buffer 48>
2023-09-21T07:11:51.217Z <Buffer 1b>
2023-09-21T07:11:51.218Z <Buffer 5b>
2023-09-21T07:11:51.219Z <Buffer 32>
2023-09-21T07:11:51.220Z <Buffer 32>
2023-09-21T07:11:51.221Z <Buffer 3b>
2023-09-21T07:11:51.222Z <Buffer 31>
2023-09-21T07:11:51.223Z <Buffer 48>
2023-09-21T07:11:51.224Z <Buffer 20>
2023-09-21T07:11:51.225Z <Buffer 20>
2023-09-21T07:11:51.226Z <Buffer 20>
2023-09-21T07:11:51.227Z <Buffer 54>
2023-09-21T07:11:51.228Z <Buffer 68>
2023-09-21T07:11:51.229Z <Buffer 65>
2023-09-21T07:11:51.230Z <Buffer 20>
2023-09-21T07:11:51.231Z <Buffer 68>
2023-09-21T07:11:51.232Z <Buffer 69>
2023-09-21T07:11:51.233Z <Buffer 67>
2023-09-21T07:11:51.234Z <Buffer 68>
2023-09-21T07:11:51.235Z <Buffer 6c>
2023-09-21T07:11:51.236Z <Buffer 69>
2023-09-21T07:11:51.237Z <Buffer 67>
2023-09-21T07:11:51.238Z <Buffer 68>
2023-09-21T07:11:51.240Z <Buffer 74>
2023-09-21T07:11:51.241Z <Buffer 65>
2023-09-21T07:11:51.242Z <Buffer 64>
2023-09-21T07:11:51.243Z <Buffer 20>
2023-09-21T07:11:51.244Z <Buffer 65>
2023-09-21T07:11:51.245Z <Buffer 6e>
2023-09-21T07:11:51.246Z <Buffer 74>
2023-09-21T07:11:51.247Z <Buffer 72>
2023-09-21T07:11:51.248Z <Buffer 79>
2023-09-21T07:11:51.249Z <Buffer 20>
2023-09-21T07:11:51.250Z <Buffer 77>
2023-09-21T07:11:51.251Z <Buffer 69>
2023-09-21T07:11:51.252Z <Buffer 6c>
2023-09-21T07:11:51.253Z <Buffer 6c>
2023-09-21T07:11:51.254Z <Buffer 20>
2023-09-21T07:11:51.255Z <Buffer 62>
2023-09-21T07:11:51.256Z <Buffer 65>
2023-09-21T07:11:51.257Z <Buffer 20>
2023-09-21T07:11:51.258Z <Buffer 65>
2023-09-21T07:11:51.259Z <Buffer 78>
2023-09-21T07:11:51.260Z <Buffer 65>
2023-09-21T07:11:51.261Z <Buffer 63>
2023-09-21T07:11:51.263Z <Buffer 75>
2023-09-21T07:11:51.264Z <Buffer 74>
2023-09-21T07:11:51.265Z <Buffer 65>
2023-09-21T07:11:51.266Z <Buffer 64>
2023-09-21T07:11:51.267Z <Buffer 20>
2023-09-21T07:11:51.268Z <Buffer 61>
2023-09-21T07:11:51.269Z <Buffer 75>
2023-09-21T07:11:51.270Z <Buffer 74>
2023-09-21T07:11:51.271Z <Buffer 6f>
2023-09-21T07:11:51.272Z <Buffer 6d>
2023-09-21T07:11:51.273Z <Buffer 61>
2023-09-21T07:11:51.274Z <Buffer 74>
2023-09-21T07:11:51.275Z <Buffer 69>
2023-09-21T07:11:51.276Z <Buffer 63>
2023-09-21T07:11:51.277Z <Buffer 61>
2023-09-21T07:11:51.278Z <Buffer 6c>
2023-09-21T07:11:51.279Z <Buffer 6c>
2023-09-21T07:11:51.280Z <Buffer 79>
2023-09-21T07:11:51.281Z <Buffer 20>
2023-09-21T07:11:51.282Z <Buffer 69>
2023-09-21T07:11:51.283Z <Buffer 6e>
2023-09-21T07:11:51.284Z <Buffer 20>
2023-09-21T07:11:51.285Z <Buffer 31>
2023-09-21T07:11:51.286Z <Buffer 30>
2023-09-21T07:11:51.287Z <Buffer 73>
2023-09-21T07:11:51.288Z <Buffer 2e>
2023-09-21T07:11:51.289Z <Buffer 20>
2023-09-21T07:11:51.290Z <Buffer 20>
2023-09-21T07:11:51.292Z <Buffer 20>
2023-09-21T07:11:51.293Z <Buffer 20>
2023-09-21T07:11:51.294Z <Buffer 20>
2023-09-21T07:11:51.295Z <Buffer 20>
2023-09-21T07:11:51.296Z <Buffer 20>
2023-09-21T07:11:51.297Z <Buffer 20>
2023-09-21T07:11:51.298Z <Buffer 20>
2023-09-21T07:11:51.299Z <Buffer 20>
2023-09-21T07:11:51.300Z <Buffer 20>
2023-09-21T07:11:51.301Z <Buffer 20>
2023-09-21T07:11:51.302Z <Buffer 20>
2023-09-21T07:11:51.303Z <Buffer 20>
2023-09-21T07:11:51.304Z <Buffer 20>
2023-09-21T07:11:51.305Z <Buffer 20>
2023-09-21T07:11:51.306Z <Buffer 1b>
2023-09-21T07:11:51.307Z <Buffer 5b>
2023-09-21T07:11:51.308Z <Buffer 35>
2023-09-21T07:11:51.309Z <Buffer 3b>
2023-09-21T07:11:51.310Z <Buffer 37>
2023-09-21T07:11:51.311Z <Buffer 38>
2023-09-21T07:11:51.312Z <Buffer 48>
2023-09-21T07:11:52.217Z <Buffer 1b>
2023-09-21T07:11:52.218Z <Buffer 5b>
2023-09-21T07:11:52.219Z <Buffer 32>
2023-09-21T07:11:52.220Z <Buffer 32>
2023-09-21T07:11:52.221Z <Buffer 3b>
2023-09-21T07:11:52.222Z <Buffer 31>
2023-09-21T07:11:52.224Z <Buffer 48>
2023-09-21T07:11:52.225Z <Buffer 20>
2023-09-21T07:11:52.225Z <Buffer 20>
2023-09-21T07:11:52.227Z <Buffer 20>
2023-09-21T07:11:52.228Z <Buffer 54>
2023-09-21T07:11:52.229Z <Buffer 68>
2023-09-21T07:11:52.230Z <Buffer 65>
2023-09-21T07:11:52.231Z <Buffer 20>
2023-09-21T07:11:52.232Z <Buffer 68>
2023-09-21T07:11:52.233Z <Buffer 69>
2023-09-21T07:11:52.234Z <Buffer 67>
2023-09-21T07:11:52.235Z <Buffer 68>
2023-09-21T07:11:52.236Z <Buffer 6c>
2023-09-21T07:11:52.237Z <Buffer 69>
2023-09-21T07:11:52.238Z <Buffer 67>
2023-09-21T07:11:52.239Z <Buffer 68>
2023-09-21T07:11:52.240Z <Buffer 74>
2023-09-21T07:11:52.241Z <Buffer 65>
2023-09-21T07:11:52.242Z <Buffer 64>
2023-09-21T07:11:52.243Z <Buffer 20>
2023-09-21T07:11:52.244Z <Buffer 65>
2023-09-21T07:11:52.245Z <Buffer 6e>
2023-09-21T07:11:52.246Z <Buffer 74>
2023-09-21T07:11:52.247Z <Buffer 72>
2023-09-21T07:11:52.248Z <Buffer 79>
2023-09-21T07:11:52.249Z <Buffer 20>
2023-09-21T07:11:52.250Z <Buffer 77>
2023-09-21T07:11:52.251Z <Buffer 69>
2023-09-21T07:11:52.252Z <Buffer 6c>
2023-09-21T07:11:52.253Z <Buffer 6c>
2023-09-21T07:11:52.254Z <Buffer 20>
2023-09-21T07:11:52.256Z <Buffer 62>
2023-09-21T07:11:52.257Z <Buffer 65>
2023-09-21T07:11:52.258Z <Buffer 20>
2023-09-21T07:11:52.259Z <Buffer 65>
2023-09-21T07:11:52.260Z <Buffer 78>
2023-09-21T07:11:52.261Z <Buffer 65>
2023-09-21T07:11:52.262Z <Buffer 63>
2023-09-21T07:11:52.263Z <Buffer 75>
2023-09-21T07:11:52.264Z <Buffer 74>
2023-09-21T07:11:52.265Z <Buffer 65>
2023-09-21T07:11:52.266Z <Buffer 64>
2023-09-21T07:11:52.267Z <Buffer 20>
2023-09-21T07:11:52.268Z <Buffer 61>
2023-09-21T07:11:52.269Z <Buffer 75>
2023-09-21T07:11:52.270Z <Buffer 74>
2023-09-21T07:11:52.271Z <Buffer 6f>
2023-09-21T07:11:52.272Z <Buffer 6d>
2023-09-21T07:11:52.273Z <Buffer 61>
2023-09-21T07:11:52.274Z <Buffer 74>
2023-09-21T07:11:52.275Z <Buffer 69>
2023-09-21T07:11:52.276Z <Buffer 63>
2023-09-21T07:11:52.277Z <Buffer 61>
2023-09-21T07:11:52.278Z <Buffer 6c>
2023-09-21T07:11:52.279Z <Buffer 6c>
2023-09-21T07:11:52.280Z <Buffer 79>
2023-09-21T07:11:52.282Z <Buffer 20>
2023-09-21T07:11:52.283Z <Buffer 69>
2023-09-21T07:11:52.284Z <Buffer 6e>
2023-09-21T07:11:52.285Z <Buffer 20>
2023-09-21T07:11:52.286Z <Buffer 39>
2023-09-21T07:11:52.287Z <Buffer 73>
2023-09-21T07:11:52.288Z <Buffer 2e>
2023-09-21T07:11:52.289Z <Buffer 20>
2023-09-21T07:11:52.290Z <Buffer 20>
2023-09-21T07:11:52.291Z <Buffer 20>
2023-09-21T07:11:52.292Z <Buffer 20>
2023-09-21T07:11:52.293Z <Buffer 20>
2023-09-21T07:11:52.294Z <Buffer 20>
2023-09-21T07:11:52.295Z <Buffer 20>
2023-09-21T07:11:52.296Z <Buffer 20>
2023-09-21T07:11:52.297Z <Buffer 20>
2023-09-21T07:11:52.298Z <Buffer 20>
2023-09-21T07:11:52.299Z <Buffer 20>
2023-09-21T07:11:52.300Z <Buffer 20>
2023-09-21T07:11:52.301Z <Buffer 20>
2023-09-21T07:11:52.302Z <Buffer 20>
2023-09-21T07:11:52.303Z <Buffer 20>
2023-09-21T07:11:52.304Z <Buffer 20>
2023-09-21T07:11:52.305Z <Buffer 20>
2023-09-21T07:11:52.306Z <Buffer 1b>
2023-09-21T07:11:52.308Z <Buffer 5b>
2023-09-21T07:11:52.309Z <Buffer 35>
2023-09-21T07:11:52.310Z <Buffer 3b>
2023-09-21T07:11:52.311Z <Buffer 37>
2023-09-21T07:11:52.312Z <Buffer 38>
2023-09-21T07:11:52.313Z <Buffer 48>
