config ok
listening on 9999
port open. Data rate: 9600
2023-09-21T07:12:47.264Z <Buffer 80>
2023-09-21T07:12:47.442Z <Buffer 81>
2023-09-21T07:12:47.447Z <Buffer 34>
2023-09-21T07:12:47.777Z <Buffer f0>
2023-09-21T07:12:49.185Z <Buffer fe>
2023-09-21T07:12:49.342Z <Buffer e6>
2023-09-21T07:12:49.357Z <Buffer fc>
2023-09-21T07:12:49.365Z <Buffer f7>
2023-09-21T07:12:49.446Z <Buffer ff>
2023-09-21T07:12:49.530Z <Buffer ff>
2023-09-21T07:12:49.561Z <Buffer fc>
2023-09-21T07:12:49.682Z <Buffer f8>
2023-09-21T07:12:49.755Z <Buffer ff>
2023-09-21T07:12:49.757Z <Buffer bf>
2023-09-21T07:12:55.397Z <Buffer ff>
2023-09-21T07:12:55.596Z <Buffer ff>
2023-09-21T07:12:56.822Z <Buffer 1b>
2023-09-21T07:12:56.825Z <Buffer 5b 48 1b>
2023-09-21T07:12:56.826Z <Buffer 5b>
2023-09-21T07:12:56.827Z <Buffer 4a>
2023-09-21T07:12:56.828Z <Buffer 1b>
2023-09-21T07:12:56.829Z <Buffer 5b>
2023-09-21T07:12:56.832Z <Buffer 31 3b>
2023-09-21T07:12:56.833Z <Buffer 31>
2023-09-21T07:12:56.834Z <Buffer 48>
2023-09-21T07:12:56.836Z <Buffer 65>
2023-09-21T07:12:56.837Z <Buffer 72>
2023-09-21T07:12:56.838Z <Buffer 72>
2023-09-21T07:12:56.841Z <Buffer 6f 72 3a>
2023-09-21T07:12:56.842Z <Buffer 20>
2023-09-21T07:12:56.843Z <Buffer 66>
2023-09-21T07:12:56.844Z <Buffer 69>
2023-09-21T07:12:56.845Z <Buffer 6c>
2023-09-21T07:12:56.846Z <Buffer 65>
2023-09-21T07:12:56.849Z <Buffer 20 60>
2023-09-21T07:12:56.850Z <Buffer 2f>
2023-09-21T07:12:56.851Z <Buffer 67>
2023-09-21T07:12:56.851Z <Buffer 72>
2023-09-21T07:12:56.852Z <Buffer 75>
2023-09-21T07:12:56.854Z <Buffer 62>
2023-09-21T07:12:56.855Z <Buffer 2f>
2023-09-21T07:12:56.857Z <Buffer 78 38>
2023-09-21T07:12:56.858Z <Buffer 36>
2023-09-21T07:12:56.859Z <Buffer 5f>
2023-09-21T07:12:56.860Z <Buffer 36>
2023-09-21T07:12:56.861Z <Buffer 34>
2023-09-21T07:12:56.862Z <Buffer 2d>
2023-09-21T07:12:56.863Z <Buffer 65>
2023-09-21T07:12:56.864Z <Buffer 66>
2023-09-21T07:12:56.865Z <Buffer 69>
2023-09-21T07:12:56.866Z <Buffer 2f>
2023-09-21T07:12:56.867Z <Buffer 62>
2023-09-21T07:12:56.868Z <Buffer 6c>
2023-09-21T07:12:56.869Z <Buffer 69>
2023-09-21T07:12:56.870Z <Buffer 2e>
2023-09-21T07:12:56.871Z <Buffer 6d>
2023-09-21T07:12:56.872Z <Buffer 6f>
2023-09-21T07:12:56.873Z <Buffer 64>
2023-09-21T07:12:56.874Z <Buffer 27>
2023-09-21T07:12:56.875Z <Buffer 20>
2023-09-21T07:12:56.877Z <Buffer 6e>
2023-09-21T07:12:56.878Z <Buffer 6f>
2023-09-21T07:12:56.880Z <Buffer 74 20>
2023-09-21T07:12:56.880Z <Buffer 66>
2023-09-21T07:12:56.882Z <Buffer 6f>
2023-09-21T07:12:56.883Z <Buffer 75>
2023-09-21T07:12:56.884Z <Buffer 6e>
2023-09-21T07:12:56.885Z <Buffer 64>
2023-09-21T07:12:56.886Z <Buffer 2e>
2023-09-21T07:12:56.887Z <Buffer 0a>
2023-09-21T07:12:56.888Z <Buffer 0d>
2023-09-21T07:12:56.890Z <Buffer 1b>
2023-09-21T07:12:56.891Z <Buffer 5b>
2023-09-21T07:12:56.892Z <Buffer 3f>
2023-09-21T07:12:56.893Z <Buffer 32>
2023-09-21T07:12:56.894Z <Buffer 35>
2023-09-21T07:12:56.895Z <Buffer 6c>
2023-09-21T07:12:56.896Z <Buffer 1b>
2023-09-21T07:12:56.897Z <Buffer 5b>
2023-09-21T07:12:56.898Z <Buffer 6d>
2023-09-21T07:12:56.899Z <Buffer 1b>
2023-09-21T07:12:56.902Z <Buffer 5b>
2023-09-21T07:12:56.904Z <Buffer 48 1b 5b>
2023-09-21T07:12:56.905Z <Buffer 4a 1b>
2023-09-21T07:12:56.906Z <Buffer 5b>
2023-09-21T07:12:56.907Z <Buffer 31>
2023-09-21T07:12:56.908Z <Buffer 3b>
2023-09-21T07:12:56.909Z <Buffer 31>
2023-09-21T07:12:56.910Z <Buffer 48>
2023-09-21T07:12:56.911Z <Buffer 1b>
2023-09-21T07:12:56.912Z <Buffer 5b>
2023-09-21T07:12:56.913Z <Buffer 32>
2023-09-21T07:12:56.914Z <Buffer 3b>
2023-09-21T07:12:56.916Z <Buffer 32>
2023-09-21T07:12:56.916Z <Buffer 30>
2023-09-21T07:12:56.918Z <Buffer 48>
2023-09-21T07:12:56.919Z <Buffer 47>
2023-09-21T07:12:56.920Z <Buffer 4e>
2023-09-21T07:12:56.921Z <Buffer 55>
2023-09-21T07:12:56.922Z <Buffer 20>
2023-09-21T07:12:56.923Z <Buffer 47>
2023-09-21T07:12:56.924Z <Buffer 52>
2023-09-21T07:12:56.925Z <Buffer 55>
2023-09-21T07:12:56.926Z <Buffer 42>
2023-09-21T07:12:56.928Z <Buffer 20 20>
2023-09-21T07:12:56.929Z <Buffer 76>
2023-09-21T07:12:56.930Z <Buffer 65>
2023-09-21T07:12:56.931Z <Buffer 72>
2023-09-21T07:12:56.932Z <Buffer 73>
2023-09-21T07:12:56.933Z <Buffer 69>
2023-09-21T07:12:56.934Z <Buffer 6f>
2023-09-21T07:12:56.935Z <Buffer 6e>
2023-09-21T07:12:56.936Z <Buffer 20>
2023-09-21T07:12:56.937Z <Buffer 32>
2023-09-21T07:12:56.938Z <Buffer 3a>
2023-09-21T07:12:56.939Z <Buffer 32>
2023-09-21T07:12:56.940Z <Buffer 2e>
2023-09-21T07:12:56.941Z <Buffer 30>
2023-09-21T07:12:56.942Z <Buffer 36>
2023-09-21T07:12:56.944Z <Buffer 2e>
2023-09-21T07:12:56.945Z <Buffer 72>
2023-09-21T07:12:56.946Z <Buffer 34>
2023-09-21T07:12:56.947Z <Buffer 30>
2023-09-21T07:12:56.948Z <Buffer 33>
2023-09-21T07:12:56.949Z <Buffer 2e>
2023-09-21T07:12:56.950Z <Buffer 67>
2023-09-21T07:12:56.951Z <Buffer 37>
2023-09-21T07:12:56.952Z <Buffer 32>
2023-09-21T07:12:56.953Z <Buffer 35>
2023-09-21T07:12:56.954Z <Buffer 39>
2023-09-21T07:12:56.955Z <Buffer 64>
2023-09-21T07:12:56.956Z <Buffer 35>
2023-09-21T07:12:56.957Z <Buffer 35>
2023-09-21T07:12:56.958Z <Buffer 66>
2023-09-21T07:12:56.959Z <Buffer 66>
2023-09-21T07:12:56.960Z <Buffer 2d>
2023-09-21T07:12:56.961Z <Buffer 31>
2023-09-21T07:12:56.962Z <Buffer 0a>
2023-09-21T07:12:56.963Z <Buffer 0d>
2023-09-21T07:12:56.964Z <Buffer 0a>
2023-09-21T07:12:56.965Z <Buffer 0d>
2023-09-21T07:12:56.966Z <Buffer 1b>
2023-09-21T07:12:56.967Z <Buffer 5b>
2023-09-21T07:12:56.968Z <Buffer 6d>
2023-09-21T07:12:56.970Z <Buffer 1b>
2023-09-21T07:12:56.971Z <Buffer 5b>
2023-09-21T07:12:56.972Z <Buffer 34>
2023-09-21T07:12:56.973Z <Buffer 3b>
2023-09-21T07:12:56.974Z <Buffer 32>
2023-09-21T07:12:56.975Z <Buffer 48>
2023-09-21T07:12:56.976Z <Buffer 2b>
2023-09-21T07:12:56.977Z <Buffer 2d>
2023-09-21T07:12:56.978Z <Buffer 2d>
2023-09-21T07:12:56.979Z <Buffer 2d>
2023-09-21T07:12:56.981Z <Buffer 2d>
2023-09-21T07:12:56.981Z <Buffer 2d>
2023-09-21T07:12:56.982Z <Buffer 2d>
2023-09-21T07:12:56.983Z <Buffer 2d>
2023-09-21T07:12:56.984Z <Buffer 2d>
2023-09-21T07:12:56.985Z <Buffer 2d>
2023-09-21T07:12:56.986Z <Buffer 2d>
2023-09-21T07:12:56.987Z <Buffer 2d>
2023-09-21T07:12:56.988Z <Buffer 2d>
2023-09-21T07:12:56.989Z <Buffer 2d>
2023-09-21T07:12:56.990Z <Buffer 2d>
2023-09-21T07:12:56.991Z <Buffer 2d>
2023-09-21T07:12:56.992Z <Buffer 2d>
2023-09-21T07:12:56.993Z <Buffer 2d>
2023-09-21T07:12:56.994Z <Buffer 2d>
2023-09-21T07:12:56.996Z <Buffer 2d>
2023-09-21T07:12:56.997Z <Buffer 2d>
2023-09-21T07:12:56.998Z <Buffer 2d>
2023-09-21T07:12:56.999Z <Buffer 2d>
2023-09-21T07:12:57.000Z <Buffer 2d>
2023-09-21T07:12:57.001Z <Buffer 2d>
2023-09-21T07:12:57.002Z <Buffer 2d>
2023-09-21T07:12:57.003Z <Buffer 2d>
2023-09-21T07:12:57.004Z <Buffer 2d>
2023-09-21T07:12:57.005Z <Buffer 2d>
2023-09-21T07:12:57.006Z <Buffer 2d>
2023-09-21T07:12:57.007Z <Buffer 2d>
2023-09-21T07:12:57.008Z <Buffer 2d>
2023-09-21T07:12:57.009Z <Buffer 2d>
2023-09-21T07:12:57.010Z <Buffer 2d>
2023-09-21T07:12:57.011Z <Buffer 2d>
2023-09-21T07:12:57.012Z <Buffer 2d>
2023-09-21T07:12:57.013Z <Buffer 2d>
2023-09-21T07:12:57.014Z <Buffer 2d>
2023-09-21T07:12:57.015Z <Buffer 2d>
2023-09-21T07:12:57.016Z <Buffer 2d>
2023-09-21T07:12:57.017Z <Buffer 2d>
2023-09-21T07:12:57.018Z <Buffer 2d>
2023-09-21T07:12:57.019Z <Buffer 2d>
2023-09-21T07:12:57.020Z <Buffer 2d>
2023-09-21T07:12:57.021Z <Buffer 2d>
2023-09-21T07:12:57.023Z <Buffer 2d>
2023-09-21T07:12:57.024Z <Buffer 2d>
2023-09-21T07:12:57.025Z <Buffer 2d>
2023-09-21T07:12:57.026Z <Buffer 2d>
2023-09-21T07:12:57.027Z <Buffer 2d>
2023-09-21T07:12:57.028Z <Buffer 2d>
2023-09-21T07:12:57.029Z <Buffer 2d>
2023-09-21T07:12:57.030Z <Buffer 2d>
2023-09-21T07:12:57.031Z <Buffer 2d>
2023-09-21T07:12:57.032Z <Buffer 2d>
2023-09-21T07:12:57.033Z <Buffer 2d>
2023-09-21T07:12:57.034Z <Buffer 2d>
2023-09-21T07:12:57.035Z <Buffer 2d>
2023-09-21T07:12:57.036Z <Buffer 2d>
2023-09-21T07:12:57.037Z <Buffer 2d>
2023-09-21T07:12:57.038Z <Buffer 2d>
2023-09-21T07:12:57.039Z <Buffer 2d>
2023-09-21T07:12:57.040Z <Buffer 2d>
2023-09-21T07:12:57.041Z <Buffer 2d>
2023-09-21T07:12:57.042Z <Buffer 2d>
2023-09-21T07:12:57.044Z <Buffer 2d>
2023-09-21T07:12:57.044Z <Buffer 2d>
2023-09-21T07:12:57.045Z <Buffer 2d>
2023-09-21T07:12:57.046Z <Buffer 2d>
2023-09-21T07:12:57.048Z <Buffer 2d>
2023-09-21T07:12:57.049Z <Buffer 2d>
2023-09-21T07:12:57.050Z <Buffer 2d>
2023-09-21T07:12:57.051Z <Buffer 2d>
2023-09-21T07:12:57.052Z <Buffer 2d>
2023-09-21T07:12:57.053Z <Buffer 2d>
2023-09-21T07:12:57.054Z <Buffer 2d>
2023-09-21T07:12:57.055Z <Buffer 2d>
2023-09-21T07:12:57.056Z <Buffer 2b>
2023-09-21T07:12:57.057Z <Buffer 1b>
2023-09-21T07:12:57.058Z <Buffer 5b>
2023-09-21T07:12:57.059Z <Buffer 35>
2023-09-21T07:12:57.060Z <Buffer 3b>
2023-09-21T07:12:57.061Z <Buffer 32>
2023-09-21T07:12:57.062Z <Buffer 48>
2023-09-21T07:12:57.063Z <Buffer 7c>
2023-09-21T07:12:57.064Z <Buffer 1b>
2023-09-21T07:12:57.065Z <Buffer 5b>
2023-09-21T07:12:57.066Z <Buffer 35>
2023-09-21T07:12:57.067Z <Buffer 3b>
2023-09-21T07:12:57.068Z <Buffer 37>
2023-09-21T07:12:57.069Z <Buffer 39>
2023-09-21T07:12:57.070Z <Buffer 48>
2023-09-21T07:12:57.071Z <Buffer 7c>
2023-09-21T07:12:57.072Z <Buffer 1b>
2023-09-21T07:12:57.073Z <Buffer 5b>
2023-09-21T07:12:57.075Z <Buffer 36>
2023-09-21T07:12:57.076Z <Buffer 3b>
2023-09-21T07:12:57.077Z <Buffer 32>
2023-09-21T07:12:57.078Z <Buffer 48>
2023-09-21T07:12:57.079Z <Buffer 7c>
2023-09-21T07:12:57.080Z <Buffer 1b>
2023-09-21T07:12:57.081Z <Buffer 5b>
2023-09-21T07:12:57.082Z <Buffer 36>
2023-09-21T07:12:57.083Z <Buffer 3b>
2023-09-21T07:12:57.084Z <Buffer 37>
2023-09-21T07:12:57.085Z <Buffer 39>
2023-09-21T07:12:57.086Z <Buffer 48>
2023-09-21T07:12:57.087Z <Buffer 7c>
2023-09-21T07:12:57.088Z <Buffer 1b>
2023-09-21T07:12:57.089Z <Buffer 5b>
2023-09-21T07:12:57.090Z <Buffer 37>
2023-09-21T07:12:57.091Z <Buffer 3b>
2023-09-21T07:12:57.092Z <Buffer 32>
2023-09-21T07:12:57.093Z <Buffer 48>
2023-09-21T07:12:57.094Z <Buffer 7c>
2023-09-21T07:12:57.095Z <Buffer 1b>
2023-09-21T07:12:57.096Z <Buffer 5b>
2023-09-21T07:12:57.097Z <Buffer 37>
2023-09-21T07:12:57.098Z <Buffer 3b>
2023-09-21T07:12:57.100Z <Buffer 37>
2023-09-21T07:12:57.101Z <Buffer 39>
2023-09-21T07:12:57.102Z <Buffer 48>
2023-09-21T07:12:57.103Z <Buffer 7c>
2023-09-21T07:12:57.104Z <Buffer 1b>
2023-09-21T07:12:57.105Z <Buffer 5b>
2023-09-21T07:12:57.106Z <Buffer 38>
2023-09-21T07:12:57.107Z <Buffer 3b>
2023-09-21T07:12:57.108Z <Buffer 32>
2023-09-21T07:12:57.109Z <Buffer 48>
2023-09-21T07:12:57.110Z <Buffer 7c>
2023-09-21T07:12:57.111Z <Buffer 1b>
2023-09-21T07:12:57.112Z <Buffer 5b>
2023-09-21T07:12:57.113Z <Buffer 38>
2023-09-21T07:12:57.114Z <Buffer 3b>
2023-09-21T07:12:57.115Z <Buffer 37>
2023-09-21T07:12:57.116Z <Buffer 39>
2023-09-21T07:12:57.117Z <Buffer 48>
2023-09-21T07:12:57.118Z <Buffer 7c>
2023-09-21T07:12:57.119Z <Buffer 1b>
2023-09-21T07:12:57.120Z <Buffer 5b>
2023-09-21T07:12:57.121Z <Buffer 39>
2023-09-21T07:12:57.122Z <Buffer 3b>
2023-09-21T07:12:57.123Z <Buffer 32>
2023-09-21T07:12:57.124Z <Buffer 48>
2023-09-21T07:12:57.125Z <Buffer 7c>
2023-09-21T07:12:57.126Z <Buffer 1b>
2023-09-21T07:12:57.128Z <Buffer 5b>
2023-09-21T07:12:57.129Z <Buffer 39>
2023-09-21T07:12:57.130Z <Buffer 3b>
2023-09-21T07:12:57.131Z <Buffer 37>
2023-09-21T07:12:57.132Z <Buffer 39>
2023-09-21T07:12:57.133Z <Buffer 48>
2023-09-21T07:12:57.134Z <Buffer 7c>
2023-09-21T07:12:57.135Z <Buffer 1b>
2023-09-21T07:12:57.136Z <Buffer 5b>
2023-09-21T07:12:57.137Z <Buffer 31>
2023-09-21T07:12:57.138Z <Buffer 30>
2023-09-21T07:12:57.139Z <Buffer 3b>
2023-09-21T07:12:57.140Z <Buffer 32>
2023-09-21T07:12:57.141Z <Buffer 48>
2023-09-21T07:12:57.142Z <Buffer 7c>
2023-09-21T07:12:57.143Z <Buffer 1b>
2023-09-21T07:12:57.144Z <Buffer 5b>
2023-09-21T07:12:57.145Z <Buffer 31>
2023-09-21T07:12:57.146Z <Buffer 30>
2023-09-21T07:12:57.147Z <Buffer 3b>
2023-09-21T07:12:57.148Z <Buffer 37>
2023-09-21T07:12:57.149Z <Buffer 39>
2023-09-21T07:12:57.150Z <Buffer 48>
2023-09-21T07:12:57.151Z <Buffer 7c>
2023-09-21T07:12:57.153Z <Buffer 1b>
2023-09-21T07:12:57.154Z <Buffer 5b>
2023-09-21T07:12:57.155Z <Buffer 31>
2023-09-21T07:12:57.156Z <Buffer 31>
2023-09-21T07:12:57.157Z <Buffer 3b>
2023-09-21T07:12:57.158Z <Buffer 32>
2023-09-21T07:12:57.159Z <Buffer 48>
2023-09-21T07:12:57.160Z <Buffer 7c>
2023-09-21T07:12:57.161Z <Buffer 1b>
2023-09-21T07:12:57.162Z <Buffer 5b>
2023-09-21T07:12:57.163Z <Buffer 31>
2023-09-21T07:12:57.164Z <Buffer 31>
2023-09-21T07:12:57.165Z <Buffer 3b>
2023-09-21T07:12:57.166Z <Buffer 37>
2023-09-21T07:12:57.167Z <Buffer 39>
2023-09-21T07:12:57.168Z <Buffer 48>
2023-09-21T07:12:57.169Z <Buffer 7c>
2023-09-21T07:12:57.170Z <Buffer 1b>
2023-09-21T07:12:57.171Z <Buffer 5b>
2023-09-21T07:12:57.172Z <Buffer 31>
2023-09-21T07:12:57.173Z <Buffer 32>
2023-09-21T07:12:57.174Z <Buffer 3b>
2023-09-21T07:12:57.175Z <Buffer 32>
2023-09-21T07:12:57.176Z <Buffer 48>
2023-09-21T07:12:57.177Z <Buffer 7c>
2023-09-21T07:12:57.178Z <Buffer 1b>
2023-09-21T07:12:57.180Z <Buffer 5b>
2023-09-21T07:12:57.181Z <Buffer 31>
2023-09-21T07:12:57.182Z <Buffer 32>
2023-09-21T07:12:57.183Z <Buffer 3b>
2023-09-21T07:12:57.184Z <Buffer 37>
2023-09-21T07:12:57.185Z <Buffer 39>
2023-09-21T07:12:57.186Z <Buffer 48>
2023-09-21T07:12:57.187Z <Buffer 7c>
2023-09-21T07:12:57.188Z <Buffer 1b>
2023-09-21T07:12:57.189Z <Buffer 5b>
2023-09-21T07:12:57.190Z <Buffer 31>
2023-09-21T07:12:57.191Z <Buffer 33>
2023-09-21T07:12:57.192Z <Buffer 3b>
2023-09-21T07:12:57.193Z <Buffer 32>
2023-09-21T07:12:57.194Z <Buffer 48>
2023-09-21T07:12:57.195Z <Buffer 7c>
2023-09-21T07:12:57.196Z <Buffer 1b>
2023-09-21T07:12:57.197Z <Buffer 5b>
2023-09-21T07:12:57.198Z <Buffer 31>
2023-09-21T07:12:57.199Z <Buffer 33>
2023-09-21T07:12:57.200Z <Buffer 3b>
2023-09-21T07:12:57.201Z <Buffer 37>
2023-09-21T07:12:57.202Z <Buffer 39>
2023-09-21T07:12:57.204Z <Buffer 48>
2023-09-21T07:12:57.205Z <Buffer 7c>
2023-09-21T07:12:57.206Z <Buffer 1b>
2023-09-21T07:12:57.207Z <Buffer 5b>
2023-09-21T07:12:57.208Z <Buffer 31>
2023-09-21T07:12:57.209Z <Buffer 34>
2023-09-21T07:12:57.210Z <Buffer 3b>
2023-09-21T07:12:57.211Z <Buffer 32>
2023-09-21T07:12:57.212Z <Buffer 48>
2023-09-21T07:12:57.213Z <Buffer 7c>
2023-09-21T07:12:57.214Z <Buffer 1b>
2023-09-21T07:12:57.215Z <Buffer 5b>
2023-09-21T07:12:57.216Z <Buffer 31>
2023-09-21T07:12:57.217Z <Buffer 34>
2023-09-21T07:12:57.218Z <Buffer 3b>
2023-09-21T07:12:57.219Z <Buffer 37>
2023-09-21T07:12:57.220Z <Buffer 39>
2023-09-21T07:12:57.221Z <Buffer 48>
2023-09-21T07:12:57.222Z <Buffer 7c>
2023-09-21T07:12:57.223Z <Buffer 1b>
2023-09-21T07:12:57.224Z <Buffer 5b>
2023-09-21T07:12:57.225Z <Buffer 31>
2023-09-21T07:12:57.226Z <Buffer 35>
2023-09-21T07:12:57.227Z <Buffer 3b>
2023-09-21T07:12:57.228Z <Buffer 32>
2023-09-21T07:12:57.230Z <Buffer 48>
2023-09-21T07:12:57.231Z <Buffer 7c>
2023-09-21T07:12:57.232Z <Buffer 1b>
2023-09-21T07:12:57.233Z <Buffer 5b>
2023-09-21T07:12:57.234Z <Buffer 31>
2023-09-21T07:12:57.235Z <Buffer 35>
2023-09-21T07:12:57.236Z <Buffer 3b>
2023-09-21T07:12:57.237Z <Buffer 37>
2023-09-21T07:12:57.238Z <Buffer 39>
2023-09-21T07:12:57.239Z <Buffer 48>
2023-09-21T07:12:57.240Z <Buffer 7c>
2023-09-21T07:12:57.241Z <Buffer 1b>
2023-09-21T07:12:57.242Z <Buffer 5b>
2023-09-21T07:12:57.243Z <Buffer 31>
2023-09-21T07:12:57.244Z <Buffer 36>
2023-09-21T07:12:57.245Z <Buffer 3b>
2023-09-21T07:12:57.246Z <Buffer 32>
2023-09-21T07:12:57.247Z <Buffer 48>
2023-09-21T07:12:57.248Z <Buffer 7c>
2023-09-21T07:12:57.249Z <Buffer 1b>
2023-09-21T07:12:57.250Z <Buffer 5b>
2023-09-21T07:12:57.251Z <Buffer 31>
2023-09-21T07:12:57.252Z <Buffer 36>
2023-09-21T07:12:57.254Z <Buffer 3b>
2023-09-21T07:12:57.255Z <Buffer 37>
2023-09-21T07:12:57.256Z <Buffer 39>
2023-09-21T07:12:57.256Z <Buffer 48>
2023-09-21T07:12:57.258Z <Buffer 7c>
2023-09-21T07:12:57.259Z <Buffer 1b>
2023-09-21T07:12:57.260Z <Buffer 5b>
2023-09-21T07:12:57.261Z <Buffer 31>
2023-09-21T07:12:57.262Z <Buffer 37>
2023-09-21T07:12:57.263Z <Buffer 3b>
2023-09-21T07:12:57.264Z <Buffer 32>
2023-09-21T07:12:57.265Z <Buffer 48>
2023-09-21T07:12:57.266Z <Buffer 2b>
2023-09-21T07:12:57.267Z <Buffer 2d>
2023-09-21T07:12:57.268Z <Buffer 2d>
2023-09-21T07:12:57.269Z <Buffer 2d>
2023-09-21T07:12:57.270Z <Buffer 2d>
2023-09-21T07:12:57.271Z <Buffer 2d>
2023-09-21T07:12:57.272Z <Buffer 2d>
2023-09-21T07:12:57.274Z <Buffer 2d>
2023-09-21T07:12:57.274Z <Buffer 2d>
2023-09-21T07:12:57.275Z <Buffer 2d>
2023-09-21T07:12:57.277Z <Buffer 2d>
2023-09-21T07:12:57.277Z <Buffer 2d>
2023-09-21T07:12:57.278Z <Buffer 2d>
2023-09-21T07:12:57.279Z <Buffer 2d>
2023-09-21T07:12:57.280Z <Buffer 2d>
2023-09-21T07:12:57.281Z <Buffer 2d>
2023-09-21T07:12:57.282Z <Buffer 2d>
2023-09-21T07:12:57.284Z <Buffer 2d>
2023-09-21T07:12:57.285Z <Buffer 2d>
2023-09-21T07:12:57.286Z <Buffer 2d>
2023-09-21T07:12:57.287Z <Buffer 2d>
2023-09-21T07:12:57.288Z <Buffer 2d>
2023-09-21T07:12:57.289Z <Buffer 2d>
2023-09-21T07:12:57.290Z <Buffer 2d>
2023-09-21T07:12:57.291Z <Buffer 2d>
2023-09-21T07:12:57.292Z <Buffer 2d>
2023-09-21T07:12:57.293Z <Buffer 2d>
2023-09-21T07:12:57.294Z <Buffer 2d>
2023-09-21T07:12:57.295Z <Buffer 2d>
2023-09-21T07:12:57.296Z <Buffer 2d>
2023-09-21T07:12:57.297Z <Buffer 2d>
2023-09-21T07:12:57.298Z <Buffer 2d>
2023-09-21T07:12:57.299Z <Buffer 2d>
2023-09-21T07:12:57.300Z <Buffer 2d>
2023-09-21T07:12:57.301Z <Buffer 2d>
2023-09-21T07:12:57.302Z <Buffer 2d>
2023-09-21T07:12:57.303Z <Buffer 2d>
2023-09-21T07:12:57.304Z <Buffer 2d>
2023-09-21T07:12:57.305Z <Buffer 2d>
2023-09-21T07:12:57.306Z <Buffer 2d>
2023-09-21T07:12:57.307Z <Buffer 2d>
2023-09-21T07:12:57.308Z <Buffer 2d>
2023-09-21T07:12:57.309Z <Buffer 2d>
2023-09-21T07:12:57.311Z <Buffer 2d>
2023-09-21T07:12:57.312Z <Buffer 2d>
2023-09-21T07:12:57.313Z <Buffer 2d>
2023-09-21T07:12:57.314Z <Buffer 2d>
2023-09-21T07:12:57.315Z <Buffer 2d>
2023-09-21T07:12:57.316Z <Buffer 2d>
2023-09-21T07:12:57.317Z <Buffer 2d>
2023-09-21T07:12:57.318Z <Buffer 2d>
2023-09-21T07:12:57.319Z <Buffer 2d>
2023-09-21T07:12:57.320Z <Buffer 2d>
2023-09-21T07:12:57.321Z <Buffer 2d>
2023-09-21T07:12:57.322Z <Buffer 2d>
2023-09-21T07:12:57.323Z <Buffer 2d>
2023-09-21T07:12:57.324Z <Buffer 2d>
2023-09-21T07:12:57.325Z <Buffer 2d>
2023-09-21T07:12:57.326Z <Buffer 2d>
2023-09-21T07:12:57.327Z <Buffer 2d>
2023-09-21T07:12:57.328Z <Buffer 2d>
2023-09-21T07:12:57.329Z <Buffer 2d>
2023-09-21T07:12:57.330Z <Buffer 2d>
2023-09-21T07:12:57.331Z <Buffer 2d>
2023-09-21T07:12:57.332Z <Buffer 2d>
2023-09-21T07:12:57.333Z <Buffer 2d>
2023-09-21T07:12:57.334Z <Buffer 2d>
2023-09-21T07:12:57.336Z <Buffer 2d>
2023-09-21T07:12:57.337Z <Buffer 2d>
2023-09-21T07:12:57.338Z <Buffer 2d>
2023-09-21T07:12:57.339Z <Buffer 2d>
2023-09-21T07:12:57.340Z <Buffer 2d>
2023-09-21T07:12:57.341Z <Buffer 2d>
2023-09-21T07:12:57.342Z <Buffer 2d>
2023-09-21T07:12:57.343Z <Buffer 2d>
2023-09-21T07:12:57.344Z <Buffer 2d>
2023-09-21T07:12:57.345Z <Buffer 2d>
2023-09-21T07:12:57.346Z <Buffer 2b>
2023-09-21T07:12:57.347Z <Buffer 1b>
2023-09-21T07:12:57.348Z <Buffer 5b>
2023-09-21T07:12:57.349Z <Buffer 6d>
2023-09-21T07:12:57.350Z <Buffer 1b>
2023-09-21T07:12:57.352Z <Buffer 5b>
2023-09-21T07:12:57.353Z <Buffer 31>
2023-09-21T07:12:57.353Z <Buffer 38>
2023-09-21T07:12:57.354Z <Buffer 3b>
2023-09-21T07:12:57.355Z <Buffer 32>
2023-09-21T07:12:57.356Z <Buffer 48>
2023-09-21T07:12:57.357Z <Buffer 1b>
2023-09-21T07:12:57.358Z <Buffer 5b>
2023-09-21T07:12:57.360Z <Buffer 31>
2023-09-21T07:12:57.361Z <Buffer 39>
2023-09-21T07:12:57.362Z <Buffer 3b>
2023-09-21T07:12:57.363Z <Buffer 32>
2023-09-21T07:12:57.364Z <Buffer 48>
2023-09-21T07:12:57.365Z <Buffer 1b>
2023-09-21T07:12:57.366Z <Buffer 5b>
2023-09-21T07:12:57.367Z <Buffer 6d>
2023-09-21T07:12:57.368Z <Buffer 20>
2023-09-21T07:12:57.369Z <Buffer 20>
2023-09-21T07:12:57.370Z <Buffer 20>
2023-09-21T07:12:57.371Z <Buffer 20>
2023-09-21T07:12:57.372Z <Buffer 20>
2023-09-21T07:12:57.373Z <Buffer 55>
2023-09-21T07:12:57.374Z <Buffer 73>
2023-09-21T07:12:57.375Z <Buffer 65>
2023-09-21T07:12:57.376Z <Buffer 20>
2023-09-21T07:12:57.377Z <Buffer 74>
2023-09-21T07:12:57.378Z <Buffer 68>
2023-09-21T07:12:57.379Z <Buffer 65>
2023-09-21T07:12:57.380Z <Buffer 20>
2023-09-21T07:12:57.381Z <Buffer 5e>
2023-09-21T07:12:57.382Z <Buffer 20>
2023-09-21T07:12:57.383Z <Buffer 61>
2023-09-21T07:12:57.384Z <Buffer 6e>
2023-09-21T07:12:57.385Z <Buffer 64>
2023-09-21T07:12:57.386Z <Buffer 20>
2023-09-21T07:12:57.388Z <Buffer 76>
2023-09-21T07:12:57.389Z <Buffer 20>
2023-09-21T07:12:57.390Z <Buffer 6b>
2023-09-21T07:12:57.391Z <Buffer 65>
2023-09-21T07:12:57.392Z <Buffer 79>
2023-09-21T07:12:57.393Z <Buffer 73>
2023-09-21T07:12:57.394Z <Buffer 20>
2023-09-21T07:12:57.395Z <Buffer 74>
2023-09-21T07:12:57.396Z <Buffer 6f>
2023-09-21T07:12:57.397Z <Buffer 20>
2023-09-21T07:12:57.398Z <Buffer 73>
2023-09-21T07:12:57.399Z <Buffer 65>
2023-09-21T07:12:57.400Z <Buffer 6c>
2023-09-21T07:12:57.401Z <Buffer 65>
2023-09-21T07:12:57.402Z <Buffer 63>
2023-09-21T07:12:57.403Z <Buffer 74>
2023-09-21T07:12:57.404Z <Buffer 20>
2023-09-21T07:12:57.405Z <Buffer 77>
2023-09-21T07:12:57.406Z <Buffer 68>
2023-09-21T07:12:57.407Z <Buffer 69>
2023-09-21T07:12:57.408Z <Buffer 63>
2023-09-21T07:12:57.409Z <Buffer 68>
2023-09-21T07:12:57.410Z <Buffer 20>
2023-09-21T07:12:57.411Z <Buffer 65>
2023-09-21T07:12:57.413Z <Buffer 6e>
2023-09-21T07:12:57.414Z <Buffer 74>
2023-09-21T07:12:57.415Z <Buffer 72>
2023-09-21T07:12:57.416Z <Buffer 79>
2023-09-21T07:12:57.417Z <Buffer 20>
2023-09-21T07:12:57.418Z <Buffer 69>
2023-09-21T07:12:57.419Z <Buffer 73>
2023-09-21T07:12:57.420Z <Buffer 20>
2023-09-21T07:12:57.421Z <Buffer 68>
2023-09-21T07:12:57.422Z <Buffer 69>
2023-09-21T07:12:57.423Z <Buffer 67>
2023-09-21T07:12:57.424Z <Buffer 68>
2023-09-21T07:12:57.425Z <Buffer 6c>
2023-09-21T07:12:57.427Z <Buffer 69>
2023-09-21T07:12:57.427Z <Buffer 67>
2023-09-21T07:12:57.428Z <Buffer 68>
2023-09-21T07:12:57.429Z <Buffer 74>
2023-09-21T07:12:57.430Z <Buffer 65>
2023-09-21T07:12:57.431Z <Buffer 64>
2023-09-21T07:12:57.432Z <Buffer 2e>
2023-09-21T07:12:57.433Z <Buffer 20>
2023-09-21T07:12:57.434Z <Buffer 20>
2023-09-21T07:12:57.435Z <Buffer 20>
2023-09-21T07:12:57.436Z <Buffer 20>
2023-09-21T07:12:57.437Z <Buffer 20>
2023-09-21T07:12:57.438Z <Buffer 20>
2023-09-21T07:12:57.440Z <Buffer 20>
2023-09-21T07:12:57.441Z <Buffer 20>
2023-09-21T07:12:57.442Z <Buffer 20>
2023-09-21T07:12:57.443Z <Buffer 20>
2023-09-21T07:12:57.444Z <Buffer 0a>
2023-09-21T07:12:57.445Z <Buffer 0d>
2023-09-21T07:12:57.446Z <Buffer 20>
2023-09-21T07:12:57.447Z <Buffer 20>
2023-09-21T07:12:57.448Z <Buffer 20>
2023-09-21T07:12:57.449Z <Buffer 20>
2023-09-21T07:12:57.450Z <Buffer 20>
2023-09-21T07:12:57.451Z <Buffer 20>
2023-09-21T07:12:57.452Z <Buffer 50>
2023-09-21T07:12:57.453Z <Buffer 72>
2023-09-21T07:12:57.454Z <Buffer 65>
2023-09-21T07:12:57.455Z <Buffer 73>
2023-09-21T07:12:57.456Z <Buffer 73>
2023-09-21T07:12:57.457Z <Buffer 20>
2023-09-21T07:12:57.458Z <Buffer 65>
2023-09-21T07:12:57.459Z <Buffer 6e>
2023-09-21T07:12:57.460Z <Buffer 74>
2023-09-21T07:12:57.461Z <Buffer 65>
2023-09-21T07:12:57.462Z <Buffer 72>
2023-09-21T07:12:57.463Z <Buffer 20>
2023-09-21T07:12:57.464Z <Buffer 74>
2023-09-21T07:12:57.466Z <Buffer 6f>
2023-09-21T07:12:57.467Z <Buffer 20>
2023-09-21T07:12:57.468Z <Buffer 62>
2023-09-21T07:12:57.469Z <Buffer 6f>
2023-09-21T07:12:57.470Z <Buffer 6f>
2023-09-21T07:12:57.471Z <Buffer 74>
2023-09-21T07:12:57.472Z <Buffer 20>
2023-09-21T07:12:57.473Z <Buffer 74>
2023-09-21T07:12:57.474Z <Buffer 68>
2023-09-21T07:12:57.475Z <Buffer 65>
2023-09-21T07:12:57.476Z <Buffer 20>
2023-09-21T07:12:57.477Z <Buffer 73>
2023-09-21T07:12:57.478Z <Buffer 65>
2023-09-21T07:12:57.479Z <Buffer 6c>
2023-09-21T07:12:57.480Z <Buffer 65>
2023-09-21T07:12:57.481Z <Buffer 63>
2023-09-21T07:12:57.482Z <Buffer 74>
2023-09-21T07:12:57.483Z <Buffer 65>
2023-09-21T07:12:57.484Z <Buffer 64>
2023-09-21T07:12:57.485Z <Buffer 20>
2023-09-21T07:12:57.486Z <Buffer 4f>
2023-09-21T07:12:57.487Z <Buffer 53>
2023-09-21T07:12:57.488Z <Buffer 2c>
2023-09-21T07:12:57.489Z <Buffer 20>
2023-09-21T07:12:57.490Z <Buffer 60>
2023-09-21T07:12:57.492Z <Buffer 65>
2023-09-21T07:12:57.493Z <Buffer 27>
2023-09-21T07:12:57.494Z <Buffer 20>
2023-09-21T07:12:57.495Z <Buffer 74>
2023-09-21T07:12:57.496Z <Buffer 6f>
2023-09-21T07:12:57.497Z <Buffer 20>
2023-09-21T07:12:57.498Z <Buffer 65>
2023-09-21T07:12:57.499Z <Buffer 64>
2023-09-21T07:12:57.500Z <Buffer 69>
2023-09-21T07:12:57.501Z <Buffer 74>
2023-09-21T07:12:57.502Z <Buffer 20>
2023-09-21T07:12:57.504Z <Buffer 74 68>
2023-09-21T07:12:57.505Z <Buffer 65>
2023-09-21T07:12:57.506Z <Buffer 20>
2023-09-21T07:12:57.507Z <Buffer 63>
2023-09-21T07:12:57.508Z <Buffer 6f>
2023-09-21T07:12:57.509Z <Buffer 6d>
2023-09-21T07:12:57.510Z <Buffer 6d>
2023-09-21T07:12:57.511Z <Buffer 61>
2023-09-21T07:12:57.512Z <Buffer 6e>
2023-09-21T07:12:57.513Z <Buffer 64>
2023-09-21T07:12:57.514Z <Buffer 73>
2023-09-21T07:12:57.515Z <Buffer 20>
2023-09-21T07:12:57.516Z <Buffer 20>
2023-09-21T07:12:57.517Z <Buffer 20>
2023-09-21T07:12:57.519Z <Buffer 20>
2023-09-21T07:12:57.520Z <Buffer 20>
2023-09-21T07:12:57.521Z <Buffer 20>
2023-09-21T07:12:57.522Z <Buffer 20>
2023-09-21T07:12:57.523Z <Buffer 0a>
2023-09-21T07:12:57.524Z <Buffer 0d>
2023-09-21T07:12:57.525Z <Buffer 20>
2023-09-21T07:12:57.526Z <Buffer 20>
2023-09-21T07:12:57.527Z <Buffer 20>
2023-09-21T07:12:57.528Z <Buffer 20>
2023-09-21T07:12:57.529Z <Buffer 20>
2023-09-21T07:12:57.530Z <Buffer 20>
2023-09-21T07:12:57.531Z <Buffer 62>
2023-09-21T07:12:57.532Z <Buffer 65>
2023-09-21T07:12:57.533Z <Buffer 66>
2023-09-21T07:12:57.534Z <Buffer 6f>
2023-09-21T07:12:57.535Z <Buffer 72>
2023-09-21T07:12:57.536Z <Buffer 65>
2023-09-21T07:12:57.537Z <Buffer 20>
2023-09-21T07:12:57.538Z <Buffer 62>
2023-09-21T07:12:57.539Z <Buffer 6f>
2023-09-21T07:12:57.540Z <Buffer 6f>
2023-09-21T07:12:57.541Z <Buffer 74>
2023-09-21T07:12:57.542Z <Buffer 69>
2023-09-21T07:12:57.544Z <Buffer 6e>
2023-09-21T07:12:57.545Z <Buffer 67>
2023-09-21T07:12:57.546Z <Buffer 20>
2023-09-21T07:12:57.547Z <Buffer 6f>
2023-09-21T07:12:57.548Z <Buffer 72>
2023-09-21T07:12:57.549Z <Buffer 20>
2023-09-21T07:12:57.550Z <Buffer 60>
2023-09-21T07:12:57.551Z <Buffer 63>
2023-09-21T07:12:57.552Z <Buffer 27>
2023-09-21T07:12:57.553Z <Buffer 20>
2023-09-21T07:12:57.554Z <Buffer 66>
2023-09-21T07:12:57.555Z <Buffer 6f>
2023-09-21T07:12:57.556Z <Buffer 72>
2023-09-21T07:12:57.557Z <Buffer 20>
2023-09-21T07:12:57.558Z <Buffer 61>
2023-09-21T07:12:57.559Z <Buffer 20>
2023-09-21T07:12:57.560Z <Buffer 63>
2023-09-21T07:12:57.561Z <Buffer 6f>
2023-09-21T07:12:57.562Z <Buffer 6d>
2023-09-21T07:12:57.563Z <Buffer 6d>
2023-09-21T07:12:57.564Z <Buffer 61>
2023-09-21T07:12:57.565Z <Buffer 6e>
2023-09-21T07:12:57.566Z <Buffer 64>
2023-09-21T07:12:57.567Z <Buffer 2d>
2023-09-21T07:12:57.568Z <Buffer 6c>
2023-09-21T07:12:57.569Z <Buffer 69>
2023-09-21T07:12:57.571Z <Buffer 6e>
2023-09-21T07:12:57.572Z <Buffer 65>
2023-09-21T07:12:57.573Z <Buffer 2e>
2023-09-21T07:12:57.574Z <Buffer 20>
2023-09-21T07:12:57.575Z <Buffer 20>
2023-09-21T07:12:57.576Z <Buffer 20>
2023-09-21T07:12:57.577Z <Buffer 20>
2023-09-21T07:12:57.578Z <Buffer 20>
2023-09-21T07:12:57.579Z <Buffer 20>
2023-09-21T07:12:57.580Z <Buffer 20>
2023-09-21T07:12:57.582Z <Buffer 20>
2023-09-21T07:12:57.582Z <Buffer 20>
2023-09-21T07:12:57.583Z <Buffer 20>
2023-09-21T07:12:57.584Z <Buffer 20>
2023-09-21T07:12:57.585Z <Buffer 20>
2023-09-21T07:12:57.586Z <Buffer 20>
2023-09-21T07:12:57.587Z <Buffer 20>
2023-09-21T07:12:57.588Z <Buffer 20>
2023-09-21T07:12:57.589Z <Buffer 20>
2023-09-21T07:12:57.590Z <Buffer 20>
2023-09-21T07:12:57.591Z <Buffer 20>
2023-09-21T07:12:57.592Z <Buffer 20>
2023-09-21T07:12:57.593Z <Buffer 20>
2023-09-21T07:12:57.594Z <Buffer 20>
2023-09-21T07:12:57.596Z <Buffer 20>
2023-09-21T07:12:57.597Z <Buffer 20>
2023-09-21T07:12:57.598Z <Buffer 20>
2023-09-21T07:12:57.599Z <Buffer 20>
2023-09-21T07:12:57.600Z <Buffer 20>
2023-09-21T07:12:57.601Z <Buffer 20>
2023-09-21T07:12:57.602Z <Buffer 1b>
2023-09-21T07:12:57.603Z <Buffer 5b>
2023-09-21T07:12:57.604Z <Buffer 35>
2023-09-21T07:12:57.605Z <Buffer 3b>
2023-09-21T07:12:57.606Z <Buffer 38>
2023-09-21T07:12:57.607Z <Buffer 30>
2023-09-21T07:12:57.608Z <Buffer 48>
2023-09-21T07:12:57.609Z <Buffer 20>
2023-09-21T07:12:57.610Z <Buffer 1b>
2023-09-21T07:12:57.611Z <Buffer 5b>
2023-09-21T07:12:57.612Z <Buffer 37>
2023-09-21T07:12:57.613Z <Buffer 6d>
2023-09-21T07:12:57.614Z <Buffer 1b>
2023-09-21T07:12:57.615Z <Buffer 5b>
2023-09-21T07:12:57.616Z <Buffer 35>
2023-09-21T07:12:57.617Z <Buffer 3b>
2023-09-21T07:12:57.618Z <Buffer 33>
2023-09-21T07:12:57.619Z <Buffer 48>
2023-09-21T07:12:57.620Z <Buffer 2a>
2023-09-21T07:12:57.621Z <Buffer 41>
2023-09-21T07:12:57.622Z <Buffer 72>
2023-09-21T07:12:57.624Z <Buffer 63>
2023-09-21T07:12:57.625Z <Buffer 68>
2023-09-21T07:12:57.626Z <Buffer 20>
2023-09-21T07:12:57.627Z <Buffer 4c>
2023-09-21T07:12:57.628Z <Buffer 69>
2023-09-21T07:12:57.629Z <Buffer 6e>
2023-09-21T07:12:57.630Z <Buffer 75>
2023-09-21T07:12:57.631Z <Buffer 78>
2023-09-21T07:12:57.632Z <Buffer 20>
2023-09-21T07:12:57.633Z <Buffer 20>
2023-09-21T07:12:57.634Z <Buffer 20>
2023-09-21T07:12:57.635Z <Buffer 20>
2023-09-21T07:12:57.636Z <Buffer 20>
2023-09-21T07:12:57.637Z <Buffer 20>
2023-09-21T07:12:57.638Z <Buffer 20>
2023-09-21T07:12:57.639Z <Buffer 20>
2023-09-21T07:12:57.640Z <Buffer 20>
2023-09-21T07:12:57.641Z <Buffer 20>
2023-09-21T07:12:57.642Z <Buffer 20>
2023-09-21T07:12:57.643Z <Buffer 20>
2023-09-21T07:12:57.644Z <Buffer 20>
2023-09-21T07:12:57.645Z <Buffer 20>
2023-09-21T07:12:57.646Z <Buffer 20>
2023-09-21T07:12:57.647Z <Buffer 20>
2023-09-21T07:12:57.648Z <Buffer 20>
2023-09-21T07:12:57.650Z <Buffer 20>
2023-09-21T07:12:57.651Z <Buffer 20>
2023-09-21T07:12:57.652Z <Buffer 20>
2023-09-21T07:12:57.653Z <Buffer 20>
2023-09-21T07:12:57.654Z <Buffer 20>
2023-09-21T07:12:57.655Z <Buffer 20>
2023-09-21T07:12:57.656Z <Buffer 20>
2023-09-21T07:12:57.657Z <Buffer 20>
2023-09-21T07:12:57.658Z <Buffer 20>
2023-09-21T07:12:57.659Z <Buffer 20>
2023-09-21T07:12:57.660Z <Buffer 20>
2023-09-21T07:12:57.662Z <Buffer 20>
2023-09-21T07:12:57.662Z <Buffer 20>
2023-09-21T07:12:57.663Z <Buffer 20>
2023-09-21T07:12:57.664Z <Buffer 20>
2023-09-21T07:12:57.665Z <Buffer 20>
2023-09-21T07:12:57.666Z <Buffer 20>
2023-09-21T07:12:57.667Z <Buffer 20>
2023-09-21T07:12:57.668Z <Buffer 20>
2023-09-21T07:12:57.669Z <Buffer 20>
2023-09-21T07:12:57.670Z <Buffer 20>
2023-09-21T07:12:57.671Z <Buffer 20>
2023-09-21T07:12:57.672Z <Buffer 20>
2023-09-21T07:12:57.673Z <Buffer 20>
2023-09-21T07:12:57.674Z <Buffer 20>
2023-09-21T07:12:57.676Z <Buffer 20>
2023-09-21T07:12:57.677Z <Buffer 20>
2023-09-21T07:12:57.678Z <Buffer 20>
2023-09-21T07:12:57.679Z <Buffer 20>
2023-09-21T07:12:57.680Z <Buffer 20>
2023-09-21T07:12:57.681Z <Buffer 20>
2023-09-21T07:12:57.682Z <Buffer 20>
2023-09-21T07:12:57.683Z <Buffer 20>
2023-09-21T07:12:57.684Z <Buffer 20>
2023-09-21T07:12:57.685Z <Buffer 20>
2023-09-21T07:12:57.686Z <Buffer 20>
2023-09-21T07:12:57.687Z <Buffer 20>
2023-09-21T07:12:57.688Z <Buffer 20>
2023-09-21T07:12:57.689Z <Buffer 20>
2023-09-21T07:12:57.690Z <Buffer 20>
2023-09-21T07:12:57.691Z <Buffer 20>
2023-09-21T07:12:57.692Z <Buffer 20>
2023-09-21T07:12:57.693Z <Buffer 20>
2023-09-21T07:12:57.694Z <Buffer 20>
2023-09-21T07:12:57.695Z <Buffer 20>
2023-09-21T07:12:57.696Z <Buffer 20>
2023-09-21T07:12:57.697Z <Buffer 20>
2023-09-21T07:12:57.698Z <Buffer 20>
2023-09-21T07:12:57.699Z <Buffer 1b>
2023-09-21T07:12:57.700Z <Buffer 5b>
2023-09-21T07:12:57.702Z <Buffer 6d>
2023-09-21T07:12:57.703Z <Buffer 1b>
2023-09-21T07:12:57.704Z <Buffer 5b>
2023-09-21T07:12:57.705Z <Buffer 35>
2023-09-21T07:12:57.706Z <Buffer 3b>
2023-09-21T07:12:57.707Z <Buffer 37>
2023-09-21T07:12:57.708Z <Buffer 38>
2023-09-21T07:12:57.709Z <Buffer 48>
2023-09-21T07:12:57.710Z <Buffer 1b>
2023-09-21T07:12:57.711Z <Buffer 5b>
2023-09-21T07:12:57.712Z <Buffer 6d>
2023-09-21T07:12:57.713Z <Buffer 1b>
2023-09-21T07:12:57.714Z <Buffer 5b>
2023-09-21T07:12:57.715Z <Buffer 6d>
2023-09-21T07:12:57.716Z <Buffer 1b>
2023-09-21T07:12:57.717Z <Buffer 5b>
2023-09-21T07:12:57.718Z <Buffer 36>
2023-09-21T07:12:57.719Z <Buffer 3b>
2023-09-21T07:12:57.720Z <Buffer 33>
2023-09-21T07:12:57.721Z <Buffer 48>
2023-09-21T07:12:57.722Z <Buffer 20>
2023-09-21T07:12:57.723Z <Buffer 41>
2023-09-21T07:12:57.724Z <Buffer 64>
2023-09-21T07:12:57.725Z <Buffer 76>
2023-09-21T07:12:57.726Z <Buffer 61>
2023-09-21T07:12:57.728Z <Buffer 6e>
2023-09-21T07:12:57.729Z <Buffer 63>
2023-09-21T07:12:57.730Z <Buffer 65>
2023-09-21T07:12:57.731Z <Buffer 64>
2023-09-21T07:12:57.732Z <Buffer 20>
2023-09-21T07:12:57.733Z <Buffer 6f>
2023-09-21T07:12:57.734Z <Buffer 70>
2023-09-21T07:12:57.735Z <Buffer 74>
2023-09-21T07:12:57.736Z <Buffer 69>
2023-09-21T07:12:57.737Z <Buffer 6f>
2023-09-21T07:12:57.738Z <Buffer 6e>
2023-09-21T07:12:57.739Z <Buffer 73>
2023-09-21T07:12:57.740Z <Buffer 20>
2023-09-21T07:12:57.741Z <Buffer 66>
2023-09-21T07:12:57.742Z <Buffer 6f>
2023-09-21T07:12:57.743Z <Buffer 72>
2023-09-21T07:12:57.744Z <Buffer 20>
2023-09-21T07:12:57.745Z <Buffer 41>
2023-09-21T07:12:57.746Z <Buffer 72>
2023-09-21T07:12:57.747Z <Buffer 63>
2023-09-21T07:12:57.748Z <Buffer 68>
2023-09-21T07:12:57.749Z <Buffer 20>
2023-09-21T07:12:57.750Z <Buffer 4c>
2023-09-21T07:12:57.751Z <Buffer 69>
2023-09-21T07:12:57.752Z <Buffer 6e>
2023-09-21T07:12:57.753Z <Buffer 75>
2023-09-21T07:12:57.755Z <Buffer 78>
2023-09-21T07:12:57.756Z <Buffer 20>
2023-09-21T07:12:57.757Z <Buffer 20>
2023-09-21T07:12:57.758Z <Buffer 20>
2023-09-21T07:12:57.759Z <Buffer 20>
2023-09-21T07:12:57.760Z <Buffer 20>
2023-09-21T07:12:57.761Z <Buffer 20>
2023-09-21T07:12:57.762Z <Buffer 20>
2023-09-21T07:12:57.763Z <Buffer 20>
2023-09-21T07:12:57.764Z <Buffer 20>
2023-09-21T07:12:57.765Z <Buffer 20>
2023-09-21T07:12:57.766Z <Buffer 20>
2023-09-21T07:12:57.767Z <Buffer 20>
2023-09-21T07:12:57.768Z <Buffer 20>
2023-09-21T07:12:57.769Z <Buffer 20>
2023-09-21T07:12:57.770Z <Buffer 20>
2023-09-21T07:12:57.771Z <Buffer 20>
2023-09-21T07:12:57.773Z <Buffer 20>
2023-09-21T07:12:57.773Z <Buffer 20>
2023-09-21T07:12:57.774Z <Buffer 20>
2023-09-21T07:12:57.776Z <Buffer 20>
2023-09-21T07:12:57.776Z <Buffer 20>
2023-09-21T07:12:57.778Z <Buffer 20>
2023-09-21T07:12:57.779Z <Buffer 20>
2023-09-21T07:12:57.780Z <Buffer 20>
2023-09-21T07:12:57.781Z <Buffer 20>
2023-09-21T07:12:57.782Z <Buffer 20>
2023-09-21T07:12:57.783Z <Buffer 20>
2023-09-21T07:12:57.784Z <Buffer 20>
2023-09-21T07:12:57.785Z <Buffer 20>
2023-09-21T07:12:57.786Z <Buffer 20>
2023-09-21T07:12:57.787Z <Buffer 20>
2023-09-21T07:12:57.788Z <Buffer 20>
2023-09-21T07:12:57.789Z <Buffer 20>
2023-09-21T07:12:57.790Z <Buffer 20>
2023-09-21T07:12:57.791Z <Buffer 20>
2023-09-21T07:12:57.792Z <Buffer 20>
2023-09-21T07:12:57.793Z <Buffer 20>
2023-09-21T07:12:57.794Z <Buffer 20>
2023-09-21T07:12:57.795Z <Buffer 20>
2023-09-21T07:12:57.797Z <Buffer 20 20>
2023-09-21T07:12:57.799Z <Buffer 20>
2023-09-21T07:12:57.799Z <Buffer 20>
2023-09-21T07:12:57.800Z <Buffer 20>
2023-09-21T07:12:57.801Z <Buffer 1b>
2023-09-21T07:12:57.802Z <Buffer 5b>
2023-09-21T07:12:57.804Z <Buffer 6d>
2023-09-21T07:12:57.805Z <Buffer 1b>
2023-09-21T07:12:57.806Z <Buffer 5b>
2023-09-21T07:12:57.806Z <Buffer 36>
2023-09-21T07:12:57.808Z <Buffer 3b>
2023-09-21T07:12:57.809Z <Buffer 37>
2023-09-21T07:12:57.810Z <Buffer 38>
2023-09-21T07:12:57.811Z <Buffer 48>
2023-09-21T07:12:57.812Z <Buffer 1b>
2023-09-21T07:12:57.813Z <Buffer 5b>
2023-09-21T07:12:57.814Z <Buffer 6d>
2023-09-21T07:12:57.815Z <Buffer 1b>
2023-09-21T07:12:57.816Z <Buffer 5b>
2023-09-21T07:12:57.817Z <Buffer 6d>
2023-09-21T07:12:57.818Z <Buffer 1b>
2023-09-21T07:12:57.819Z <Buffer 5b>
2023-09-21T07:12:57.820Z <Buffer 37>
2023-09-21T07:12:57.821Z <Buffer 3b>
2023-09-21T07:12:57.822Z <Buffer 33>
2023-09-21T07:12:57.823Z <Buffer 48>
2023-09-21T07:12:57.824Z <Buffer 20>
2023-09-21T07:12:57.825Z <Buffer 57>
2023-09-21T07:12:57.826Z <Buffer 69>
2023-09-21T07:12:57.827Z <Buffer 6e>
2023-09-21T07:12:57.828Z <Buffer 64>
2023-09-21T07:12:57.829Z <Buffer 6f>
2023-09-21T07:12:57.830Z <Buffer 77>
2023-09-21T07:12:57.831Z <Buffer 73>
2023-09-21T07:12:57.832Z <Buffer 20>
2023-09-21T07:12:57.834Z <Buffer 42>
2023-09-21T07:12:57.835Z <Buffer 6f>
2023-09-21T07:12:57.836Z <Buffer 6f>
2023-09-21T07:12:57.837Z <Buffer 74>
2023-09-21T07:12:57.838Z <Buffer 20>
2023-09-21T07:12:57.839Z <Buffer 4d>
2023-09-21T07:12:57.840Z <Buffer 61>
2023-09-21T07:12:57.841Z <Buffer 6e>
2023-09-21T07:12:57.842Z <Buffer 61>
2023-09-21T07:12:57.843Z <Buffer 67>
2023-09-21T07:12:57.844Z <Buffer 65>
2023-09-21T07:12:57.845Z <Buffer 72>
2023-09-21T07:12:57.846Z <Buffer 20>
2023-09-21T07:12:57.847Z <Buffer 28>
2023-09-21T07:12:57.848Z <Buffer 6f>
2023-09-21T07:12:57.849Z <Buffer 6e>
2023-09-21T07:12:57.850Z <Buffer 20>
2023-09-21T07:12:57.851Z <Buffer 2f>
2023-09-21T07:12:57.852Z <Buffer 64>
2023-09-21T07:12:57.853Z <Buffer 65>
2023-09-21T07:12:57.854Z <Buffer 76>
2023-09-21T07:12:57.855Z <Buffer 2f>
2023-09-21T07:12:57.856Z <Buffer 73>
2023-09-21T07:12:57.858Z <Buffer 64>
2023-09-21T07:12:57.859Z <Buffer 62>
2023-09-21T07:12:57.860Z <Buffer 31>
2023-09-21T07:12:57.861Z <Buffer 29>
2023-09-21T07:12:57.862Z <Buffer 20>
2023-09-21T07:12:57.863Z <Buffer 20>
2023-09-21T07:12:57.864Z <Buffer 20>
2023-09-21T07:12:57.865Z <Buffer 20>
2023-09-21T07:12:57.866Z <Buffer 20>
2023-09-21T07:12:57.867Z <Buffer 20>
2023-09-21T07:12:57.868Z <Buffer 20>
2023-09-21T07:12:57.869Z <Buffer 20>
2023-09-21T07:12:57.870Z <Buffer 20>
2023-09-21T07:12:57.871Z <Buffer 20>
2023-09-21T07:12:57.872Z <Buffer 20>
2023-09-21T07:12:57.873Z <Buffer 20>
2023-09-21T07:12:57.874Z <Buffer 20>
2023-09-21T07:12:57.875Z <Buffer 20>
2023-09-21T07:12:57.876Z <Buffer 20>
2023-09-21T07:12:57.877Z <Buffer 20>
2023-09-21T07:12:57.878Z <Buffer 20>
2023-09-21T07:12:57.879Z <Buffer 20>
2023-09-21T07:12:57.880Z <Buffer 20>
2023-09-21T07:12:57.881Z <Buffer 20>
2023-09-21T07:12:57.882Z <Buffer 20>
2023-09-21T07:12:57.884Z <Buffer 20>
2023-09-21T07:12:57.885Z <Buffer 20>
2023-09-21T07:12:57.886Z <Buffer 20>
2023-09-21T07:12:57.887Z <Buffer 20>
2023-09-21T07:12:57.888Z <Buffer 20>
2023-09-21T07:12:57.889Z <Buffer 20>
2023-09-21T07:12:57.890Z <Buffer 20>
2023-09-21T07:12:57.891Z <Buffer 20>
2023-09-21T07:12:57.892Z <Buffer 20>
2023-09-21T07:12:57.893Z <Buffer 20>
2023-09-21T07:12:57.894Z <Buffer 20>
2023-09-21T07:12:57.895Z <Buffer 20>
2023-09-21T07:12:57.896Z <Buffer 20>
2023-09-21T07:12:57.898Z <Buffer 20>
2023-09-21T07:12:57.899Z <Buffer 20>
2023-09-21T07:12:57.899Z <Buffer 20>
2023-09-21T07:12:57.900Z <Buffer 20>
2023-09-21T07:12:57.901Z <Buffer 20>
2023-09-21T07:12:57.902Z <Buffer 20>
2023-09-21T07:12:57.903Z <Buffer 1b>
2023-09-21T07:12:57.904Z <Buffer 5b>
2023-09-21T07:12:57.905Z <Buffer 6d>
2023-09-21T07:12:57.906Z <Buffer 1b>
2023-09-21T07:12:57.907Z <Buffer 5b>
2023-09-21T07:12:57.908Z <Buffer 37>
2023-09-21T07:12:57.909Z <Buffer 3b>
2023-09-21T07:12:57.911Z <Buffer 37>
2023-09-21T07:12:57.912Z <Buffer 38>
2023-09-21T07:12:57.913Z <Buffer 48>
2023-09-21T07:12:57.914Z <Buffer 1b>
2023-09-21T07:12:57.915Z <Buffer 5b>
2023-09-21T07:12:57.916Z <Buffer 6d>
2023-09-21T07:12:57.917Z <Buffer 1b>
2023-09-21T07:12:57.918Z <Buffer 5b>
2023-09-21T07:12:57.919Z <Buffer 6d>
2023-09-21T07:12:57.920Z <Buffer 1b>
2023-09-21T07:12:57.921Z <Buffer 5b>
2023-09-21T07:12:57.922Z <Buffer 38>
2023-09-21T07:12:57.923Z <Buffer 3b>
2023-09-21T07:12:57.924Z <Buffer 33>
2023-09-21T07:12:57.925Z <Buffer 48>
2023-09-21T07:12:57.926Z <Buffer 20>
2023-09-21T07:12:57.927Z <Buffer 41>
2023-09-21T07:12:57.928Z <Buffer 72>
2023-09-21T07:12:57.929Z <Buffer 63>
2023-09-21T07:12:57.930Z <Buffer 68>
2023-09-21T07:12:57.931Z <Buffer 20>
2023-09-21T07:12:57.932Z <Buffer 4c>
2023-09-21T07:12:57.933Z <Buffer 69>
2023-09-21T07:12:57.934Z <Buffer 6e>
2023-09-21T07:12:57.936Z <Buffer 75>
2023-09-21T07:12:57.937Z <Buffer 78>
2023-09-21T07:12:57.938Z <Buffer 20>
2023-09-21T07:12:57.939Z <Buffer 73>
2023-09-21T07:12:57.940Z <Buffer 6e>
2023-09-21T07:12:57.941Z <Buffer 61>
2023-09-21T07:12:57.942Z <Buffer 70>
2023-09-21T07:12:57.943Z <Buffer 73>
2023-09-21T07:12:57.944Z <Buffer 68>
2023-09-21T07:12:57.945Z <Buffer 6f>
2023-09-21T07:12:57.946Z <Buffer 74>
2023-09-21T07:12:57.947Z <Buffer 73>
2023-09-21T07:12:57.948Z <Buffer 20>
2023-09-21T07:12:57.949Z <Buffer 20>
2023-09-21T07:12:57.950Z <Buffer 20>
2023-09-21T07:12:57.951Z <Buffer 20>
2023-09-21T07:12:57.952Z <Buffer 20>
2023-09-21T07:12:57.953Z <Buffer 20>
2023-09-21T07:12:57.954Z <Buffer 20>
2023-09-21T07:12:57.955Z <Buffer 20>
2023-09-21T07:12:57.956Z <Buffer 20>
2023-09-21T07:12:57.957Z <Buffer 20>
2023-09-21T07:12:57.958Z <Buffer 20>
2023-09-21T07:12:57.959Z <Buffer 20>
2023-09-21T07:12:57.960Z <Buffer 20>
2023-09-21T07:12:57.961Z <Buffer 20>
2023-09-21T07:12:57.963Z <Buffer 20>
2023-09-21T07:12:57.964Z <Buffer 20>
2023-09-21T07:12:57.965Z <Buffer 20>
2023-09-21T07:12:57.966Z <Buffer 20>
2023-09-21T07:12:57.967Z <Buffer 20>
2023-09-21T07:12:57.968Z <Buffer 20>
2023-09-21T07:12:57.969Z <Buffer 20>
2023-09-21T07:12:57.970Z <Buffer 20>
2023-09-21T07:12:57.971Z <Buffer 20>
2023-09-21T07:12:57.972Z <Buffer 20>
2023-09-21T07:12:57.973Z <Buffer 20>
2023-09-21T07:12:57.974Z <Buffer 20>
2023-09-21T07:12:57.975Z <Buffer 20>
2023-09-21T07:12:57.976Z <Buffer 20>
2023-09-21T07:12:57.977Z <Buffer 20>
2023-09-21T07:12:57.978Z <Buffer 20>
2023-09-21T07:12:57.979Z <Buffer 20>
2023-09-21T07:12:57.980Z <Buffer 20>
2023-09-21T07:12:57.981Z <Buffer 20>
2023-09-21T07:12:57.982Z <Buffer 20>
2023-09-21T07:12:57.983Z <Buffer 20>
2023-09-21T07:12:57.984Z <Buffer 20>
2023-09-21T07:12:57.985Z <Buffer 20>
2023-09-21T07:12:57.986Z <Buffer 20>
2023-09-21T07:12:57.987Z <Buffer 20>
2023-09-21T07:12:57.989Z <Buffer 20>
2023-09-21T07:12:57.990Z <Buffer 20>
2023-09-21T07:12:57.991Z <Buffer 20>
2023-09-21T07:12:57.992Z <Buffer 20>
2023-09-21T07:12:57.993Z <Buffer 20>
2023-09-21T07:12:57.994Z <Buffer 20>
2023-09-21T07:12:57.995Z <Buffer 20>
2023-09-21T07:12:57.996Z <Buffer 20>
2023-09-21T07:12:57.997Z <Buffer 20>
2023-09-21T07:12:57.998Z <Buffer 20>
2023-09-21T07:12:57.999Z <Buffer 20>
2023-09-21T07:12:58.000Z <Buffer 20>
2023-09-21T07:12:58.001Z <Buffer 20>
2023-09-21T07:12:58.002Z <Buffer 20>
2023-09-21T07:12:58.003Z <Buffer 20>
2023-09-21T07:12:58.004Z <Buffer 20>
2023-09-21T07:12:58.005Z <Buffer 1b>
2023-09-21T07:12:58.006Z <Buffer 5b>
2023-09-21T07:12:58.007Z <Buffer 6d>
2023-09-21T07:12:58.008Z <Buffer 1b>
2023-09-21T07:12:58.009Z <Buffer 5b>
2023-09-21T07:12:58.010Z <Buffer 38>
2023-09-21T07:12:58.011Z <Buffer 3b>
2023-09-21T07:12:58.012Z <Buffer 37>
2023-09-21T07:12:58.013Z <Buffer 38>
2023-09-21T07:12:58.015Z <Buffer 48>
2023-09-21T07:12:58.016Z <Buffer 1b>
2023-09-21T07:12:58.017Z <Buffer 5b>
2023-09-21T07:12:58.018Z <Buffer 6d>
2023-09-21T07:12:58.019Z <Buffer 1b>
2023-09-21T07:12:58.020Z <Buffer 5b>
2023-09-21T07:12:58.021Z <Buffer 6d>
2023-09-21T07:12:58.022Z <Buffer 1b>
2023-09-21T07:12:58.023Z <Buffer 5b>
2023-09-21T07:12:58.024Z <Buffer 39>
2023-09-21T07:12:58.025Z <Buffer 3b>
2023-09-21T07:12:58.026Z <Buffer 33>
2023-09-21T07:12:58.027Z <Buffer 48>
2023-09-21T07:12:58.028Z <Buffer 20>
2023-09-21T07:12:58.029Z <Buffer 20>
2023-09-21T07:12:58.030Z <Buffer 20>
2023-09-21T07:12:58.032Z <Buffer 20>
2023-09-21T07:12:58.032Z <Buffer 20>
2023-09-21T07:12:58.033Z <Buffer 20>
2023-09-21T07:12:58.034Z <Buffer 20>
2023-09-21T07:12:58.035Z <Buffer 20>
2023-09-21T07:12:58.037Z <Buffer 20>
2023-09-21T07:12:58.037Z <Buffer 20>
2023-09-21T07:12:58.038Z <Buffer 20>
2023-09-21T07:12:58.040Z <Buffer 20>
2023-09-21T07:12:58.041Z <Buffer 20>
2023-09-21T07:12:58.042Z <Buffer 20>
2023-09-21T07:12:58.043Z <Buffer 20>
2023-09-21T07:12:58.044Z <Buffer 20>
2023-09-21T07:12:58.045Z <Buffer 20>
2023-09-21T07:12:58.046Z <Buffer 20>
2023-09-21T07:12:58.047Z <Buffer 20>
2023-09-21T07:12:58.048Z <Buffer 20>
2023-09-21T07:12:58.049Z <Buffer 20>
2023-09-21T07:12:58.050Z <Buffer 20>
2023-09-21T07:12:58.051Z <Buffer 20>
2023-09-21T07:12:58.052Z <Buffer 20>
2023-09-21T07:12:58.053Z <Buffer 20>
2023-09-21T07:12:58.054Z <Buffer 20>
2023-09-21T07:12:58.055Z <Buffer 20>
2023-09-21T07:12:58.056Z <Buffer 20>
2023-09-21T07:12:58.057Z <Buffer 20>
2023-09-21T07:12:58.058Z <Buffer 20>
2023-09-21T07:12:58.059Z <Buffer 20>
2023-09-21T07:12:58.060Z <Buffer 20>
2023-09-21T07:12:58.061Z <Buffer 20>
2023-09-21T07:12:58.062Z <Buffer 20>
2023-09-21T07:12:58.063Z <Buffer 20>
2023-09-21T07:12:58.064Z <Buffer 20>
2023-09-21T07:12:58.065Z <Buffer 20>
2023-09-21T07:12:58.066Z <Buffer 20>
2023-09-21T07:12:58.068Z <Buffer 20>
2023-09-21T07:12:58.069Z <Buffer 20>
2023-09-21T07:12:58.070Z <Buffer 20>
2023-09-21T07:12:58.071Z <Buffer 20>
2023-09-21T07:12:58.072Z <Buffer 20>
2023-09-21T07:12:58.073Z <Buffer 20>
2023-09-21T07:12:58.074Z <Buffer 20>
2023-09-21T07:12:58.075Z <Buffer 20>
2023-09-21T07:12:58.076Z <Buffer 20>
2023-09-21T07:12:58.077Z <Buffer 20>
2023-09-21T07:12:58.078Z <Buffer 20>
2023-09-21T07:12:58.079Z <Buffer 20>
2023-09-21T07:12:58.080Z <Buffer 20>
2023-09-21T07:12:58.081Z <Buffer 20>
2023-09-21T07:12:58.082Z <Buffer 20>
2023-09-21T07:12:58.083Z <Buffer 20>
2023-09-21T07:12:58.084Z <Buffer 20>
2023-09-21T07:12:58.085Z <Buffer 20>
2023-09-21T07:12:58.086Z <Buffer 20>
2023-09-21T07:12:58.087Z <Buffer 20>
2023-09-21T07:12:58.088Z <Buffer 20>
2023-09-21T07:12:58.089Z <Buffer 20>
2023-09-21T07:12:58.090Z <Buffer 20>
2023-09-21T07:12:58.091Z <Buffer 20>
2023-09-21T07:12:58.092Z <Buffer 20>
2023-09-21T07:12:58.094Z <Buffer 20>
2023-09-21T07:12:58.095Z <Buffer 20>
2023-09-21T07:12:58.096Z <Buffer 20>
2023-09-21T07:12:58.097Z <Buffer 20>
2023-09-21T07:12:58.098Z <Buffer 20>
2023-09-21T07:12:58.099Z <Buffer 20>
2023-09-21T07:12:58.100Z <Buffer 20>
2023-09-21T07:12:58.101Z <Buffer 20>
2023-09-21T07:12:58.102Z <Buffer 20>
2023-09-21T07:12:58.103Z <Buffer 20>
2023-09-21T07:12:58.104Z <Buffer 20>
2023-09-21T07:12:58.105Z <Buffer 20>
2023-09-21T07:12:58.106Z <Buffer 20>
2023-09-21T07:12:58.108Z <Buffer 1b>
2023-09-21T07:12:58.109Z <Buffer 5b>
2023-09-21T07:12:58.109Z <Buffer 6d>
2023-09-21T07:12:58.110Z <Buffer 1b>
2023-09-21T07:12:58.111Z <Buffer 5b>
2023-09-21T07:12:58.112Z <Buffer 39>
2023-09-21T07:12:58.113Z <Buffer 3b>
2023-09-21T07:12:58.115Z <Buffer 37>
2023-09-21T07:12:58.116Z <Buffer 38>
2023-09-21T07:12:58.117Z <Buffer 48>
2023-09-21T07:12:58.118Z <Buffer 1b>
2023-09-21T07:12:58.119Z <Buffer 5b>
2023-09-21T07:12:58.120Z <Buffer 6d>
2023-09-21T07:12:58.120Z <Buffer 1b>
2023-09-21T07:12:58.122Z <Buffer 5b>
2023-09-21T07:12:58.123Z <Buffer 6d>
2023-09-21T07:12:58.124Z <Buffer 1b>
2023-09-21T07:12:58.125Z <Buffer 5b>
2023-09-21T07:12:58.126Z <Buffer 31>
2023-09-21T07:12:58.127Z <Buffer 30>
2023-09-21T07:12:58.128Z <Buffer 3b>
2023-09-21T07:12:58.129Z <Buffer 33>
2023-09-21T07:12:58.130Z <Buffer 48>
2023-09-21T07:12:58.131Z <Buffer 20>
2023-09-21T07:12:58.132Z <Buffer 20>
2023-09-21T07:12:58.133Z <Buffer 20>
2023-09-21T07:12:58.134Z <Buffer 20>
2023-09-21T07:12:58.135Z <Buffer 20>
2023-09-21T07:12:58.136Z <Buffer 20>
2023-09-21T07:12:58.137Z <Buffer 20>
2023-09-21T07:12:58.138Z <Buffer 20>
2023-09-21T07:12:58.139Z <Buffer 20>
2023-09-21T07:12:58.140Z <Buffer 20>
2023-09-21T07:12:58.141Z <Buffer 20>
2023-09-21T07:12:58.142Z <Buffer 20>
2023-09-21T07:12:58.143Z <Buffer 20>
2023-09-21T07:12:58.144Z <Buffer 20>
2023-09-21T07:12:58.145Z <Buffer 20>
2023-09-21T07:12:58.147Z <Buffer 20>
2023-09-21T07:12:58.148Z <Buffer 20>
2023-09-21T07:12:58.149Z <Buffer 20>
2023-09-21T07:12:58.150Z <Buffer 20>
2023-09-21T07:12:58.151Z <Buffer 20>
2023-09-21T07:12:58.152Z <Buffer 20>
2023-09-21T07:12:58.153Z <Buffer 20>
2023-09-21T07:12:58.154Z <Buffer 20>
2023-09-21T07:12:58.155Z <Buffer 20>
2023-09-21T07:12:58.156Z <Buffer 20>
2023-09-21T07:12:58.157Z <Buffer 20>
2023-09-21T07:12:58.158Z <Buffer 20>
2023-09-21T07:12:58.159Z <Buffer 20>
2023-09-21T07:12:58.160Z <Buffer 20>
2023-09-21T07:12:58.161Z <Buffer 20>
2023-09-21T07:12:58.162Z <Buffer 20>
2023-09-21T07:12:58.163Z <Buffer 20>
2023-09-21T07:12:58.164Z <Buffer 20>
2023-09-21T07:12:58.165Z <Buffer 20>
2023-09-21T07:12:58.166Z <Buffer 20>
2023-09-21T07:12:58.167Z <Buffer 20>
2023-09-21T07:12:58.168Z <Buffer 20>
2023-09-21T07:12:58.169Z <Buffer 20>
2023-09-21T07:12:58.171Z <Buffer 20>
2023-09-21T07:12:58.172Z <Buffer 20>
2023-09-21T07:12:58.173Z <Buffer 20>
2023-09-21T07:12:58.174Z <Buffer 20>
2023-09-21T07:12:58.175Z <Buffer 20>
2023-09-21T07:12:58.176Z <Buffer 20>
2023-09-21T07:12:58.177Z <Buffer 20>
2023-09-21T07:12:58.178Z <Buffer 20>
2023-09-21T07:12:58.179Z <Buffer 20>
2023-09-21T07:12:58.180Z <Buffer 20>
2023-09-21T07:12:58.181Z <Buffer 20>
2023-09-21T07:12:58.182Z <Buffer 20>
2023-09-21T07:12:58.183Z <Buffer 20>
2023-09-21T07:12:58.184Z <Buffer 20>
2023-09-21T07:12:58.185Z <Buffer 20>
2023-09-21T07:12:58.186Z <Buffer 20>
2023-09-21T07:12:58.187Z <Buffer 20>
2023-09-21T07:12:58.188Z <Buffer 20>
2023-09-21T07:12:58.189Z <Buffer 20>
2023-09-21T07:12:58.190Z <Buffer 20>
2023-09-21T07:12:58.191Z <Buffer 20>
2023-09-21T07:12:58.192Z <Buffer 20>
2023-09-21T07:12:58.193Z <Buffer 20>
2023-09-21T07:12:58.194Z <Buffer 20>
2023-09-21T07:12:58.195Z <Buffer 20>
2023-09-21T07:12:58.196Z <Buffer 20>
2023-09-21T07:12:58.197Z <Buffer 20>
2023-09-21T07:12:58.199Z <Buffer 20>
2023-09-21T07:12:58.200Z <Buffer 20>
2023-09-21T07:12:58.201Z <Buffer 20>
2023-09-21T07:12:58.202Z <Buffer 20>
2023-09-21T07:12:58.203Z <Buffer 20>
2023-09-21T07:12:58.204Z <Buffer 20>
2023-09-21T07:12:58.205Z <Buffer 20>
2023-09-21T07:12:58.206Z <Buffer 20>
2023-09-21T07:12:58.207Z <Buffer 20>
2023-09-21T07:12:58.208Z <Buffer 20>
2023-09-21T07:12:58.209Z <Buffer 20>
2023-09-21T07:12:58.210Z <Buffer 1b>
2023-09-21T07:12:58.211Z <Buffer 5b>
2023-09-21T07:12:58.212Z <Buffer 6d>
2023-09-21T07:12:58.213Z <Buffer 1b>
2023-09-21T07:12:58.214Z <Buffer 5b>
2023-09-21T07:12:58.215Z <Buffer 31>
2023-09-21T07:12:58.216Z <Buffer 30>
2023-09-21T07:12:58.217Z <Buffer 3b>
2023-09-21T07:12:58.218Z <Buffer 37>
2023-09-21T07:12:58.219Z <Buffer 38>
2023-09-21T07:12:58.220Z <Buffer 48>
2023-09-21T07:12:58.221Z <Buffer 1b>
2023-09-21T07:12:58.223Z <Buffer 5b>
2023-09-21T07:12:58.224Z <Buffer 6d>
2023-09-21T07:12:58.225Z <Buffer 1b>
2023-09-21T07:12:58.226Z <Buffer 5b>
2023-09-21T07:12:58.227Z <Buffer 6d>
2023-09-21T07:12:58.228Z <Buffer 1b>
2023-09-21T07:12:58.229Z <Buffer 5b>
2023-09-21T07:12:58.230Z <Buffer 31>
2023-09-21T07:12:58.231Z <Buffer 31>
2023-09-21T07:12:58.232Z <Buffer 3b>
2023-09-21T07:12:58.233Z <Buffer 33>
2023-09-21T07:12:58.234Z <Buffer 48>
2023-09-21T07:12:58.235Z <Buffer 20>
2023-09-21T07:12:58.236Z <Buffer 20>
2023-09-21T07:12:58.237Z <Buffer 20>
2023-09-21T07:12:58.238Z <Buffer 20>
2023-09-21T07:12:58.239Z <Buffer 20>
2023-09-21T07:12:58.240Z <Buffer 20>
2023-09-21T07:12:58.241Z <Buffer 20>
2023-09-21T07:12:58.242Z <Buffer 20>
2023-09-21T07:12:58.243Z <Buffer 20>
2023-09-21T07:12:58.244Z <Buffer 20>
2023-09-21T07:12:58.245Z <Buffer 20>
2023-09-21T07:12:58.246Z <Buffer 20>
2023-09-21T07:12:58.248Z <Buffer 20>
2023-09-21T07:12:58.249Z <Buffer 20>
2023-09-21T07:12:58.250Z <Buffer 20>
2023-09-21T07:12:58.251Z <Buffer 20>
2023-09-21T07:12:58.252Z <Buffer 20>
2023-09-21T07:12:58.253Z <Buffer 20>
2023-09-21T07:12:58.254Z <Buffer 20>
2023-09-21T07:12:58.255Z <Buffer 20>
2023-09-21T07:12:58.256Z <Buffer 20>
2023-09-21T07:12:58.257Z <Buffer 20>
2023-09-21T07:12:58.258Z <Buffer 20>
2023-09-21T07:12:58.259Z <Buffer 20>
2023-09-21T07:12:58.260Z <Buffer 20>
2023-09-21T07:12:58.261Z <Buffer 20>
2023-09-21T07:12:58.262Z <Buffer 20>
2023-09-21T07:12:58.263Z <Buffer 20>
2023-09-21T07:12:58.264Z <Buffer 20>
2023-09-21T07:12:58.265Z <Buffer 20>
2023-09-21T07:12:58.266Z <Buffer 20>
2023-09-21T07:12:58.267Z <Buffer 20>
2023-09-21T07:12:58.268Z <Buffer 20>
2023-09-21T07:12:58.269Z <Buffer 20>
2023-09-21T07:12:58.270Z <Buffer 20>
2023-09-21T07:12:58.271Z <Buffer 20>
2023-09-21T07:12:58.272Z <Buffer 20>
2023-09-21T07:12:58.273Z <Buffer 20>
2023-09-21T07:12:58.275Z <Buffer 20>
2023-09-21T07:12:58.276Z <Buffer 20>
2023-09-21T07:12:58.277Z <Buffer 20>
2023-09-21T07:12:58.278Z <Buffer 20>
2023-09-21T07:12:58.279Z <Buffer 20>
2023-09-21T07:12:58.280Z <Buffer 20>
2023-09-21T07:12:58.281Z <Buffer 20>
2023-09-21T07:12:58.282Z <Buffer 20>
2023-09-21T07:12:58.283Z <Buffer 20>
2023-09-21T07:12:58.284Z <Buffer 20>
2023-09-21T07:12:58.285Z <Buffer 20>
2023-09-21T07:12:58.286Z <Buffer 20>
2023-09-21T07:12:58.287Z <Buffer 20>
2023-09-21T07:12:58.288Z <Buffer 20>
2023-09-21T07:12:58.289Z <Buffer 20>
2023-09-21T07:12:58.290Z <Buffer 20>
2023-09-21T07:12:58.291Z <Buffer 20>
2023-09-21T07:12:58.292Z <Buffer 20>
2023-09-21T07:12:58.293Z <Buffer 20>
2023-09-21T07:12:58.294Z <Buffer 20>
2023-09-21T07:12:58.296Z <Buffer 20>
2023-09-21T07:12:58.297Z <Buffer 20>
2023-09-21T07:12:58.298Z <Buffer 20>
2023-09-21T07:12:58.299Z <Buffer 20>
2023-09-21T07:12:58.300Z <Buffer 20>
2023-09-21T07:12:58.301Z <Buffer 20>
2023-09-21T07:12:58.302Z <Buffer 20>
2023-09-21T07:12:58.303Z <Buffer 20>
2023-09-21T07:12:58.304Z <Buffer 20>
2023-09-21T07:12:58.305Z <Buffer 20>
2023-09-21T07:12:58.306Z <Buffer 20>
2023-09-21T07:12:58.307Z <Buffer 20>
2023-09-21T07:12:58.308Z <Buffer 20>
2023-09-21T07:12:58.309Z <Buffer 20>
2023-09-21T07:12:58.310Z <Buffer 20>
2023-09-21T07:12:58.312Z <Buffer 20>
2023-09-21T07:12:58.312Z <Buffer 20>
2023-09-21T07:12:58.313Z <Buffer 20>
2023-09-21T07:12:58.314Z <Buffer 1b>
2023-09-21T07:12:58.315Z <Buffer 5b>
2023-09-21T07:12:58.316Z <Buffer 6d>
2023-09-21T07:12:58.317Z <Buffer 1b>
2023-09-21T07:12:58.318Z <Buffer 5b>
2023-09-21T07:12:58.319Z <Buffer 31>
2023-09-21T07:12:58.320Z <Buffer 31>
2023-09-21T07:12:58.321Z <Buffer 3b>
2023-09-21T07:12:58.323Z <Buffer 37>
2023-09-21T07:12:58.324Z <Buffer 38>
2023-09-21T07:12:58.325Z <Buffer 48>
2023-09-21T07:12:58.326Z <Buffer 1b>
2023-09-21T07:12:58.327Z <Buffer 5b>
2023-09-21T07:12:58.328Z <Buffer 6d>
2023-09-21T07:12:58.329Z <Buffer 1b>
2023-09-21T07:12:58.330Z <Buffer 5b>
2023-09-21T07:12:58.331Z <Buffer 6d>
2023-09-21T07:12:58.332Z <Buffer 1b>
2023-09-21T07:12:58.333Z <Buffer 5b>
2023-09-21T07:12:58.334Z <Buffer 31>
2023-09-21T07:12:58.335Z <Buffer 32>
2023-09-21T07:12:58.336Z <Buffer 3b>
2023-09-21T07:12:58.337Z <Buffer 33>
2023-09-21T07:12:58.338Z <Buffer 48>
2023-09-21T07:12:58.339Z <Buffer 20>
2023-09-21T07:12:58.340Z <Buffer 20>
2023-09-21T07:12:58.342Z <Buffer 20>
2023-09-21T07:12:58.342Z <Buffer 20>
2023-09-21T07:12:58.343Z <Buffer 20>
2023-09-21T07:12:58.344Z <Buffer 20>
2023-09-21T07:12:58.345Z <Buffer 20>
2023-09-21T07:12:58.346Z <Buffer 20>
2023-09-21T07:12:58.347Z <Buffer 20>
2023-09-21T07:12:58.348Z <Buffer 20>
2023-09-21T07:12:58.350Z <Buffer 20>
2023-09-21T07:12:58.351Z <Buffer 20>
2023-09-21T07:12:58.352Z <Buffer 20>
2023-09-21T07:12:58.353Z <Buffer 20>
2023-09-21T07:12:58.354Z <Buffer 20>
2023-09-21T07:12:58.355Z <Buffer 20>
2023-09-21T07:12:58.356Z <Buffer 20>
2023-09-21T07:12:58.357Z <Buffer 20>
2023-09-21T07:12:58.358Z <Buffer 20>
2023-09-21T07:12:58.359Z <Buffer 20>
2023-09-21T07:12:58.360Z <Buffer 20>
2023-09-21T07:12:58.361Z <Buffer 20>
2023-09-21T07:12:58.362Z <Buffer 20>
2023-09-21T07:12:58.363Z <Buffer 20>
2023-09-21T07:12:58.364Z <Buffer 20>
2023-09-21T07:12:58.365Z <Buffer 20>
2023-09-21T07:12:58.366Z <Buffer 20>
2023-09-21T07:12:58.367Z <Buffer 20>
2023-09-21T07:12:58.368Z <Buffer 20>
2023-09-21T07:12:58.369Z <Buffer 20>
2023-09-21T07:12:58.370Z <Buffer 20>
2023-09-21T07:12:58.371Z <Buffer 20>
2023-09-21T07:12:58.372Z <Buffer 20>
2023-09-21T07:12:58.373Z <Buffer 20>
2023-09-21T07:12:58.374Z <Buffer 20>
2023-09-21T07:12:58.375Z <Buffer 20>
2023-09-21T07:12:58.377Z <Buffer 20>
2023-09-21T07:12:58.378Z <Buffer 20>
2023-09-21T07:12:58.379Z <Buffer 20>
2023-09-21T07:12:58.380Z <Buffer 20>
2023-09-21T07:12:58.381Z <Buffer 20>
2023-09-21T07:12:58.382Z <Buffer 20>
2023-09-21T07:12:58.383Z <Buffer 20>
2023-09-21T07:12:58.384Z <Buffer 20>
2023-09-21T07:12:58.385Z <Buffer 20>
2023-09-21T07:12:58.386Z <Buffer 20>
2023-09-21T07:12:58.387Z <Buffer 20>
2023-09-21T07:12:58.388Z <Buffer 20>
2023-09-21T07:12:58.389Z <Buffer 20>
2023-09-21T07:12:58.390Z <Buffer 20>
2023-09-21T07:12:58.391Z <Buffer 20>
2023-09-21T07:12:58.392Z <Buffer 20>
2023-09-21T07:12:58.393Z <Buffer 20>
2023-09-21T07:12:58.394Z <Buffer 20>
2023-09-21T07:12:58.396Z <Buffer 20>
2023-09-21T07:12:58.396Z <Buffer 20>
2023-09-21T07:12:58.397Z <Buffer 20>
2023-09-21T07:12:58.398Z <Buffer 20>
2023-09-21T07:12:58.399Z <Buffer 20>
2023-09-21T07:12:58.400Z <Buffer 20>
2023-09-21T07:12:58.401Z <Buffer 20>
2023-09-21T07:12:58.403Z <Buffer 20>
2023-09-21T07:12:58.404Z <Buffer 20>
2023-09-21T07:12:58.405Z <Buffer 20>
2023-09-21T07:12:58.406Z <Buffer 20>
2023-09-21T07:12:58.407Z <Buffer 20>
2023-09-21T07:12:58.408Z <Buffer 20>
2023-09-21T07:12:58.409Z <Buffer 20>
2023-09-21T07:12:58.410Z <Buffer 20>
2023-09-21T07:12:58.411Z <Buffer 20>
2023-09-21T07:12:58.412Z <Buffer 20>
2023-09-21T07:12:58.413Z <Buffer 20>
2023-09-21T07:12:58.414Z <Buffer 20>
2023-09-21T07:12:58.415Z <Buffer 20>
2023-09-21T07:12:58.416Z <Buffer 20>
2023-09-21T07:12:58.417Z <Buffer 20>
2023-09-21T07:12:58.418Z <Buffer 1b>
2023-09-21T07:12:58.419Z <Buffer 5b>
2023-09-21T07:12:58.420Z <Buffer 6d>
2023-09-21T07:12:58.421Z <Buffer 1b>
2023-09-21T07:12:58.422Z <Buffer 5b>
2023-09-21T07:12:58.423Z <Buffer 31>
2023-09-21T07:12:58.424Z <Buffer 32>
2023-09-21T07:12:58.425Z <Buffer 3b>
2023-09-21T07:12:58.426Z <Buffer 37>
2023-09-21T07:12:58.428Z <Buffer 38>
2023-09-21T07:12:58.429Z <Buffer 48>
2023-09-21T07:12:58.430Z <Buffer 1b>
2023-09-21T07:12:58.431Z <Buffer 5b>
2023-09-21T07:12:58.432Z <Buffer 6d>
2023-09-21T07:12:58.433Z <Buffer 1b>
2023-09-21T07:12:58.434Z <Buffer 5b>
2023-09-21T07:12:58.435Z <Buffer 6d>
2023-09-21T07:12:58.436Z <Buffer 1b>
2023-09-21T07:12:58.437Z <Buffer 5b>
2023-09-21T07:12:58.438Z <Buffer 31>
2023-09-21T07:12:58.439Z <Buffer 33>
2023-09-21T07:12:58.440Z <Buffer 3b>
2023-09-21T07:12:58.441Z <Buffer 33>
2023-09-21T07:12:58.442Z <Buffer 48>
2023-09-21T07:12:58.443Z <Buffer 20>
2023-09-21T07:12:58.444Z <Buffer 20>
2023-09-21T07:12:58.445Z <Buffer 20>
2023-09-21T07:12:58.446Z <Buffer 20>
2023-09-21T07:12:58.447Z <Buffer 20>
2023-09-21T07:12:58.448Z <Buffer 20>
2023-09-21T07:12:58.449Z <Buffer 20>
2023-09-21T07:12:58.450Z <Buffer 20>
2023-09-21T07:12:58.451Z <Buffer 20>
2023-09-21T07:12:58.452Z <Buffer 20>
2023-09-21T07:12:58.453Z <Buffer 20>
2023-09-21T07:12:58.454Z <Buffer 20>
2023-09-21T07:12:58.456Z <Buffer 20>
2023-09-21T07:12:58.457Z <Buffer 20>
2023-09-21T07:12:58.458Z <Buffer 20>
2023-09-21T07:12:58.459Z <Buffer 20>
2023-09-21T07:12:58.460Z <Buffer 20>
2023-09-21T07:12:58.461Z <Buffer 20>
2023-09-21T07:12:58.462Z <Buffer 20>
2023-09-21T07:12:58.463Z <Buffer 20>
2023-09-21T07:12:58.464Z <Buffer 20>
2023-09-21T07:12:58.465Z <Buffer 20>
2023-09-21T07:12:58.466Z <Buffer 20>
2023-09-21T07:12:58.467Z <Buffer 20>
2023-09-21T07:12:58.468Z <Buffer 20>
2023-09-21T07:12:58.469Z <Buffer 20>
2023-09-21T07:12:58.470Z <Buffer 20>
2023-09-21T07:12:58.471Z <Buffer 20>
2023-09-21T07:12:58.472Z <Buffer 20>
2023-09-21T07:12:58.473Z <Buffer 20>
2023-09-21T07:12:58.474Z <Buffer 20>
2023-09-21T07:12:58.475Z <Buffer 20>
2023-09-21T07:12:58.476Z <Buffer 20>
2023-09-21T07:12:58.477Z <Buffer 20>
2023-09-21T07:12:58.478Z <Buffer 20>
2023-09-21T07:12:58.479Z <Buffer 20>
2023-09-21T07:12:58.480Z <Buffer 20>
2023-09-21T07:12:58.482Z <Buffer 20>
2023-09-21T07:12:58.483Z <Buffer 20>
2023-09-21T07:12:58.484Z <Buffer 20>
2023-09-21T07:12:58.485Z <Buffer 20>
2023-09-21T07:12:58.486Z <Buffer 20>
2023-09-21T07:12:58.487Z <Buffer 20>
2023-09-21T07:12:58.488Z <Buffer 20>
2023-09-21T07:12:58.489Z <Buffer 20>
2023-09-21T07:12:58.490Z <Buffer 20>
2023-09-21T07:12:58.491Z <Buffer 20>
2023-09-21T07:12:58.492Z <Buffer 20>
2023-09-21T07:12:58.493Z <Buffer 20>
2023-09-21T07:12:58.494Z <Buffer 20>
2023-09-21T07:12:58.495Z <Buffer 20>
2023-09-21T07:12:58.496Z <Buffer 20>
2023-09-21T07:12:58.497Z <Buffer 20>
2023-09-21T07:12:58.498Z <Buffer 20>
2023-09-21T07:12:58.499Z <Buffer 20>
2023-09-21T07:12:58.500Z <Buffer 20>
2023-09-21T07:12:58.501Z <Buffer 20>
2023-09-21T07:12:58.502Z <Buffer 20>
2023-09-21T07:12:58.503Z <Buffer 20>
2023-09-21T07:12:58.504Z <Buffer 20>
2023-09-21T07:12:58.505Z <Buffer 20>
2023-09-21T07:12:58.507Z <Buffer 20>
2023-09-21T07:12:58.508Z <Buffer 20>
2023-09-21T07:12:58.509Z <Buffer 20>
2023-09-21T07:12:58.510Z <Buffer 20>
2023-09-21T07:12:58.511Z <Buffer 20>
2023-09-21T07:12:58.512Z <Buffer 20>
2023-09-21T07:12:58.513Z <Buffer 20>
2023-09-21T07:12:58.514Z <Buffer 20>
2023-09-21T07:12:58.515Z <Buffer 20>
2023-09-21T07:12:58.516Z <Buffer 20>
2023-09-21T07:12:58.517Z <Buffer 20>
2023-09-21T07:12:58.518Z <Buffer 20>
2023-09-21T07:12:58.519Z <Buffer 20>
2023-09-21T07:12:58.520Z <Buffer 20>
2023-09-21T07:12:58.521Z <Buffer 20>
2023-09-21T07:12:58.522Z <Buffer 1b>
2023-09-21T07:12:58.523Z <Buffer 5b>
2023-09-21T07:12:58.524Z <Buffer 6d>
2023-09-21T07:12:58.525Z <Buffer 1b>
2023-09-21T07:12:58.526Z <Buffer 5b>
2023-09-21T07:12:58.527Z <Buffer 31>
2023-09-21T07:12:58.528Z <Buffer 33>
2023-09-21T07:12:58.529Z <Buffer 3b>
2023-09-21T07:12:58.531Z <Buffer 37>
2023-09-21T07:12:58.532Z <Buffer 38>
2023-09-21T07:12:58.533Z <Buffer 48>
2023-09-21T07:12:58.534Z <Buffer 1b>
2023-09-21T07:12:58.535Z <Buffer 5b>
2023-09-21T07:12:58.536Z <Buffer 6d>
2023-09-21T07:12:58.537Z <Buffer 1b>
2023-09-21T07:12:58.538Z <Buffer 5b>
2023-09-21T07:12:58.539Z <Buffer 6d>
2023-09-21T07:12:58.540Z <Buffer 1b>
2023-09-21T07:12:58.541Z <Buffer 5b>
2023-09-21T07:12:58.542Z <Buffer 31>
2023-09-21T07:12:58.543Z <Buffer 34>
2023-09-21T07:12:58.544Z <Buffer 3b>
2023-09-21T07:12:58.545Z <Buffer 33>
2023-09-21T07:12:58.546Z <Buffer 48>
2023-09-21T07:12:58.547Z <Buffer 20>
2023-09-21T07:12:58.548Z <Buffer 20>
2023-09-21T07:12:58.549Z <Buffer 20>
2023-09-21T07:12:58.550Z <Buffer 20>
2023-09-21T07:12:58.551Z <Buffer 20>
2023-09-21T07:12:58.552Z <Buffer 20>
2023-09-21T07:12:58.553Z <Buffer 20>
2023-09-21T07:12:58.554Z <Buffer 20>
2023-09-21T07:12:58.555Z <Buffer 20>
2023-09-21T07:12:58.557Z <Buffer 20>
2023-09-21T07:12:58.558Z <Buffer 20>
2023-09-21T07:12:58.559Z <Buffer 20>
2023-09-21T07:12:58.560Z <Buffer 20>
2023-09-21T07:12:58.561Z <Buffer 20>
2023-09-21T07:12:58.562Z <Buffer 20>
2023-09-21T07:12:58.563Z <Buffer 20>
2023-09-21T07:12:58.564Z <Buffer 20>
2023-09-21T07:12:58.565Z <Buffer 20>
2023-09-21T07:12:58.566Z <Buffer 20>
2023-09-21T07:12:58.567Z <Buffer 20>
2023-09-21T07:12:58.568Z <Buffer 20>
2023-09-21T07:12:58.569Z <Buffer 20>
2023-09-21T07:12:58.570Z <Buffer 20>
2023-09-21T07:12:58.571Z <Buffer 20>
2023-09-21T07:12:58.572Z <Buffer 20>
2023-09-21T07:12:58.573Z <Buffer 20>
2023-09-21T07:12:58.574Z <Buffer 20>
2023-09-21T07:12:58.575Z <Buffer 20>
2023-09-21T07:12:58.576Z <Buffer 20>
2023-09-21T07:12:58.577Z <Buffer 20>
2023-09-21T07:12:58.578Z <Buffer 20>
2023-09-21T07:12:58.579Z <Buffer 20>
2023-09-21T07:12:58.580Z <Buffer 20>
2023-09-21T07:12:58.581Z <Buffer 20>
2023-09-21T07:12:58.582Z <Buffer 20>
2023-09-21T07:12:58.583Z <Buffer 20>
2023-09-21T07:12:58.584Z <Buffer 20>
2023-09-21T07:12:58.586Z <Buffer 20>
2023-09-21T07:12:58.587Z <Buffer 20>
2023-09-21T07:12:58.588Z <Buffer 20>
2023-09-21T07:12:58.589Z <Buffer 20>
2023-09-21T07:12:58.590Z <Buffer 20>
2023-09-21T07:12:58.591Z <Buffer 20>
2023-09-21T07:12:58.592Z <Buffer 20>
2023-09-21T07:12:58.593Z <Buffer 20>
2023-09-21T07:12:58.594Z <Buffer 20>
2023-09-21T07:12:58.595Z <Buffer 20>
2023-09-21T07:12:58.596Z <Buffer 20>
2023-09-21T07:12:58.597Z <Buffer 20>
2023-09-21T07:12:58.598Z <Buffer 20>
2023-09-21T07:12:58.599Z <Buffer 20>
2023-09-21T07:12:58.600Z <Buffer 20>
2023-09-21T07:12:58.601Z <Buffer 20>
2023-09-21T07:12:58.602Z <Buffer 20>
2023-09-21T07:12:58.603Z <Buffer 20>
2023-09-21T07:12:58.604Z <Buffer 20>
2023-09-21T07:12:58.605Z <Buffer 20>
2023-09-21T07:12:58.606Z <Buffer 20>
2023-09-21T07:12:58.607Z <Buffer 20>
2023-09-21T07:12:58.609Z <Buffer 20>
2023-09-21T07:12:58.610Z <Buffer 20>
2023-09-21T07:12:58.611Z <Buffer 20>
2023-09-21T07:12:58.612Z <Buffer 20>
2023-09-21T07:12:58.613Z <Buffer 20>
2023-09-21T07:12:58.614Z <Buffer 20>
2023-09-21T07:12:58.615Z <Buffer 20>
2023-09-21T07:12:58.616Z <Buffer 20>
2023-09-21T07:12:58.617Z <Buffer 20>
2023-09-21T07:12:58.618Z <Buffer 20>
2023-09-21T07:12:58.619Z <Buffer 20>
2023-09-21T07:12:58.620Z <Buffer 20>
2023-09-21T07:12:58.621Z <Buffer 20>
2023-09-21T07:12:58.622Z <Buffer 20>
2023-09-21T07:12:58.623Z <Buffer 20>
2023-09-21T07:12:58.624Z <Buffer 20>
2023-09-21T07:12:58.625Z <Buffer 20>
2023-09-21T07:12:58.626Z <Buffer 1b>
2023-09-21T07:12:58.627Z <Buffer 5b>
2023-09-21T07:12:58.628Z <Buffer 6d>
2023-09-21T07:12:58.629Z <Buffer 1b>
2023-09-21T07:12:58.630Z <Buffer 5b>
2023-09-21T07:12:58.631Z <Buffer 31>
2023-09-21T07:12:58.632Z <Buffer 34>
2023-09-21T07:12:58.633Z <Buffer 3b>
2023-09-21T07:12:58.634Z <Buffer 37>
2023-09-21T07:12:58.635Z <Buffer 38>
2023-09-21T07:12:58.636Z <Buffer 48>
2023-09-21T07:12:58.637Z <Buffer 1b>
2023-09-21T07:12:58.639Z <Buffer 5b>
2023-09-21T07:12:58.640Z <Buffer 6d>
2023-09-21T07:12:58.641Z <Buffer 1b>
2023-09-21T07:12:58.642Z <Buffer 5b>
2023-09-21T07:12:58.643Z <Buffer 6d>
2023-09-21T07:12:58.644Z <Buffer 1b>
2023-09-21T07:12:58.645Z <Buffer 5b>
2023-09-21T07:12:58.646Z <Buffer 31>
2023-09-21T07:12:58.647Z <Buffer 35>
2023-09-21T07:12:58.648Z <Buffer 3b>
2023-09-21T07:12:58.649Z <Buffer 33>
2023-09-21T07:12:58.650Z <Buffer 48>
2023-09-21T07:12:58.651Z <Buffer 20>
2023-09-21T07:12:58.652Z <Buffer 20>
2023-09-21T07:12:58.653Z <Buffer 20>
2023-09-21T07:12:58.654Z <Buffer 20>
2023-09-21T07:12:58.655Z <Buffer 20>
2023-09-21T07:12:58.656Z <Buffer 20>
2023-09-21T07:12:58.657Z <Buffer 20>
2023-09-21T07:12:58.658Z <Buffer 20>
2023-09-21T07:12:58.659Z <Buffer 20>
2023-09-21T07:12:58.660Z <Buffer 20>
2023-09-21T07:12:58.661Z <Buffer 20>
2023-09-21T07:12:58.662Z <Buffer 20>
2023-09-21T07:12:58.664Z <Buffer 20>
2023-09-21T07:12:58.665Z <Buffer 20>
2023-09-21T07:12:58.666Z <Buffer 20>
2023-09-21T07:12:58.667Z <Buffer 20>
2023-09-21T07:12:58.668Z <Buffer 20>
2023-09-21T07:12:58.669Z <Buffer 20>
2023-09-21T07:12:58.670Z <Buffer 20>
2023-09-21T07:12:58.671Z <Buffer 20>
2023-09-21T07:12:58.672Z <Buffer 20>
2023-09-21T07:12:58.673Z <Buffer 20>
2023-09-21T07:12:58.674Z <Buffer 20>
2023-09-21T07:12:58.675Z <Buffer 20>
2023-09-21T07:12:58.676Z <Buffer 20>
2023-09-21T07:12:58.677Z <Buffer 20>
2023-09-21T07:12:58.678Z <Buffer 20>
2023-09-21T07:12:58.680Z <Buffer 20>
2023-09-21T07:12:58.680Z <Buffer 20>
2023-09-21T07:12:58.682Z <Buffer 20>
2023-09-21T07:12:58.683Z <Buffer 20>
2023-09-21T07:12:58.684Z <Buffer 20>
2023-09-21T07:12:58.685Z <Buffer 20>
2023-09-21T07:12:58.686Z <Buffer 20>
2023-09-21T07:12:58.687Z <Buffer 20>
2023-09-21T07:12:58.688Z <Buffer 20>
2023-09-21T07:12:58.689Z <Buffer 20>
2023-09-21T07:12:58.690Z <Buffer 20>
2023-09-21T07:12:58.691Z <Buffer 20>
2023-09-21T07:12:58.692Z <Buffer 20>
2023-09-21T07:12:58.693Z <Buffer 20>
2023-09-21T07:12:58.694Z <Buffer 20>
2023-09-21T07:12:58.695Z <Buffer 20>
2023-09-21T07:12:58.696Z <Buffer 20>
2023-09-21T07:12:58.697Z <Buffer 20>
2023-09-21T07:12:58.698Z <Buffer 20>
2023-09-21T07:12:58.699Z <Buffer 20>
2023-09-21T07:12:58.700Z <Buffer 20>
2023-09-21T07:12:58.701Z <Buffer 20>
2023-09-21T07:12:58.702Z <Buffer 20>
2023-09-21T07:12:58.703Z <Buffer 20>
2023-09-21T07:12:58.704Z <Buffer 20>
2023-09-21T07:12:58.705Z <Buffer 20>
2023-09-21T07:12:58.706Z <Buffer 20>
2023-09-21T07:12:58.707Z <Buffer 20>
2023-09-21T07:12:58.708Z <Buffer 20>
2023-09-21T07:12:58.709Z <Buffer 20>
2023-09-21T07:12:58.710Z <Buffer 20>
2023-09-21T07:12:58.712Z <Buffer 20>
2023-09-21T07:12:58.713Z <Buffer 20>
2023-09-21T07:12:58.714Z <Buffer 20>
2023-09-21T07:12:58.715Z <Buffer 20>
2023-09-21T07:12:58.716Z <Buffer 20>
2023-09-21T07:12:58.717Z <Buffer 20>
2023-09-21T07:12:58.718Z <Buffer 20>
2023-09-21T07:12:58.719Z <Buffer 20>
2023-09-21T07:12:58.720Z <Buffer 20>
2023-09-21T07:12:58.721Z <Buffer 20>
2023-09-21T07:12:58.722Z <Buffer 20>
2023-09-21T07:12:58.723Z <Buffer 20>
2023-09-21T07:12:58.724Z <Buffer 20>
2023-09-21T07:12:58.725Z <Buffer 20>
2023-09-21T07:12:58.726Z <Buffer 20>
2023-09-21T07:12:58.727Z <Buffer 20>
2023-09-21T07:12:58.728Z <Buffer 20>
2023-09-21T07:12:58.729Z <Buffer 20>
2023-09-21T07:12:58.730Z <Buffer 1b>
2023-09-21T07:12:58.731Z <Buffer 5b>
2023-09-21T07:12:58.732Z <Buffer 6d>
2023-09-21T07:12:58.733Z <Buffer 1b>
2023-09-21T07:12:58.734Z <Buffer 5b>
2023-09-21T07:12:58.735Z <Buffer 31>
2023-09-21T07:12:58.736Z <Buffer 35>
2023-09-21T07:12:58.738Z <Buffer 3b>
2023-09-21T07:12:58.739Z <Buffer 37>
2023-09-21T07:12:58.740Z <Buffer 38>
2023-09-21T07:12:58.741Z <Buffer 48>
2023-09-21T07:12:58.742Z <Buffer 1b>
2023-09-21T07:12:58.743Z <Buffer 5b>
2023-09-21T07:12:58.744Z <Buffer 6d>
2023-09-21T07:12:58.745Z <Buffer 1b>
2023-09-21T07:12:58.746Z <Buffer 5b>
2023-09-21T07:12:58.747Z <Buffer 6d>
2023-09-21T07:12:58.748Z <Buffer 1b>
2023-09-21T07:12:58.749Z <Buffer 5b>
2023-09-21T07:12:58.750Z <Buffer 31>
2023-09-21T07:12:58.751Z <Buffer 36>
2023-09-21T07:12:58.752Z <Buffer 3b>
2023-09-21T07:12:58.753Z <Buffer 33>
2023-09-21T07:12:58.754Z <Buffer 48>
2023-09-21T07:12:58.755Z <Buffer 20>
2023-09-21T07:12:58.756Z <Buffer 20>
2023-09-21T07:12:58.757Z <Buffer 20>
2023-09-21T07:12:58.758Z <Buffer 20>
2023-09-21T07:12:58.759Z <Buffer 20>
2023-09-21T07:12:58.760Z <Buffer 20>
2023-09-21T07:12:58.761Z <Buffer 20>
2023-09-21T07:12:58.762Z <Buffer 20>
2023-09-21T07:12:58.764Z <Buffer 20>
2023-09-21T07:12:58.765Z <Buffer 20>
2023-09-21T07:12:58.766Z <Buffer 20>
2023-09-21T07:12:58.767Z <Buffer 20>
2023-09-21T07:12:58.768Z <Buffer 20>
2023-09-21T07:12:58.769Z <Buffer 20>
2023-09-21T07:12:58.770Z <Buffer 20>
2023-09-21T07:12:58.771Z <Buffer 20>
2023-09-21T07:12:58.772Z <Buffer 20>
2023-09-21T07:12:58.773Z <Buffer 20>
2023-09-21T07:12:58.774Z <Buffer 20>
2023-09-21T07:12:58.775Z <Buffer 20>
2023-09-21T07:12:58.776Z <Buffer 20>
2023-09-21T07:12:58.777Z <Buffer 20>
2023-09-21T07:12:58.778Z <Buffer 20>
2023-09-21T07:12:58.779Z <Buffer 20>
2023-09-21T07:12:58.780Z <Buffer 20>
2023-09-21T07:12:58.781Z <Buffer 20>
2023-09-21T07:12:58.782Z <Buffer 20>
2023-09-21T07:12:58.783Z <Buffer 20>
2023-09-21T07:12:58.784Z <Buffer 20>
2023-09-21T07:12:58.785Z <Buffer 20>
2023-09-21T07:12:58.786Z <Buffer 20>
2023-09-21T07:12:58.787Z <Buffer 20>
2023-09-21T07:12:58.788Z <Buffer 20>
2023-09-21T07:12:58.789Z <Buffer 20>
2023-09-21T07:12:58.791Z <Buffer 20>
2023-09-21T07:12:58.792Z <Buffer 20>
2023-09-21T07:12:58.793Z <Buffer 20>
2023-09-21T07:12:58.794Z <Buffer 20>
2023-09-21T07:12:58.795Z <Buffer 20>
2023-09-21T07:12:58.796Z <Buffer 20>
2023-09-21T07:12:58.797Z <Buffer 20>
2023-09-21T07:12:58.798Z <Buffer 20>
2023-09-21T07:12:58.799Z <Buffer 20>
2023-09-21T07:12:58.800Z <Buffer 20>
2023-09-21T07:12:58.801Z <Buffer 20>
2023-09-21T07:12:58.802Z <Buffer 20>
2023-09-21T07:12:58.803Z <Buffer 20>
2023-09-21T07:12:58.804Z <Buffer 20>
2023-09-21T07:12:58.805Z <Buffer 20>
2023-09-21T07:12:58.806Z <Buffer 20>
2023-09-21T07:12:58.807Z <Buffer 20>
2023-09-21T07:12:58.808Z <Buffer 20>
2023-09-21T07:12:58.809Z <Buffer 20>
2023-09-21T07:12:58.810Z <Buffer 20>
2023-09-21T07:12:58.811Z <Buffer 20>
2023-09-21T07:12:58.812Z <Buffer 20>
2023-09-21T07:12:58.813Z <Buffer 20>
2023-09-21T07:12:58.814Z <Buffer 20>
2023-09-21T07:12:58.816Z <Buffer 20>
2023-09-21T07:12:58.817Z <Buffer 20>
2023-09-21T07:12:58.818Z <Buffer 20>
2023-09-21T07:12:58.819Z <Buffer 20>
2023-09-21T07:12:58.820Z <Buffer 20>
2023-09-21T07:12:58.821Z <Buffer 20>
2023-09-21T07:12:58.822Z <Buffer 20>
2023-09-21T07:12:58.823Z <Buffer 20>
2023-09-21T07:12:58.824Z <Buffer 20>
2023-09-21T07:12:58.825Z <Buffer 20>
2023-09-21T07:12:58.826Z <Buffer 20>
2023-09-21T07:12:58.827Z <Buffer 20>
2023-09-21T07:12:58.828Z <Buffer 20>
2023-09-21T07:12:58.829Z <Buffer 20>
2023-09-21T07:12:58.830Z <Buffer 20>
2023-09-21T07:12:58.831Z <Buffer 20>
2023-09-21T07:12:58.832Z <Buffer 20>
2023-09-21T07:12:58.833Z <Buffer 20>
2023-09-21T07:12:58.834Z <Buffer 1b>
2023-09-21T07:12:58.835Z <Buffer 5b>
2023-09-21T07:12:58.836Z <Buffer 6d>
2023-09-21T07:12:58.837Z <Buffer 1b>
2023-09-21T07:12:58.838Z <Buffer 5b>
2023-09-21T07:12:58.839Z <Buffer 31>
2023-09-21T07:12:58.840Z <Buffer 36>
2023-09-21T07:12:58.841Z <Buffer 3b>
2023-09-21T07:12:58.843Z <Buffer 37>
2023-09-21T07:12:58.844Z <Buffer 38>
2023-09-21T07:12:58.845Z <Buffer 48>
2023-09-21T07:12:58.846Z <Buffer 1b>
2023-09-21T07:12:58.847Z <Buffer 5b>
2023-09-21T07:12:58.848Z <Buffer 6d>
2023-09-21T07:12:58.849Z <Buffer 1b>
2023-09-21T07:12:58.850Z <Buffer 5b>
2023-09-21T07:12:58.851Z <Buffer 31>
2023-09-21T07:12:58.852Z <Buffer 36>
2023-09-21T07:12:58.853Z <Buffer 3b>
2023-09-21T07:12:58.854Z <Buffer 38>
2023-09-21T07:12:58.855Z <Buffer 30>
2023-09-21T07:12:58.856Z <Buffer 48>
2023-09-21T07:12:58.858Z <Buffer 20>
2023-09-21T07:12:58.858Z <Buffer 1b>
2023-09-21T07:12:58.859Z <Buffer 5b>
2023-09-21T07:12:58.860Z <Buffer 35>
2023-09-21T07:12:58.861Z <Buffer 3b>
2023-09-21T07:12:58.862Z <Buffer 37>
2023-09-21T07:12:58.864Z <Buffer 38>
2023-09-21T07:12:58.865Z <Buffer 48>
2023-09-21T07:12:59.163Z <Buffer 1b>
2023-09-21T07:12:59.164Z <Buffer 5b>
2023-09-21T07:12:59.165Z <Buffer 32>
2023-09-21T07:12:59.166Z <Buffer 32>
2023-09-21T07:12:59.167Z <Buffer 3b>
2023-09-21T07:12:59.168Z <Buffer 31>
2023-09-21T07:12:59.169Z <Buffer 48>
2023-09-21T07:12:59.170Z <Buffer 20>
2023-09-21T07:12:59.172Z <Buffer 20>
2023-09-21T07:12:59.173Z <Buffer 20>
2023-09-21T07:12:59.174Z <Buffer 54>
2023-09-21T07:12:59.175Z <Buffer 68>
2023-09-21T07:12:59.176Z <Buffer 65>
2023-09-21T07:12:59.177Z <Buffer 20>
2023-09-21T07:12:59.178Z <Buffer 68>
2023-09-21T07:12:59.179Z <Buffer 69>
2023-09-21T07:12:59.180Z <Buffer 67>
2023-09-21T07:12:59.181Z <Buffer 68>
2023-09-21T07:12:59.182Z <Buffer 6c>
2023-09-21T07:12:59.183Z <Buffer 69>
2023-09-21T07:12:59.184Z <Buffer 67>
2023-09-21T07:12:59.185Z <Buffer 68>
2023-09-21T07:12:59.186Z <Buffer 74>
2023-09-21T07:12:59.187Z <Buffer 65>
2023-09-21T07:12:59.188Z <Buffer 64>
2023-09-21T07:12:59.189Z <Buffer 20>
2023-09-21T07:12:59.190Z <Buffer 65>
2023-09-21T07:12:59.191Z <Buffer 6e>
2023-09-21T07:12:59.192Z <Buffer 74>
2023-09-21T07:12:59.193Z <Buffer 72>
2023-09-21T07:12:59.194Z <Buffer 79>
2023-09-21T07:12:59.195Z <Buffer 20>
2023-09-21T07:12:59.196Z <Buffer 77>
2023-09-21T07:12:59.197Z <Buffer 69>
2023-09-21T07:12:59.199Z <Buffer 6c>
2023-09-21T07:12:59.200Z <Buffer 6c>
2023-09-21T07:12:59.201Z <Buffer 20>
2023-09-21T07:12:59.202Z <Buffer 62>
2023-09-21T07:12:59.203Z <Buffer 65>
2023-09-21T07:12:59.204Z <Buffer 20>
2023-09-21T07:12:59.205Z <Buffer 65>
2023-09-21T07:12:59.206Z <Buffer 78>
2023-09-21T07:12:59.207Z <Buffer 65>
2023-09-21T07:12:59.208Z <Buffer 63>
2023-09-21T07:12:59.209Z <Buffer 75>
2023-09-21T07:12:59.210Z <Buffer 74>
2023-09-21T07:12:59.211Z <Buffer 65>
2023-09-21T07:12:59.212Z <Buffer 64>
2023-09-21T07:12:59.213Z <Buffer 20>
2023-09-21T07:12:59.214Z <Buffer 61>
2023-09-21T07:12:59.215Z <Buffer 75>
2023-09-21T07:12:59.216Z <Buffer 74>
2023-09-21T07:12:59.217Z <Buffer 6f>
2023-09-21T07:12:59.218Z <Buffer 6d>
2023-09-21T07:12:59.219Z <Buffer 61>
2023-09-21T07:12:59.220Z <Buffer 74>
2023-09-21T07:12:59.221Z <Buffer 69>
2023-09-21T07:12:59.222Z <Buffer 63>
2023-09-21T07:12:59.223Z <Buffer 61>
2023-09-21T07:12:59.225Z <Buffer 6c>
2023-09-21T07:12:59.226Z <Buffer 6c>
2023-09-21T07:12:59.227Z <Buffer 79>
2023-09-21T07:12:59.228Z <Buffer 20>
2023-09-21T07:12:59.229Z <Buffer 69>
2023-09-21T07:12:59.230Z <Buffer 6e>
2023-09-21T07:12:59.231Z <Buffer 20>
2023-09-21T07:12:59.232Z <Buffer 31>
2023-09-21T07:12:59.233Z <Buffer 30>
2023-09-21T07:12:59.234Z <Buffer 73>
2023-09-21T07:12:59.235Z <Buffer 2e>
2023-09-21T07:12:59.236Z <Buffer 20>
2023-09-21T07:12:59.237Z <Buffer 20>
2023-09-21T07:12:59.238Z <Buffer 20>
2023-09-21T07:12:59.239Z <Buffer 20>
2023-09-21T07:12:59.240Z <Buffer 20>
2023-09-21T07:12:59.241Z <Buffer 20>
2023-09-21T07:12:59.242Z <Buffer 20>
2023-09-21T07:12:59.243Z <Buffer 20>
2023-09-21T07:12:59.244Z <Buffer 20>
2023-09-21T07:12:59.245Z <Buffer 20>
2023-09-21T07:12:59.246Z <Buffer 20>
2023-09-21T07:12:59.247Z <Buffer 20>
2023-09-21T07:12:59.248Z <Buffer 20>
2023-09-21T07:12:59.249Z <Buffer 20>
2023-09-21T07:12:59.250Z <Buffer 20>
2023-09-21T07:12:59.252Z <Buffer 20>
2023-09-21T07:12:59.253Z <Buffer 1b>
2023-09-21T07:12:59.254Z <Buffer 5b>
2023-09-21T07:12:59.255Z <Buffer 35>
2023-09-21T07:12:59.256Z <Buffer 3b>
2023-09-21T07:12:59.257Z <Buffer 37>
2023-09-21T07:12:59.258Z <Buffer 38>
2023-09-21T07:12:59.259Z <Buffer 48>
2023-09-21T07:13:00.164Z <Buffer 1b>
2023-09-21T07:13:00.165Z <Buffer 5b>
2023-09-21T07:13:00.166Z <Buffer 32>
2023-09-21T07:13:00.167Z <Buffer 32>
2023-09-21T07:13:00.168Z <Buffer 3b>
2023-09-21T07:13:00.169Z <Buffer 31>
2023-09-21T07:13:00.170Z <Buffer 48>
2023-09-21T07:13:00.171Z <Buffer 20>
2023-09-21T07:13:00.172Z <Buffer 20>
2023-09-21T07:13:00.173Z <Buffer 20>
2023-09-21T07:13:00.174Z <Buffer 54>
2023-09-21T07:13:00.176Z <Buffer 68>
2023-09-21T07:13:00.177Z <Buffer 65>
2023-09-21T07:13:00.178Z <Buffer 20>
2023-09-21T07:13:00.179Z <Buffer 68>
2023-09-21T07:13:00.180Z <Buffer 69>
2023-09-21T07:13:00.181Z <Buffer 67>
2023-09-21T07:13:00.182Z <Buffer 68>
2023-09-21T07:13:00.183Z <Buffer 6c>
2023-09-21T07:13:00.184Z <Buffer 69>
2023-09-21T07:13:00.185Z <Buffer 67>
2023-09-21T07:13:00.186Z <Buffer 68>
2023-09-21T07:13:00.187Z <Buffer 74>
2023-09-21T07:13:00.188Z <Buffer 65>
2023-09-21T07:13:00.189Z <Buffer 64>
2023-09-21T07:13:00.190Z <Buffer 20>
2023-09-21T07:13:00.191Z <Buffer 65>
2023-09-21T07:13:00.192Z <Buffer 6e>
2023-09-21T07:13:00.193Z <Buffer 74>
2023-09-21T07:13:00.194Z <Buffer 72>
2023-09-21T07:13:00.195Z <Buffer 79>
2023-09-21T07:13:00.196Z <Buffer 20>
2023-09-21T07:13:00.197Z <Buffer 77>
2023-09-21T07:13:00.198Z <Buffer 69>
2023-09-21T07:13:00.199Z <Buffer 6c>
2023-09-21T07:13:00.200Z <Buffer 6c>
2023-09-21T07:13:00.201Z <Buffer 20>
2023-09-21T07:13:00.202Z <Buffer 62>
2023-09-21T07:13:00.204Z <Buffer 65>
2023-09-21T07:13:00.204Z <Buffer 20>
2023-09-21T07:13:00.206Z <Buffer 65>
2023-09-21T07:13:00.207Z <Buffer 78>
2023-09-21T07:13:00.208Z <Buffer 65>
2023-09-21T07:13:00.209Z <Buffer 63>
2023-09-21T07:13:00.210Z <Buffer 75>
2023-09-21T07:13:00.211Z <Buffer 74>
2023-09-21T07:13:00.212Z <Buffer 65>
2023-09-21T07:13:00.213Z <Buffer 64>
2023-09-21T07:13:00.214Z <Buffer 20>
2023-09-21T07:13:00.215Z <Buffer 61>
2023-09-21T07:13:00.216Z <Buffer 75>
2023-09-21T07:13:00.217Z <Buffer 74>
2023-09-21T07:13:00.218Z <Buffer 6f>
2023-09-21T07:13:00.219Z <Buffer 6d>
2023-09-21T07:13:00.220Z <Buffer 61>
2023-09-21T07:13:00.221Z <Buffer 74>
2023-09-21T07:13:00.222Z <Buffer 69>
2023-09-21T07:13:00.223Z <Buffer 63>
2023-09-21T07:13:00.224Z <Buffer 61>
2023-09-21T07:13:00.225Z <Buffer 6c>
2023-09-21T07:13:00.226Z <Buffer 6c>
2023-09-21T07:13:00.228Z <Buffer 79>
2023-09-21T07:13:00.229Z <Buffer 20>
2023-09-21T07:13:00.230Z <Buffer 69>
2023-09-21T07:13:00.231Z <Buffer 6e>
2023-09-21T07:13:00.232Z <Buffer 20>
2023-09-21T07:13:00.233Z <Buffer 39>
2023-09-21T07:13:00.234Z <Buffer 73>
2023-09-21T07:13:00.235Z <Buffer 2e>
2023-09-21T07:13:00.236Z <Buffer 20>
2023-09-21T07:13:00.237Z <Buffer 20>
2023-09-21T07:13:00.238Z <Buffer 20>
2023-09-21T07:13:00.239Z <Buffer 20>
2023-09-21T07:13:00.240Z <Buffer 20>
2023-09-21T07:13:00.241Z <Buffer 20>
2023-09-21T07:13:00.242Z <Buffer 20>
2023-09-21T07:13:00.243Z <Buffer 20>
2023-09-21T07:13:00.244Z <Buffer 20>
2023-09-21T07:13:00.245Z <Buffer 20>
2023-09-21T07:13:00.246Z <Buffer 20>
2023-09-21T07:13:00.247Z <Buffer 20>
2023-09-21T07:13:00.248Z <Buffer 20>
2023-09-21T07:13:00.249Z <Buffer 20>
2023-09-21T07:13:00.250Z <Buffer 20>
2023-09-21T07:13:00.251Z <Buffer 20>
2023-09-21T07:13:00.252Z <Buffer 20>
2023-09-21T07:13:00.253Z <Buffer 1b>
2023-09-21T07:13:00.254Z <Buffer 5b>
2023-09-21T07:13:00.256Z <Buffer 35>
2023-09-21T07:13:00.257Z <Buffer 3b>
2023-09-21T07:13:00.258Z <Buffer 37>
2023-09-21T07:13:00.259Z <Buffer 38>
2023-09-21T07:13:00.260Z <Buffer 48>
2023-09-21T07:13:01.165Z <Buffer 1b>
2023-09-21T07:13:01.166Z <Buffer 5b>
2023-09-21T07:13:01.167Z <Buffer 32>
2023-09-21T07:13:01.168Z <Buffer 32>
2023-09-21T07:13:01.169Z <Buffer 3b>
2023-09-21T07:13:01.170Z <Buffer 31>
2023-09-21T07:13:01.171Z <Buffer 48>
2023-09-21T07:13:01.172Z <Buffer 20>
2023-09-21T07:13:01.173Z <Buffer 20>
2023-09-21T07:13:01.174Z <Buffer 20>
2023-09-21T07:13:01.175Z <Buffer 54>
2023-09-21T07:13:01.176Z <Buffer 68>
2023-09-21T07:13:01.177Z <Buffer 65>
2023-09-21T07:13:01.178Z <Buffer 20>
2023-09-21T07:13:01.179Z <Buffer 68>
2023-09-21T07:13:01.180Z <Buffer 69>
2023-09-21T07:13:01.181Z <Buffer 67>
2023-09-21T07:13:01.182Z <Buffer 68>
2023-09-21T07:13:01.184Z <Buffer 6c>
2023-09-21T07:13:01.185Z <Buffer 69>
2023-09-21T07:13:01.186Z <Buffer 67>
2023-09-21T07:13:01.187Z <Buffer 68>
2023-09-21T07:13:01.188Z <Buffer 74>
2023-09-21T07:13:01.189Z <Buffer 65>
2023-09-21T07:13:01.190Z <Buffer 64>
2023-09-21T07:13:01.191Z <Buffer 20>
2023-09-21T07:13:01.192Z <Buffer 65>
2023-09-21T07:13:01.193Z <Buffer 6e>
2023-09-21T07:13:01.194Z <Buffer 74>
2023-09-21T07:13:01.195Z <Buffer 72>
2023-09-21T07:13:01.196Z <Buffer 79>
2023-09-21T07:13:01.197Z <Buffer 20>
2023-09-21T07:13:01.198Z <Buffer 77>
2023-09-21T07:13:01.199Z <Buffer 69>
2023-09-21T07:13:01.200Z <Buffer 6c>
2023-09-21T07:13:01.201Z <Buffer 6c>
2023-09-21T07:13:01.202Z <Buffer 20>
2023-09-21T07:13:01.203Z <Buffer 62>
2023-09-21T07:13:01.204Z <Buffer 65>
2023-09-21T07:13:01.205Z <Buffer 20>
2023-09-21T07:13:01.206Z <Buffer 65>
2023-09-21T07:13:01.207Z <Buffer 78>
2023-09-21T07:13:01.209Z <Buffer 65>
2023-09-21T07:13:01.209Z <Buffer 63>
2023-09-21T07:13:01.211Z <Buffer 75>
2023-09-21T07:13:01.212Z <Buffer 74>
2023-09-21T07:13:01.213Z <Buffer 65>
2023-09-21T07:13:01.214Z <Buffer 64>
2023-09-21T07:13:01.215Z <Buffer 20>
2023-09-21T07:13:01.216Z <Buffer 61>
2023-09-21T07:13:01.217Z <Buffer 75>
2023-09-21T07:13:01.218Z <Buffer 74>
2023-09-21T07:13:01.219Z <Buffer 6f>
2023-09-21T07:13:01.220Z <Buffer 6d>
2023-09-21T07:13:01.221Z <Buffer 61>
2023-09-21T07:13:01.222Z <Buffer 74>
2023-09-21T07:13:01.223Z <Buffer 69>
2023-09-21T07:13:01.224Z <Buffer 63>
2023-09-21T07:13:01.225Z <Buffer 61>
2023-09-21T07:13:01.226Z <Buffer 6c>
2023-09-21T07:13:01.227Z <Buffer 6c>
2023-09-21T07:13:01.228Z <Buffer 79>
2023-09-21T07:13:01.229Z <Buffer 20>
2023-09-21T07:13:01.230Z <Buffer 69>
2023-09-21T07:13:01.231Z <Buffer 6e>
2023-09-21T07:13:01.232Z <Buffer 20>
2023-09-21T07:13:01.233Z <Buffer 38>
2023-09-21T07:13:01.234Z <Buffer 73>
2023-09-21T07:13:01.236Z <Buffer 2e>
2023-09-21T07:13:01.237Z <Buffer 20>
2023-09-21T07:13:01.238Z <Buffer 20>
2023-09-21T07:13:01.239Z <Buffer 20>
2023-09-21T07:13:01.240Z <Buffer 20>
2023-09-21T07:13:01.241Z <Buffer 20>
2023-09-21T07:13:01.242Z <Buffer 20>
2023-09-21T07:13:01.243Z <Buffer 20>
2023-09-21T07:13:01.244Z <Buffer 20>
2023-09-21T07:13:01.245Z <Buffer 20>
2023-09-21T07:13:01.246Z <Buffer 20>
2023-09-21T07:13:01.247Z <Buffer 20>
2023-09-21T07:13:01.248Z <Buffer 20>
2023-09-21T07:13:01.249Z <Buffer 20>
2023-09-21T07:13:01.250Z <Buffer 20>
2023-09-21T07:13:01.251Z <Buffer 20>
2023-09-21T07:13:01.252Z <Buffer 20>
2023-09-21T07:13:01.253Z <Buffer 20>
2023-09-21T07:13:01.254Z <Buffer 1b>
2023-09-21T07:13:01.255Z <Buffer 5b>
2023-09-21T07:13:01.256Z <Buffer 35>
2023-09-21T07:13:01.257Z <Buffer 3b>
2023-09-21T07:13:01.258Z <Buffer 37>
2023-09-21T07:13:01.259Z <Buffer 38>
2023-09-21T07:13:01.260Z <Buffer 48>
2023-09-21T07:13:02.166Z <Buffer 1b>
2023-09-21T07:13:02.168Z <Buffer 5b>
2023-09-21T07:13:02.168Z <Buffer 32>
2023-09-21T07:13:02.169Z <Buffer 32>
2023-09-21T07:13:02.170Z <Buffer 3b>
2023-09-21T07:13:02.171Z <Buffer 31>
2023-09-21T07:13:02.172Z <Buffer 48>
2023-09-21T07:13:02.173Z <Buffer 20>
2023-09-21T07:13:02.175Z <Buffer 20>
2023-09-21T07:13:02.176Z <Buffer 20>
2023-09-21T07:13:02.177Z <Buffer 54>
2023-09-21T07:13:02.178Z <Buffer 68>
2023-09-21T07:13:02.179Z <Buffer 65>
2023-09-21T07:13:02.180Z <Buffer 20>
2023-09-21T07:13:02.181Z <Buffer 68>
2023-09-21T07:13:02.182Z <Buffer 69>
2023-09-21T07:13:02.183Z <Buffer 67>
2023-09-21T07:13:02.184Z <Buffer 68>
2023-09-21T07:13:02.185Z <Buffer 6c>
2023-09-21T07:13:02.186Z <Buffer 69>
2023-09-21T07:13:02.187Z <Buffer 67>
2023-09-21T07:13:02.188Z <Buffer 68>
2023-09-21T07:13:02.189Z <Buffer 74>
2023-09-21T07:13:02.190Z <Buffer 65>
2023-09-21T07:13:02.191Z <Buffer 64>
2023-09-21T07:13:02.192Z <Buffer 20>
2023-09-21T07:13:02.193Z <Buffer 65>
2023-09-21T07:13:02.194Z <Buffer 6e>
2023-09-21T07:13:02.195Z <Buffer 74>
2023-09-21T07:13:02.196Z <Buffer 72>
2023-09-21T07:13:02.197Z <Buffer 79>
2023-09-21T07:13:02.198Z <Buffer 20>
2023-09-21T07:13:02.200Z <Buffer 77>
2023-09-21T07:13:02.201Z <Buffer 69>
2023-09-21T07:13:02.202Z <Buffer 6c>
2023-09-21T07:13:02.203Z <Buffer 6c>
2023-09-21T07:13:02.204Z <Buffer 20>
2023-09-21T07:13:02.205Z <Buffer 62>
2023-09-21T07:13:02.206Z <Buffer 65>
2023-09-21T07:13:02.207Z <Buffer 20>
2023-09-21T07:13:02.208Z <Buffer 65>
2023-09-21T07:13:02.210Z <Buffer 78>
2023-09-21T07:13:02.210Z <Buffer 65>
2023-09-21T07:13:02.211Z <Buffer 63>
2023-09-21T07:13:02.212Z <Buffer 75>
2023-09-21T07:13:02.213Z <Buffer 74>
2023-09-21T07:13:02.214Z <Buffer 65>
2023-09-21T07:13:02.215Z <Buffer 64>
2023-09-21T07:13:02.216Z <Buffer 20>
2023-09-21T07:13:02.217Z <Buffer 61>
2023-09-21T07:13:02.218Z <Buffer 75>
2023-09-21T07:13:02.219Z <Buffer 74>
2023-09-21T07:13:02.220Z <Buffer 6f>
2023-09-21T07:13:02.221Z <Buffer 6d>
2023-09-21T07:13:02.222Z <Buffer 61>
2023-09-21T07:13:02.223Z <Buffer 74>
2023-09-21T07:13:02.224Z <Buffer 69>
2023-09-21T07:13:02.225Z <Buffer 63>
2023-09-21T07:13:02.226Z <Buffer 61>
2023-09-21T07:13:02.227Z <Buffer 6c>
2023-09-21T07:13:02.228Z <Buffer 6c>
2023-09-21T07:13:02.229Z <Buffer 79>
2023-09-21T07:13:02.230Z <Buffer 20>
2023-09-21T07:13:02.232Z <Buffer 69>
2023-09-21T07:13:02.233Z <Buffer 6e>
2023-09-21T07:13:02.234Z <Buffer 20>
2023-09-21T07:13:02.235Z <Buffer 37>
2023-09-21T07:13:02.236Z <Buffer 73>
2023-09-21T07:13:02.237Z <Buffer 2e>
2023-09-21T07:13:02.238Z <Buffer 20>
2023-09-21T07:13:02.239Z <Buffer 20>
2023-09-21T07:13:02.240Z <Buffer 20>
2023-09-21T07:13:02.241Z <Buffer 20>
2023-09-21T07:13:02.242Z <Buffer 20>
2023-09-21T07:13:02.243Z <Buffer 20>
2023-09-21T07:13:02.244Z <Buffer 20>
2023-09-21T07:13:02.245Z <Buffer 20>
2023-09-21T07:13:02.246Z <Buffer 20>
2023-09-21T07:13:02.247Z <Buffer 20>
2023-09-21T07:13:02.248Z <Buffer 20>
2023-09-21T07:13:02.249Z <Buffer 20>
2023-09-21T07:13:02.250Z <Buffer 20>
2023-09-21T07:13:02.251Z <Buffer 20>
2023-09-21T07:13:02.252Z <Buffer 20>
2023-09-21T07:13:02.253Z <Buffer 20>
2023-09-21T07:13:02.254Z <Buffer 20>
2023-09-21T07:13:02.255Z <Buffer 1b>
2023-09-21T07:13:02.257Z <Buffer 5b>
2023-09-21T07:13:02.258Z <Buffer 35>
2023-09-21T07:13:02.259Z <Buffer 3b>
2023-09-21T07:13:02.260Z <Buffer 37>
2023-09-21T07:13:02.261Z <Buffer 38>
2023-09-21T07:13:02.262Z <Buffer 48>
2023-09-21T07:13:03.167Z <Buffer 1b>
2023-09-21T07:13:03.168Z <Buffer 5b>
2023-09-21T07:13:03.169Z <Buffer 32>
2023-09-21T07:13:03.170Z <Buffer 32>
2023-09-21T07:13:03.171Z <Buffer 3b>
2023-09-21T07:13:03.172Z <Buffer 31>
2023-09-21T07:13:03.173Z <Buffer 48>
2023-09-21T07:13:03.174Z <Buffer 20>
2023-09-21T07:13:03.175Z <Buffer 20>
2023-09-21T07:13:03.176Z <Buffer 20>
2023-09-21T07:13:03.177Z <Buffer 54>
2023-09-21T07:13:03.179Z <Buffer 68>
2023-09-21T07:13:03.180Z <Buffer 65>
2023-09-21T07:13:03.181Z <Buffer 20>
2023-09-21T07:13:03.182Z <Buffer 68>
2023-09-21T07:13:03.183Z <Buffer 69>
2023-09-21T07:13:03.184Z <Buffer 67>
2023-09-21T07:13:03.185Z <Buffer 68>
2023-09-21T07:13:03.186Z <Buffer 6c>
2023-09-21T07:13:03.187Z <Buffer 69>
2023-09-21T07:13:03.188Z <Buffer 67>
2023-09-21T07:13:03.189Z <Buffer 68>
2023-09-21T07:13:03.190Z <Buffer 74>
2023-09-21T07:13:03.191Z <Buffer 65>
2023-09-21T07:13:03.192Z <Buffer 64>
2023-09-21T07:13:03.193Z <Buffer 20>
2023-09-21T07:13:03.194Z <Buffer 65>
2023-09-21T07:13:03.195Z <Buffer 6e>
2023-09-21T07:13:03.196Z <Buffer 74>
2023-09-21T07:13:03.197Z <Buffer 72>
2023-09-21T07:13:03.198Z <Buffer 79>
2023-09-21T07:13:03.199Z <Buffer 20>
2023-09-21T07:13:03.201Z <Buffer 77>
2023-09-21T07:13:03.202Z <Buffer 69>
2023-09-21T07:13:03.202Z <Buffer 6c>
2023-09-21T07:13:03.203Z <Buffer 6c>
2023-09-21T07:13:03.205Z <Buffer 20>
2023-09-21T07:13:03.206Z <Buffer 62>
2023-09-21T07:13:03.207Z <Buffer 65>
2023-09-21T07:13:03.208Z <Buffer 20>
2023-09-21T07:13:03.209Z <Buffer 65>
2023-09-21T07:13:03.210Z <Buffer 78>
2023-09-21T07:13:03.211Z <Buffer 65>
2023-09-21T07:13:03.212Z <Buffer 63>
2023-09-21T07:13:03.213Z <Buffer 75>
2023-09-21T07:13:03.214Z <Buffer 74>
2023-09-21T07:13:03.215Z <Buffer 65>
2023-09-21T07:13:03.216Z <Buffer 64>
2023-09-21T07:13:03.217Z <Buffer 20>
2023-09-21T07:13:03.218Z <Buffer 61>
2023-09-21T07:13:03.219Z <Buffer 75>
2023-09-21T07:13:03.220Z <Buffer 74>
2023-09-21T07:13:03.221Z <Buffer 6f>
2023-09-21T07:13:03.222Z <Buffer 6d>
2023-09-21T07:13:03.223Z <Buffer 61>
2023-09-21T07:13:03.224Z <Buffer 74>
2023-09-21T07:13:03.225Z <Buffer 69>
2023-09-21T07:13:03.226Z <Buffer 63>
2023-09-21T07:13:03.227Z <Buffer 61>
2023-09-21T07:13:03.228Z <Buffer 6c>
2023-09-21T07:13:03.229Z <Buffer 6c>
2023-09-21T07:13:03.230Z <Buffer 79>
2023-09-21T07:13:03.232Z <Buffer 20>
2023-09-21T07:13:03.233Z <Buffer 69>
2023-09-21T07:13:03.234Z <Buffer 6e>
2023-09-21T07:13:03.235Z <Buffer 20>
2023-09-21T07:13:03.236Z <Buffer 36>
2023-09-21T07:13:03.237Z <Buffer 73>
2023-09-21T07:13:03.238Z <Buffer 2e>
2023-09-21T07:13:03.239Z <Buffer 20>
2023-09-21T07:13:03.240Z <Buffer 20>
2023-09-21T07:13:03.241Z <Buffer 20>
2023-09-21T07:13:03.242Z <Buffer 20>
2023-09-21T07:13:03.243Z <Buffer 20>
2023-09-21T07:13:03.244Z <Buffer 20>
2023-09-21T07:13:03.245Z <Buffer 20>
2023-09-21T07:13:03.246Z <Buffer 20>
2023-09-21T07:13:03.247Z <Buffer 20>
2023-09-21T07:13:03.248Z <Buffer 20>
2023-09-21T07:13:03.249Z <Buffer 20>
2023-09-21T07:13:03.250Z <Buffer 20>
2023-09-21T07:13:03.251Z <Buffer 20>
2023-09-21T07:13:03.252Z <Buffer 20>
2023-09-21T07:13:03.253Z <Buffer 20>
2023-09-21T07:13:03.254Z <Buffer 20>
2023-09-21T07:13:03.255Z <Buffer 20>
2023-09-21T07:13:03.256Z <Buffer 1b>
2023-09-21T07:13:03.257Z <Buffer 5b>
2023-09-21T07:13:03.259Z <Buffer 35>
2023-09-21T07:13:03.260Z <Buffer 3b>
2023-09-21T07:13:03.261Z <Buffer 37>
2023-09-21T07:13:03.262Z <Buffer 38>
2023-09-21T07:13:03.263Z <Buffer 48>
2023-09-21T07:13:04.168Z <Buffer 1b>
2023-09-21T07:13:04.170Z <Buffer 5b>
2023-09-21T07:13:04.170Z <Buffer 32>
2023-09-21T07:13:04.171Z <Buffer 32>
2023-09-21T07:13:04.172Z <Buffer 3b>
2023-09-21T07:13:04.173Z <Buffer 31>
2023-09-21T07:13:04.174Z <Buffer 48>
2023-09-21T07:13:04.176Z <Buffer 20>
2023-09-21T07:13:04.177Z <Buffer 20>
2023-09-21T07:13:04.178Z <Buffer 20>
2023-09-21T07:13:04.179Z <Buffer 54>
2023-09-21T07:13:04.180Z <Buffer 68>
2023-09-21T07:13:04.181Z <Buffer 65>
2023-09-21T07:13:04.182Z <Buffer 20>
2023-09-21T07:13:04.183Z <Buffer 68>
2023-09-21T07:13:04.184Z <Buffer 69>
2023-09-21T07:13:04.185Z <Buffer 67>
2023-09-21T07:13:04.186Z <Buffer 68>
2023-09-21T07:13:04.187Z <Buffer 6c>
2023-09-21T07:13:04.188Z <Buffer 69>
2023-09-21T07:13:04.189Z <Buffer 67>
2023-09-21T07:13:04.190Z <Buffer 68>
2023-09-21T07:13:04.191Z <Buffer 74>
2023-09-21T07:13:04.192Z <Buffer 65>
2023-09-21T07:13:04.193Z <Buffer 64>
2023-09-21T07:13:04.195Z <Buffer 20>
2023-09-21T07:13:04.196Z <Buffer 65>
2023-09-21T07:13:04.196Z <Buffer 6e>
2023-09-21T07:13:04.197Z <Buffer 74>
2023-09-21T07:13:04.198Z <Buffer 72>
2023-09-21T07:13:04.199Z <Buffer 79>
2023-09-21T07:13:04.200Z <Buffer 20>
2023-09-21T07:13:04.201Z <Buffer 77>
2023-09-21T07:13:04.202Z <Buffer 69>
2023-09-21T07:13:04.204Z <Buffer 6c>
2023-09-21T07:13:04.204Z <Buffer 6c>
2023-09-21T07:13:04.206Z <Buffer 20>
2023-09-21T07:13:04.207Z <Buffer 62>
2023-09-21T07:13:04.208Z <Buffer 65>
2023-09-21T07:13:04.209Z <Buffer 20>
2023-09-21T07:13:04.210Z <Buffer 65>
2023-09-21T07:13:04.211Z <Buffer 78>
2023-09-21T07:13:04.212Z <Buffer 65>
2023-09-21T07:13:04.213Z <Buffer 63>
2023-09-21T07:13:04.214Z <Buffer 75>
2023-09-21T07:13:04.215Z <Buffer 74>
2023-09-21T07:13:04.216Z <Buffer 65>
2023-09-21T07:13:04.217Z <Buffer 64>
2023-09-21T07:13:04.218Z <Buffer 20>
2023-09-21T07:13:04.219Z <Buffer 61>
2023-09-21T07:13:04.220Z <Buffer 75>
2023-09-21T07:13:04.221Z <Buffer 74>
2023-09-21T07:13:04.222Z <Buffer 6f>
2023-09-21T07:13:04.223Z <Buffer 6d>
2023-09-21T07:13:04.224Z <Buffer 61>
2023-09-21T07:13:04.225Z <Buffer 74>
2023-09-21T07:13:04.226Z <Buffer 69>
2023-09-21T07:13:04.227Z <Buffer 63>
2023-09-21T07:13:04.228Z <Buffer 61>
2023-09-21T07:13:04.229Z <Buffer 6c>
2023-09-21T07:13:04.230Z <Buffer 6c>
2023-09-21T07:13:04.231Z <Buffer 79>
2023-09-21T07:13:04.232Z <Buffer 20>
2023-09-21T07:13:04.233Z <Buffer 69>
2023-09-21T07:13:04.235Z <Buffer 6e>
2023-09-21T07:13:04.236Z <Buffer 20>
2023-09-21T07:13:04.237Z <Buffer 35>
2023-09-21T07:13:04.238Z <Buffer 73>
2023-09-21T07:13:04.239Z <Buffer 2e>
2023-09-21T07:13:04.240Z <Buffer 20>
2023-09-21T07:13:04.241Z <Buffer 20>
2023-09-21T07:13:04.242Z <Buffer 20>
2023-09-21T07:13:04.243Z <Buffer 20>
2023-09-21T07:13:04.244Z <Buffer 20>
2023-09-21T07:13:04.245Z <Buffer 20>
2023-09-21T07:13:04.246Z <Buffer 20>
2023-09-21T07:13:04.247Z <Buffer 20>
2023-09-21T07:13:04.248Z <Buffer 20>
2023-09-21T07:13:04.249Z <Buffer 20>
2023-09-21T07:13:04.250Z <Buffer 20>
2023-09-21T07:13:04.251Z <Buffer 20>
2023-09-21T07:13:04.252Z <Buffer 20>
2023-09-21T07:13:04.253Z <Buffer 20>
2023-09-21T07:13:04.254Z <Buffer 20>
2023-09-21T07:13:04.255Z <Buffer 20>
2023-09-21T07:13:04.256Z <Buffer 20>
2023-09-21T07:13:04.257Z <Buffer 1b>
2023-09-21T07:13:04.258Z <Buffer 5b>
2023-09-21T07:13:04.259Z <Buffer 35>
2023-09-21T07:13:04.261Z <Buffer 3b>
2023-09-21T07:13:04.262Z <Buffer 37>
2023-09-21T07:13:04.263Z <Buffer 38>
2023-09-21T07:13:04.264Z <Buffer 48>
